# JRE version: Java(TM) SE Runtime Environment (8.0_241-b07) (build 1.8.0_241-b07)
# Java VM: Java HotSpot(TM) 64-Bit Server VM (25.241-b07 mixed mode windows-amd64 compressed oops)
Heap:
 PSYoungGen      total 32768K, used 14548K [0x00000000eab00000, 0x00000000edb00000, 0x0000000100000000)
  eden space 22016K, 17% used [0x00000000eab00000,0x00000000eaeb5640,0x00000000ec080000)
  from space 10752K, 99% used [0x00000000ecd00000,0x00000000ed77fda0,0x00000000ed780000)
  to   space 12800K, 0% used [0x00000000ec080000,0x00000000ec080000,0x00000000ecd00000)
 ParOldGen       total 68608K, used 24130K [0x00000000c0000000, 0x00000000c4300000, 0x00000000eab00000)
  object space 68608K, 35% used [0x00000000c0000000,0x00000000c1790b98,0x00000000c4300000)
 Metaspace       used 32517K, capacity 34732K, committed 34816K, reserved 1079296K
  class space    used 3602K, capacity 4331K, committed 4352K, reserved 1048576K
GC Heap History (10 events):
Event: 4.066 GC heap before
{Heap before GC invocations=5 (full 1):
 PSYoungGen      total 29696K, used 4072K [0x00000000eab00000, 0x00000000ecc00000, 0x0000000100000000)
  eden space 25600K, 0% used [0x00000000eab00000,0x00000000eab00000,0x00000000ec400000)
  from space 4096K, 99% used [0x00000000ec800000,0x00000000ecbfa178,0x00000000ecc00000)
  to   space 4096K, 0% used [0x00000000ec400000,0x00000000ec400000,0x00000000ec800000)
 ParOldGen       total 68608K, used 22302K [0x00000000c0000000, 0x00000000c4300000, 0x00000000eab00000)
  object space 68608K, 32% used [0x00000000c0000000,0x00000000c15c78b0,0x00000000c4300000)
 Metaspace       used 20251K, capacity 21160K, committed 21296K, reserved 1069056K
  class space    used 2083K, capacity 2422K, committed 2432K, reserved 1048576K
Event: 4.160 GC heap after
Heap after GC invocations=5 (full 1):
 PSYoungGen      total 29696K, used 0K [0x00000000eab00000, 0x00000000ecc00000, 0x0000000100000000)
  eden space 25600K, 0% used [0x00000000eab00000,0x00000000eab00000,0x00000000ec400000)
  from space 4096K, 0% used [0x00000000ec800000,0x00000000ec800000,0x00000000ecc00000)
  to   space 4096K, 0% used [0x00000000ec400000,0x00000000ec400000,0x00000000ec800000)
 ParOldGen       total 68608K, used 17983K [0x00000000c0000000, 0x00000000c4300000, 0x00000000eab00000)
  object space 68608K, 26% used [0x00000000c0000000,0x00000000c118fc60,0x00000000c4300000)
 Metaspace       used 20251K, capacity 21160K, committed 21296K, reserved 1069056K
  class space    used 2083K, capacity 2422K, committed 2432K, reserved 1048576K
}
Event: 4.623 GC heap before
{Heap before GC invocations=6 (full 1):
 PSYoungGen      total 29696K, used 25600K [0x00000000eab00000, 0x00000000ecc00000, 0x0000000100000000)
  eden space 25600K, 100% used [0x00000000eab00000,0x00000000ec400000,0x00000000ec400000)
  from space 4096K, 0% used [0x00000000ec800000,0x00000000ec800000,0x00000000ecc00000)
  to   space 4096K, 0% used [0x00000000ec400000,0x00000000ec400000,0x00000000ec800000)
 ParOldGen       total 68608K, used 17983K [0x00000000c0000000, 0x00000000c4300000, 0x00000000eab00000)
  object space 68608K, 26% used [0x00000000c0000000,0x00000000c118fc60,0x00000000c4300000)
 Metaspace       used 23586K, capacity 24606K, committed 24960K, reserved 1071104K
  class space    used 2519K, capacity 2883K, committed 2944K, reserved 1048576K
Event: 4.627 GC heap after
Heap after GC invocations=6 (full 1):
 PSYoungGen      total 29184K, used 4084K [0x00000000eab00000, 0x00000000ecf80000, 0x0000000100000000)
  eden space 25088K, 0% used [0x00000000eab00000,0x00000000eab00000,0x00000000ec380000)
  from space 4096K, 99% used [0x00000000ec400000,0x00000000ec7fd118,0x00000000ec800000)
  to   space 6144K, 0% used [0x00000000ec980000,0x00000000ec980000,0x00000000ecf80000)
 ParOldGen       total 68608K, used 19032K [0x00000000c0000000, 0x00000000c4300000, 0x00000000eab00000)
  object space 68608K, 27% used [0x00000000c0000000,0x00000000c1296020,0x00000000c4300000)
 Metaspace       used 23586K, capacity 24606K, committed 24960K, reserved 1071104K
  class space    used 2519K, capacity 2883K, committed 2944K, reserved 1048576K
}
Event: 5.257 GC heap before
{Heap before GC invocations=7 (full 1):
 PSYoungGen      total 29184K, used 29172K [0x00000000eab00000, 0x00000000ecf80000, 0x0000000100000000)
  eden space 25088K, 100% used [0x00000000eab00000,0x00000000ec380000,0x00000000ec380000)
  from space 4096K, 99% used [0x00000000ec400000,0x00000000ec7fd118,0x00000000ec800000)
  to   space 6144K, 0% used [0x00000000ec980000,0x00000000ec980000,0x00000000ecf80000)
 ParOldGen       total 68608K, used 19032K [0x00000000c0000000, 0x00000000c4300000, 0x00000000eab00000)
  object space 68608K, 27% used [0x00000000c0000000,0x00000000c1296020,0x00000000c4300000)
 Metaspace       used 25387K, capacity 26698K, committed 26752K, reserved 1073152K
  class space    used 2760K, capacity 3198K, committed 3200K, reserved 1048576K
Event: 5.264 GC heap after
Heap after GC invocations=7 (full 1):
 PSYoungGen      total 29696K, used 5042K [0x00000000eab00000, 0x00000000ece80000, 0x0000000100000000)
  eden space 24576K, 0% used [0x00000000eab00000,0x00000000eab00000,0x00000000ec300000)
  from space 5120K, 98% used [0x00000000ec980000,0x00000000ece6c9a8,0x00000000ece80000)
  to   space 5632K, 0% used [0x00000000ec380000,0x00000000ec380000,0x00000000ec900000)
 ParOldGen       total 68608K, used 19040K [0x00000000c0000000, 0x00000000c4300000, 0x00000000eab00000)
  object space 68608K, 27% used [0x00000000c0000000,0x00000000c1298020,0x00000000c4300000)
 Metaspace       used 25387K, capacity 26698K, committed 26752K, reserved 1073152K
  class space    used 2760K, capacity 3198K, committed 3200K, reserved 1048576K
}
Event: 6.092 GC heap before
{Heap before GC invocations=8 (full 1):
 PSYoungGen      total 29696K, used 29618K [0x00000000eab00000, 0x00000000ece80000, 0x0000000100000000)
  eden space 24576K, 100% used [0x00000000eab00000,0x00000000ec300000,0x00000000ec300000)
  from space 5120K, 98% used [0x00000000ec980000,0x00000000ece6c9a8,0x00000000ece80000)
  to   space 5632K, 0% used [0x00000000ec380000,0x00000000ec380000,0x00000000ec900000)
 ParOldGen       total 68608K, used 19040K [0x00000000c0000000, 0x00000000c4300000, 0x00000000eab00000)
  object space 68608K, 27% used [0x00000000c0000000,0x00000000c1298020,0x00000000c4300000)
 Metaspace       used 28848K, capacity 30540K, committed 30720K, reserved 1077248K
  class space    used 3144K, capacity 3736K, committed 3840K, reserved 1048576K
Event: 6.103 GC heap after
Heap after GC invocations=8 (full 1):
 PSYoungGen      total 29696K, used 5630K [0x00000000eab00000, 0x00000000ed780000, 0x0000000100000000)
  eden space 24064K, 0% used [0x00000000eab00000,0x00000000eab00000,0x00000000ec280000)
  from space 5632K, 99% used [0x00000000ec380000,0x00000000ec8ffb98,0x00000000ec900000)
  to   space 10752K, 0% used [0x00000000ecd00000,0x00000000ecd00000,0x00000000ed780000)
 ParOldGen       total 68608K, used 22998K [0x00000000c0000000, 0x00000000c4300000, 0x00000000eab00000)
  object space 68608K, 33% used [0x00000000c0000000,0x00000000c1675988,0x00000000c4300000)
 Metaspace       used 28848K, capacity 30540K, committed 30720K, reserved 1077248K
  class space    used 3144K, capacity 3736K, committed 3840K, reserved 1048576K
}
Event: 7.099 GC heap before
{Heap before GC invocations=9 (full 1):
 PSYoungGen      total 29696K, used 29694K [0x00000000eab00000, 0x00000000ed780000, 0x0000000100000000)
  eden space 24064K, 100% used [0x00000000eab00000,0x00000000ec280000,0x00000000ec280000)
  from space 5632K, 99% used [0x00000000ec380000,0x00000000ec8ffb98,0x00000000ec900000)
  to   space 10752K, 0% used [0x00000000ecd00000,0x00000000ecd00000,0x00000000ed780000)
 ParOldGen       total 68608K, used 22998K [0x00000000c0000000, 0x00000000c4300000, 0x00000000eab00000)
  object space 68608K, 33% used [0x00000000c0000000,0x00000000c1675988,0x00000000c4300000)
 Metaspace       used 32323K, capacity 34460K, committed 34560K, reserved 1079296K
  class space    used 3575K, capacity 4259K, committed 4352K, reserved 1048576K
Event: 7.129 GC heap after
Heap after GC invocations=9 (full 1):
 PSYoungGen      total 32768K, used 10751K [0x00000000eab00000, 0x00000000edb00000, 0x0000000100000000)
  eden space 22016K, 0% used [0x00000000eab00000,0x00000000eab00000,0x00000000ec080000)
  from space 10752K, 99% used [0x00000000ecd00000,0x00000000ed77fda0,0x00000000ed780000)
  to   space 12800K, 0% used [0x00000000ec080000,0x00000000ec080000,0x00000000ecd00000)
 ParOldGen       total 68608K, used 24130K [0x00000000c0000000, 0x00000000c4300000, 0x00000000eab00000)
  object space 68608K, 35% used [0x00000000c0000000,0x00000000c1790b98,0x00000000c4300000)
 Metaspace       used 32323K, capacity 34460K, committed 34560K, reserved 1079296K
  class space    used 3575K, capacity 4259K, committed 4352K, reserved 1048576K
}

