# JRE version: Java(TM) SE Runtime Environment (11.0.6+8) (build 11.0.6+8-LTS)
# Java VM: Java HotSpot(TM) 64-Bit Server VM (11.0.6+8-LTS, mixed mode, tiered, compressed oops, parallel gc, windows-amd64)
Heap:
 PSYoungGen      total 10752K, used 5213K [0x00000000eab00000, 0x00000000eb680000, 0x0000000100000000)
  eden space 9728K, 43% used [0x00000000eab00000,0x00000000eaf1e3d0,0x00000000eb480000)
  from space 1024K, 97% used [0x00000000eb580000,0x00000000eb6793c8,0x00000000eb680000)
  to   space 1024K, 0% used [0x00000000eb480000,0x00000000eb480000,0x00000000eb580000)
 ParOldGen       total 162304K, used 139466K [0x00000000c0000000, 0x00000000c9e80000, 0x00000000eab00000)
  object space 162304K, 85% used [0x00000000c0000000,0x00000000c8832ba8,0x00000000c9e80000)
 Metaspace       used 55265K, capacity 57937K, committed 58160K, reserved 1101824K
  class space    used 5521K, capacity 6522K, committed 6528K, reserved 1048576K
GC Heap History (10 events):
Event: 72.417 GC heap before
{Heap before GC invocations=87 (full 5):
 PSYoungGen      total 11264K, used 10784K [0x00000000eab00000, 0x00000000eb780000, 0x0000000100000000)
  eden space 9728K, 100% used [0x00000000eab00000,0x00000000eb480000,0x00000000eb480000)
  from space 1536K, 68% used [0x00000000eb600000,0x00000000eb708000,0x00000000eb780000)
  to   space 1536K, 0% used [0x00000000eb480000,0x00000000eb480000,0x00000000eb600000)
 ParOldGen       total 140288K, used 135043K [0x00000000c0000000, 0x00000000c8900000, 0x00000000eab00000)
  object space 140288K, 96% used [0x00000000c0000000,0x00000000c83e0ec0,0x00000000c8900000)
 Metaspace       used 55264K, capacity 57937K, committed 58160K, reserved 1101824K
  class space    used 5521K, capacity 6522K, committed 6528K, reserved 1048576K
}
Event: 72.420 GC heap after
{Heap after GC invocations=87 (full 5):
 PSYoungGen      total 11264K, used 1280K [0x00000000eab00000, 0x00000000eb780000, 0x0000000100000000)
  eden space 9728K, 0% used [0x00000000eab00000,0x00000000eab00000,0x00000000eb480000)
  from space 1536K, 83% used [0x00000000eb480000,0x00000000eb5c0000,0x00000000eb600000)
  to   space 1536K, 0% used [0x00000000eb600000,0x00000000eb600000,0x00000000eb780000)
 ParOldGen       total 140288K, used 136051K [0x00000000c0000000, 0x00000000c8900000, 0x00000000eab00000)
  object space 140288K, 96% used [0x00000000c0000000,0x00000000c84dcec0,0x00000000c8900000)
 Metaspace       used 55264K, capacity 57937K, committed 58160K, reserved 1101824K
  class space    used 5521K, capacity 6522K, committed 6528K, reserved 1048576K
}
Event: 72.479 GC heap before
{Heap before GC invocations=88 (full 5):
 PSYoungGen      total 11264K, used 11008K [0x00000000eab00000, 0x00000000eb780000, 0x0000000100000000)
  eden space 9728K, 100% used [0x00000000eab00000,0x00000000eb480000,0x00000000eb480000)
  from space 1536K, 83% used [0x00000000eb480000,0x00000000eb5c0000,0x00000000eb600000)
  to   space 1536K, 0% used [0x00000000eb600000,0x00000000eb600000,0x00000000eb780000)
 ParOldGen       total 140288K, used 136051K [0x00000000c0000000, 0x00000000c8900000, 0x00000000eab00000)
  object space 140288K, 96% used [0x00000000c0000000,0x00000000c84dcec0,0x00000000c8900000)
 Metaspace       used 55264K, capacity 57937K, committed 58160K, reserved 1101824K
  class space    used 5521K, capacity 6522K, committed 6528K, reserved 1048576K
}
Event: 72.484 GC heap after
{Heap after GC invocations=88 (full 5):
 PSYoungGen      total 11264K, used 1152K [0x00000000eab00000, 0x00000000eb780000, 0x0000000100000000)
  eden space 9728K, 0% used [0x00000000eab00000,0x00000000eab00000,0x00000000eb480000)
  from space 1536K, 75% used [0x00000000eb600000,0x00000000eb720000,0x00000000eb780000)
  to   space 1536K, 0% used [0x00000000eb480000,0x00000000eb480000,0x00000000eb600000)
 ParOldGen       total 140288K, used 137291K [0x00000000c0000000, 0x00000000c8900000, 0x00000000eab00000)
  object space 140288K, 97% used [0x00000000c0000000,0x00000000c8612ec0,0x00000000c8900000)
 Metaspace       used 55264K, capacity 57937K, committed 58160K, reserved 1101824K
  class space    used 5521K, capacity 6522K, committed 6528K, reserved 1048576K
}
Event: 72.507 GC heap before
{Heap before GC invocations=89 (full 5):
 PSYoungGen      total 11264K, used 10880K [0x00000000eab00000, 0x00000000eb780000, 0x0000000100000000)
  eden space 9728K, 100% used [0x00000000eab00000,0x00000000eb480000,0x00000000eb480000)
  from space 1536K, 75% used [0x00000000eb600000,0x00000000eb720000,0x00000000eb780000)
  to   space 1536K, 0% used [0x00000000eb480000,0x00000000eb480000,0x00000000eb600000)
 ParOldGen       total 140288K, used 137291K [0x00000000c0000000, 0x00000000c8900000, 0x00000000eab00000)
  object space 140288K, 97% used [0x00000000c0000000,0x00000000c8612ec0,0x00000000c8900000)
 Metaspace       used 55264K, capacity 57937K, committed 58160K, reserved 1101824K
  class space    used 5521K, capacity 6522K, committed 6528K, reserved 1048576K
}
Event: 72.512 GC heap after
{Heap after GC invocations=89 (full 5):
 PSYoungGen      total 11264K, used 1088K [0x00000000eab00000, 0x00000000eb780000, 0x0000000100000000)
  eden space 9728K, 0% used [0x00000000eab00000,0x00000000eab00000,0x00000000eb480000)
  from space 1536K, 70% used [0x00000000eb480000,0x00000000eb590000,0x00000000eb600000)
  to   space 1536K, 0% used [0x00000000eb600000,0x00000000eb600000,0x00000000eb780000)
 ParOldGen       total 140288K, used 138403K [0x00000000c0000000, 0x00000000c8900000, 0x00000000eab00000)
  object space 140288K, 98% used [0x00000000c0000000,0x00000000c8728ec0,0x00000000c8900000)
 Metaspace       used 55264K, capacity 57937K, committed 58160K, reserved 1101824K
  class space    used 5521K, capacity 6522K, committed 6528K, reserved 1048576K
}
Event: 72.570 GC heap before
{Heap before GC invocations=90 (full 5):
 PSYoungGen      total 11264K, used 10816K [0x00000000eab00000, 0x00000000eb780000, 0x0000000100000000)
  eden space 9728K, 100% used [0x00000000eab00000,0x00000000eb480000,0x00000000eb480000)
  from space 1536K, 70% used [0x00000000eb480000,0x00000000eb590000,0x00000000eb600000)
  to   space 1536K, 0% used [0x00000000eb600000,0x00000000eb600000,0x00000000eb780000)
 ParOldGen       total 140288K, used 138403K [0x00000000c0000000, 0x00000000c8900000, 0x00000000eab00000)
  object space 140288K, 98% used [0x00000000c0000000,0x00000000c8728ec0,0x00000000c8900000)
 Metaspace       used 55264K, capacity 57937K, committed 58160K, reserved 1101824K
  class space    used 5521K, capacity 6522K, committed 6528K, reserved 1048576K
}
Event: 72.574 GC heap after
{Heap after GC invocations=90 (full 5):
 PSYoungGen      total 11264K, used 1392K [0x00000000eab00000, 0x00000000eb780000, 0x0000000100000000)
  eden space 9728K, 0% used [0x00000000eab00000,0x00000000eab00000,0x00000000eb480000)
  from space 1536K, 90% used [0x00000000eb600000,0x00000000eb75c010,0x00000000eb780000)
  to   space 1536K, 0% used [0x00000000eb480000,0x00000000eb480000,0x00000000eb600000)
 ParOldGen       total 140288K, used 139443K [0x00000000c0000000, 0x00000000c8900000, 0x00000000eab00000)
  object space 140288K, 99% used [0x00000000c0000000,0x00000000c882cec0,0x00000000c8900000)
 Metaspace       used 55264K, capacity 57937K, committed 58160K, reserved 1101824K
  class space    used 5521K, capacity 6522K, committed 6528K, reserved 1048576K
}
Event: 72.574 GC heap before
{Heap before GC invocations=91 (full 6):
 PSYoungGen      total 11264K, used 1392K [0x00000000eab00000, 0x00000000eb780000, 0x0000000100000000)
  eden space 9728K, 0% used [0x00000000eab00000,0x00000000eab00000,0x00000000eb480000)
  from space 1536K, 90% used [0x00000000eb600000,0x00000000eb75c010,0x00000000eb780000)
  to   space 1536K, 0% used [0x00000000eb480000,0x00000000eb480000,0x00000000eb600000)
 ParOldGen       total 140288K, used 139443K [0x00000000c0000000, 0x00000000c8900000, 0x00000000eab00000)
  object space 140288K, 99% used [0x00000000c0000000,0x00000000c882cec0,0x00000000c8900000)
 Metaspace       used 55264K, capacity 57937K, committed 58160K, reserved 1101824K
  class space    used 5521K, capacity 6522K, committed 6528K, reserved 1048576K
}
Event: 72.853 GC heap after
{Heap after GC invocations=91 (full 6):
 PSYoungGen      total 11264K, used 0K [0x00000000eab00000, 0x00000000eb780000, 0x0000000100000000)
  eden space 9728K, 0% used [0x00000000eab00000,0x00000000eab00000,0x00000000eb480000)
  from space 1536K, 0% used [0x00000000eb480000,0x00000000eb480000,0x00000000eb600000)
  to   space 1536K, 0% used [0x00000000eb600000,0x00000000eb600000,0x00000000eb780000)
 ParOldGen       total 162304K, used 137634K [0x00000000c0000000, 0x00000000c9e80000, 0x00000000eab00000)
  object space 162304K, 84% used [0x00000000c0000000,0x00000000c8668ba8,0x00000000c9e80000)
 Metaspace       used 55264K, capacity 57937K, committed 58160K, reserved 1101824K
  class space    used 5521K, capacity 6522K, committed 6528K, reserved 1048576K
}

