# JRE version: Java(TM) SE Runtime Environment (11.0.6+8) (build 11.0.6+8-LTS)
# Java VM: Java HotSpot(TM) 64-Bit Server VM (11.0.6+8-LTS, mixed mode, tiered, compressed oops, parallel gc, windows-amd64)
Heap:
 PSYoungGen      total 20992K, used 15929K [0x00000000eab00000, 0x00000000ec680000, 0x0000000100000000)
  eden space 18944K, 73% used [0x00000000eab00000,0x00000000eb896538,0x00000000ebd80000)
  from space 2048K, 98% used [0x00000000ebd80000,0x00000000ebf78008,0x00000000ebf80000)
  to   space 4608K, 0% used [0x00000000ec200000,0x00000000ec200000,0x00000000ec680000)
 ParOldGen       total 68608K, used 65476K [0x00000000c0000000, 0x00000000c4300000, 0x00000000eab00000)
  object space 68608K, 95% used [0x00000000c0000000,0x00000000c3ff13d8,0x00000000c4300000)
 Metaspace       used 46156K, capacity 48378K, committed 48432K, reserved 1091584K
  class space    used 4597K, capacity 5474K, committed 5504K, reserved 1048576K
GC Heap History (10 events):
Event: 16.568 GC heap before
{Heap before GC invocations=29 (full 2):
 PSYoungGen      total 21504K, used 21488K [0x00000000eab00000, 0x00000000ecb80000, 0x0000000100000000)
  eden space 18944K, 100% used [0x00000000eab00000,0x00000000ebd80000,0x00000000ebd80000)
  from space 2560K, 99% used [0x00000000ec300000,0x00000000ec57c008,0x00000000ec580000)
  to   space 5632K, 0% used [0x00000000ebd80000,0x00000000ebd80000,0x00000000ec300000)
 ParOldGen       total 68608K, used 55826K [0x00000000c0000000, 0x00000000c4300000, 0x00000000eab00000)
  object space 68608K, 81% used [0x00000000c0000000,0x00000000c36849b8,0x00000000c4300000)
 Metaspace       used 46117K, capacity 48378K, committed 48432K, reserved 1091584K
  class space    used 4594K, capacity 5474K, committed 5504K, reserved 1048576K
}
Event: 16.575 GC heap after
{Heap after GC invocations=29 (full 2):
 PSYoungGen      total 20992K, used 1568K [0x00000000eab00000, 0x00000000ec380000, 0x0000000100000000)
  eden space 18944K, 0% used [0x00000000eab00000,0x00000000eab00000,0x00000000ebd80000)
  from space 2048K, 76% used [0x00000000ebd80000,0x00000000ebf08000,0x00000000ebf80000)
  to   space 3072K, 0% used [0x00000000ec080000,0x00000000ec080000,0x00000000ec380000)
 ParOldGen       total 68608K, used 58378K [0x00000000c0000000, 0x00000000c4300000, 0x00000000eab00000)
  object space 68608K, 85% used [0x00000000c0000000,0x00000000c39029c0,0x00000000c4300000)
 Metaspace       used 46117K, capacity 48378K, committed 48432K, reserved 1091584K
  class space    used 4594K, capacity 5474K, committed 5504K, reserved 1048576K
}
Event: 16.937 GC heap before
{Heap before GC invocations=30 (full 2):
 PSYoungGen      total 20992K, used 20512K [0x00000000eab00000, 0x00000000ec380000, 0x0000000100000000)
  eden space 18944K, 100% used [0x00000000eab00000,0x00000000ebd80000,0x00000000ebd80000)
  from space 2048K, 76% used [0x00000000ebd80000,0x00000000ebf08000,0x00000000ebf80000)
  to   space 3072K, 0% used [0x00000000ec080000,0x00000000ec080000,0x00000000ec380000)
 ParOldGen       total 68608K, used 58378K [0x00000000c0000000, 0x00000000c4300000, 0x00000000eab00000)
  object space 68608K, 85% used [0x00000000c0000000,0x00000000c39029c0,0x00000000c4300000)
 Metaspace       used 46118K, capacity 48378K, committed 48432K, reserved 1091584K
  class space    used 4594K, capacity 5474K, committed 5504K, reserved 1048576K
}
Event: 16.941 GC heap after
{Heap after GC invocations=30 (full 2):
 PSYoungGen      total 20992K, used 1787K [0x00000000eab00000, 0x00000000ec280000, 0x0000000100000000)
  eden space 18944K, 0% used [0x00000000eab00000,0x00000000eab00000,0x00000000ebd80000)
  from space 2048K, 87% used [0x00000000ec080000,0x00000000ec23ec08,0x00000000ec280000)
  to   space 2048K, 0% used [0x00000000ebd80000,0x00000000ebd80000,0x00000000ebf80000)
 ParOldGen       total 68608K, used 59922K [0x00000000c0000000, 0x00000000c4300000, 0x00000000eab00000)
  object space 68608K, 87% used [0x00000000c0000000,0x00000000c3a849c0,0x00000000c4300000)
 Metaspace       used 46118K, capacity 48378K, committed 48432K, reserved 1091584K
  class space    used 4594K, capacity 5474K, committed 5504K, reserved 1048576K
}
Event: 17.360 GC heap before
{Heap before GC invocations=31 (full 2):
 PSYoungGen      total 20992K, used 20731K [0x00000000eab00000, 0x00000000ec280000, 0x0000000100000000)
  eden space 18944K, 100% used [0x00000000eab00000,0x00000000ebd80000,0x00000000ebd80000)
  from space 2048K, 87% used [0x00000000ec080000,0x00000000ec23ec08,0x00000000ec280000)
  to   space 2048K, 0% used [0x00000000ebd80000,0x00000000ebd80000,0x00000000ebf80000)
 ParOldGen       total 68608K, used 59922K [0x00000000c0000000, 0x00000000c4300000, 0x00000000eab00000)
  object space 68608K, 87% used [0x00000000c0000000,0x00000000c3a849c0,0x00000000c4300000)
 Metaspace       used 46119K, capacity 48378K, committed 48432K, reserved 1091584K
  class space    used 4594K, capacity 5474K, committed 5504K, reserved 1048576K
}
Event: 17.370 GC heap after
{Heap after GC invocations=31 (full 2):
 PSYoungGen      total 20992K, used 1824K [0x00000000eab00000, 0x00000000ec180000, 0x0000000100000000)
  eden space 18944K, 0% used [0x00000000eab00000,0x00000000eab00000,0x00000000ebd80000)
  from space 2048K, 89% used [0x00000000ebd80000,0x00000000ebf48000,0x00000000ebf80000)
  to   space 2048K, 0% used [0x00000000ebf80000,0x00000000ebf80000,0x00000000ec180000)
 ParOldGen       total 68608K, used 61672K [0x00000000c0000000, 0x00000000c4300000, 0x00000000eab00000)
  object space 68608K, 89% used [0x00000000c0000000,0x00000000c3c3a1d0,0x00000000c4300000)
 Metaspace       used 46119K, capacity 48378K, committed 48432K, reserved 1091584K
  class space    used 4594K, capacity 5474K, committed 5504K, reserved 1048576K
}
Event: 17.639 GC heap before
{Heap before GC invocations=32 (full 2):
 PSYoungGen      total 20992K, used 20768K [0x00000000eab00000, 0x00000000ec180000, 0x0000000100000000)
  eden space 18944K, 100% used [0x00000000eab00000,0x00000000ebd80000,0x00000000ebd80000)
  from space 2048K, 89% used [0x00000000ebd80000,0x00000000ebf48000,0x00000000ebf80000)
  to   space 2048K, 0% used [0x00000000ebf80000,0x00000000ebf80000,0x00000000ec180000)
 ParOldGen       total 68608K, used 61672K [0x00000000c0000000, 0x00000000c4300000, 0x00000000eab00000)
  object space 68608K, 89% used [0x00000000c0000000,0x00000000c3c3a1d0,0x00000000c4300000)
 Metaspace       used 46146K, capacity 48378K, committed 48432K, reserved 1091584K
  class space    used 4596K, capacity 5474K, committed 5504K, reserved 1048576K
}
Event: 17.651 GC heap after
{Heap after GC invocations=32 (full 2):
 PSYoungGen      total 20992K, used 1696K [0x00000000eab00000, 0x00000000ec180000, 0x0000000100000000)
  eden space 18944K, 0% used [0x00000000eab00000,0x00000000eab00000,0x00000000ebd80000)
  from space 2048K, 82% used [0x00000000ebf80000,0x00000000ec128000,0x00000000ec180000)
  to   space 2048K, 0% used [0x00000000ebd80000,0x00000000ebd80000,0x00000000ebf80000)
 ParOldGen       total 68608K, used 63504K [0x00000000c0000000, 0x00000000c4300000, 0x00000000eab00000)
  object space 68608K, 92% used [0x00000000c0000000,0x00000000c3e041d0,0x00000000c4300000)
 Metaspace       used 46146K, capacity 48378K, committed 48432K, reserved 1091584K
  class space    used 4596K, capacity 5474K, committed 5504K, reserved 1048576K
}
Event: 18.453 GC heap before
{Heap before GC invocations=33 (full 2):
 PSYoungGen      total 20992K, used 20640K [0x00000000eab00000, 0x00000000ec180000, 0x0000000100000000)
  eden space 18944K, 100% used [0x00000000eab00000,0x00000000ebd80000,0x00000000ebd80000)
  from space 2048K, 82% used [0x00000000ebf80000,0x00000000ec128000,0x00000000ec180000)
  to   space 2048K, 0% used [0x00000000ebd80000,0x00000000ebd80000,0x00000000ebf80000)
 ParOldGen       total 68608K, used 63504K [0x00000000c0000000, 0x00000000c4300000, 0x00000000eab00000)
  object space 68608K, 92% used [0x00000000c0000000,0x00000000c3e041d0,0x00000000c4300000)
 Metaspace       used 46146K, capacity 48378K, committed 48432K, reserved 1091584K
  class space    used 4596K, capacity 5474K, committed 5504K, reserved 1048576K
}
Event: 18.458 GC heap after
{Heap after GC invocations=33 (full 2):
 PSYoungGen      total 20992K, used 2016K [0x00000000eab00000, 0x00000000ec680000, 0x0000000100000000)
  eden space 18944K, 0% used [0x00000000eab00000,0x00000000eab00000,0x00000000ebd80000)
  from space 2048K, 98% used [0x00000000ebd80000,0x00000000ebf78008,0x00000000ebf80000)
  to   space 4608K, 0% used [0x00000000ec200000,0x00000000ec200000,0x00000000ec680000)
 ParOldGen       total 68608K, used 65476K [0x00000000c0000000, 0x00000000c4300000, 0x00000000eab00000)
  object space 68608K, 95% used [0x00000000c0000000,0x00000000c3ff13d8,0x00000000c4300000)
 Metaspace       used 46146K, capacity 48378K, committed 48432K, reserved 1091584K
  class space    used 4596K, capacity 5474K, committed 5504K, reserved 1048576K
}

