# JRE version: Java(TM) SE Runtime Environment (8.0_241-b07) (build 1.8.0_241-b07)
# Java VM: Java HotSpot(TM) 64-Bit Server VM (25.241-b07 mixed mode windows-amd64 compressed oops)
Heap:
 PSYoungGen      total 35840K, used 1089K [0x00000000eab00000, 0x00000000ece80000, 0x0000000100000000)
  eden space 35328K, 1% used [0x00000000eab00000,0x00000000eabb07f8,0x00000000ecd80000)
  from space 512K, 75% used [0x00000000ece00000,0x00000000ece60000,0x00000000ece80000)
  to   space 512K, 0% used [0x00000000ecd80000,0x00000000ecd80000,0x00000000ece00000)
 ParOldGen       total 131072K, used 78686K [0x00000000c0000000, 0x00000000c8000000, 0x00000000eab00000)
  object space 131072K, 60% used [0x00000000c0000000,0x00000000c4cd7880,0x00000000c8000000)
 Metaspace       used 38220K, capacity 40908K, committed 41216K, reserved 1085440K
  class space    used 4167K, capacity 5025K, committed 5120K, reserved 1048576K
GC Heap History (10 events):
Event: 61.546 GC heap before
{Heap before GC invocations=44 (full 5):
 PSYoungGen      total 33792K, used 33664K [0x00000000eab00000, 0x00000000ece80000, 0x0000000100000000)
  eden space 33280K, 100% used [0x00000000eab00000,0x00000000ecb80000,0x00000000ecb80000)
  from space 512K, 75% used [0x00000000ece00000,0x00000000ece60000,0x00000000ece80000)
  to   space 512K, 0% used [0x00000000ecd80000,0x00000000ecd80000,0x00000000ece00000)
 ParOldGen       total 131072K, used 78510K [0x00000000c0000000, 0x00000000c8000000, 0x00000000eab00000)
  object space 131072K, 59% used [0x00000000c0000000,0x00000000c4cab880,0x00000000c8000000)
 Metaspace       used 38206K, capacity 40908K, committed 41216K, reserved 1085440K
  class space    used 4167K, capacity 5025K, committed 5120K, reserved 1048576K
Event: 61.548 GC heap after
Heap after GC invocations=44 (full 5):
 PSYoungGen      total 35840K, used 416K [0x00000000eab00000, 0x00000000ece80000, 0x0000000100000000)
  eden space 35328K, 0% used [0x00000000eab00000,0x00000000eab00000,0x00000000ecd80000)
  from space 512K, 81% used [0x00000000ecd80000,0x00000000ecde8000,0x00000000ece00000)
  to   space 512K, 0% used [0x00000000ece00000,0x00000000ece00000,0x00000000ece80000)
 ParOldGen       total 131072K, used 78510K [0x00000000c0000000, 0x00000000c8000000, 0x00000000eab00000)
  object space 131072K, 59% used [0x00000000c0000000,0x00000000c4cab880,0x00000000c8000000)
 Metaspace       used 38206K, capacity 40908K, committed 41216K, reserved 1085440K
  class space    used 4167K, capacity 5025K, committed 5120K, reserved 1048576K
}
Event: 63.947 GC heap before
{Heap before GC invocations=45 (full 5):
 PSYoungGen      total 35840K, used 35744K [0x00000000eab00000, 0x00000000ece80000, 0x0000000100000000)
  eden space 35328K, 100% used [0x00000000eab00000,0x00000000ecd80000,0x00000000ecd80000)
  from space 512K, 81% used [0x00000000ecd80000,0x00000000ecde8000,0x00000000ece00000)
  to   space 512K, 0% used [0x00000000ece00000,0x00000000ece00000,0x00000000ece80000)
 ParOldGen       total 131072K, used 78510K [0x00000000c0000000, 0x00000000c8000000, 0x00000000eab00000)
  object space 131072K, 59% used [0x00000000c0000000,0x00000000c4cab880,0x00000000c8000000)
 Metaspace       used 38208K, capacity 40908K, committed 41216K, reserved 1085440K
  class space    used 4167K, capacity 5025K, committed 5120K, reserved 1048576K
Event: 63.949 GC heap after
Heap after GC invocations=45 (full 5):
 PSYoungGen      total 35328K, used 352K [0x00000000eab00000, 0x00000000ece80000, 0x0000000100000000)
  eden space 34816K, 0% used [0x00000000eab00000,0x00000000eab00000,0x00000000ecd00000)
  from space 512K, 68% used [0x00000000ece00000,0x00000000ece58000,0x00000000ece80000)
  to   space 512K, 0% used [0x00000000ecd80000,0x00000000ecd80000,0x00000000ece00000)
 ParOldGen       total 131072K, used 78582K [0x00000000c0000000, 0x00000000c8000000, 0x00000000eab00000)
  object space 131072K, 59% used [0x00000000c0000000,0x00000000c4cbd880,0x00000000c8000000)
 Metaspace       used 38208K, capacity 40908K, committed 41216K, reserved 1085440K
  class space    used 4167K, capacity 5025K, committed 5120K, reserved 1048576K
}
Event: 65.363 GC heap before
{Heap before GC invocations=46 (full 5):
 PSYoungGen      total 35328K, used 35168K [0x00000000eab00000, 0x00000000ece80000, 0x0000000100000000)
  eden space 34816K, 100% used [0x00000000eab00000,0x00000000ecd00000,0x00000000ecd00000)
  from space 512K, 68% used [0x00000000ece00000,0x00000000ece58000,0x00000000ece80000)
  to   space 512K, 0% used [0x00000000ecd80000,0x00000000ecd80000,0x00000000ece00000)
 ParOldGen       total 131072K, used 78582K [0x00000000c0000000, 0x00000000c8000000, 0x00000000eab00000)
  object space 131072K, 59% used [0x00000000c0000000,0x00000000c4cbd880,0x00000000c8000000)
 Metaspace       used 38208K, capacity 40908K, committed 41216K, reserved 1085440K
  class space    used 4167K, capacity 5025K, committed 5120K, reserved 1048576K
Event: 65.365 GC heap after
Heap after GC invocations=46 (full 5):
 PSYoungGen      total 34816K, used 352K [0x00000000eab00000, 0x00000000ece80000, 0x0000000100000000)
  eden space 34304K, 0% used [0x00000000eab00000,0x00000000eab00000,0x00000000ecc80000)
  from space 512K, 68% used [0x00000000ecd80000,0x00000000ecdd8000,0x00000000ece00000)
  to   space 512K, 0% used [0x00000000ece00000,0x00000000ece00000,0x00000000ece80000)
 ParOldGen       total 131072K, used 78614K [0x00000000c0000000, 0x00000000c8000000, 0x00000000eab00000)
  object space 131072K, 59% used [0x00000000c0000000,0x00000000c4cc5880,0x00000000c8000000)
 Metaspace       used 38208K, capacity 40908K, committed 41216K, reserved 1085440K
  class space    used 4167K, capacity 5025K, committed 5120K, reserved 1048576K
}
Event: 67.498 GC heap before
{Heap before GC invocations=47 (full 5):
 PSYoungGen      total 34816K, used 34656K [0x00000000eab00000, 0x00000000ece80000, 0x0000000100000000)
  eden space 34304K, 100% used [0x00000000eab00000,0x00000000ecc80000,0x00000000ecc80000)
  from space 512K, 68% used [0x00000000ecd80000,0x00000000ecdd8000,0x00000000ece00000)
  to   space 512K, 0% used [0x00000000ece00000,0x00000000ece00000,0x00000000ece80000)
 ParOldGen       total 131072K, used 78614K [0x00000000c0000000, 0x00000000c8000000, 0x00000000eab00000)
  object space 131072K, 59% used [0x00000000c0000000,0x00000000c4cc5880,0x00000000c8000000)
 Metaspace       used 38215K, capacity 40908K, committed 41216K, reserved 1085440K
  class space    used 4167K, capacity 5025K, committed 5120K, reserved 1048576K
Event: 67.501 GC heap after
Heap after GC invocations=47 (full 5):
 PSYoungGen      total 34304K, used 384K [0x00000000eab00000, 0x00000000ece80000, 0x0000000100000000)
  eden space 33792K, 0% used [0x00000000eab00000,0x00000000eab00000,0x00000000ecc00000)
  from space 512K, 75% used [0x00000000ece00000,0x00000000ece60000,0x00000000ece80000)
  to   space 512K, 0% used [0x00000000ecd80000,0x00000000ecd80000,0x00000000ece00000)
 ParOldGen       total 131072K, used 78638K [0x00000000c0000000, 0x00000000c8000000, 0x00000000eab00000)
  object space 131072K, 59% used [0x00000000c0000000,0x00000000c4ccb880,0x00000000c8000000)
 Metaspace       used 38215K, capacity 40908K, committed 41216K, reserved 1085440K
  class space    used 4167K, capacity 5025K, committed 5120K, reserved 1048576K
}
Event: 69.197 GC heap before
{Heap before GC invocations=48 (full 5):
 PSYoungGen      total 34304K, used 34176K [0x00000000eab00000, 0x00000000ece80000, 0x0000000100000000)
  eden space 33792K, 100% used [0x00000000eab00000,0x00000000ecc00000,0x00000000ecc00000)
  from space 512K, 75% used [0x00000000ece00000,0x00000000ece60000,0x00000000ece80000)
  to   space 512K, 0% used [0x00000000ecd80000,0x00000000ecd80000,0x00000000ece00000)
 ParOldGen       total 131072K, used 78638K [0x00000000c0000000, 0x00000000c8000000, 0x00000000eab00000)
  object space 131072K, 59% used [0x00000000c0000000,0x00000000c4ccb880,0x00000000c8000000)
 Metaspace       used 38216K, capacity 40908K, committed 41216K, reserved 1085440K
  class space    used 4167K, capacity 5025K, committed 5120K, reserved 1048576K
Event: 69.199 GC heap after
Heap after GC invocations=48 (full 5):
 PSYoungGen      total 33792K, used 352K [0x00000000eab00000, 0x00000000ece80000, 0x0000000100000000)
  eden space 33280K, 0% used [0x00000000eab00000,0x00000000eab00000,0x00000000ecb80000)
  from space 512K, 68% used [0x00000000ecd80000,0x00000000ecdd8000,0x00000000ece00000)
  to   space 512K, 0% used [0x00000000ece00000,0x00000000ece00000,0x00000000ece80000)
 ParOldGen       total 131072K, used 78670K [0x00000000c0000000, 0x00000000c8000000, 0x00000000eab00000)
  object space 131072K, 60% used [0x00000000c0000000,0x00000000c4cd3880,0x00000000c8000000)
 Metaspace       used 38216K, capacity 40908K, committed 41216K, reserved 1085440K
  class space    used 4167K, capacity 5025K, committed 5120K, reserved 1048576K
}

