# JRE version: Java(TM) SE Runtime Environment (11.0.6+8) (build 11.0.6+8-LTS)
# Java VM: Java HotSpot(TM) 64-Bit Server VM (11.0.6+8-LTS, mixed mode, tiered, compressed oops, g1 gc, windows-amd64)
Heap:
 garbage-first heap   total 131072K, used 34292K [0x0000000081c00000, 0x0000000100000000)
  region size 1024K, 31 young (31744K), 1 survivors (1024K)
 Metaspace       used 20022K, capacity 20332K, committed 20480K, reserved 1067008K
  class space    used 2161K, capacity 2290K, committed 2304K, reserved 1048576K
GC Heap History (6 events):
Event: 1.736 GC heap before
{Heap before GC invocations=0 (full 0):
 garbage-first heap   total 131072K, used 14336K [0x0000000081c00000, 0x0000000100000000)
  region size 1024K, 14 young (14336K), 0 survivors (0K)
 Metaspace       used 11513K, capacity 11836K, committed 12032K, reserved 1060864K
  class space    used 1087K, capacity 1203K, committed 1280K, reserved 1048576K
}
Event: 1.743 GC heap after
{Heap after GC invocations=1 (full 0):
 garbage-first heap   total 131072K, used 3404K [0x0000000081c00000, 0x0000000100000000)
  region size 1024K, 2 young (2048K), 2 survivors (2048K)
 Metaspace       used 11513K, capacity 11836K, committed 12032K, reserved 1060864K
  class space    used 1087K, capacity 1203K, committed 1280K, reserved 1048576K
}
Event: 1.945 GC heap before
{Heap before GC invocations=1 (full 0):
 garbage-first heap   total 131072K, used 8524K [0x0000000081c00000, 0x0000000100000000)
  region size 1024K, 7 young (7168K), 2 survivors (2048K)
 Metaspace       used 12909K, capacity 13157K, committed 13440K, reserved 1060864K
  class space    used 1281K, capacity 1366K, committed 1408K, reserved 1048576K
}
Event: 1.949 GC heap after
{Heap after GC invocations=2 (full 0):
 garbage-first heap   total 131072K, used 3894K [0x0000000081c00000, 0x0000000100000000)
  region size 1024K, 1 young (1024K), 1 survivors (1024K)
 Metaspace       used 12909K, capacity 13157K, committed 13440K, reserved 1060864K
  class space    used 1281K, capacity 1366K, committed 1408K, reserved 1048576K
}
Event: 2.605 GC heap before
{Heap before GC invocations=2 (full 0):
 garbage-first heap   total 131072K, used 27446K [0x0000000081c00000, 0x0000000100000000)
  region size 1024K, 24 young (24576K), 1 survivors (1024K)
 Metaspace       used 15241K, capacity 15528K, committed 15744K, reserved 1062912K
  class space    used 1568K, capacity 1662K, committed 1664K, reserved 1048576K
}
Event: 2.607 GC heap after
{Heap after GC invocations=3 (full 0):
 garbage-first heap   total 131072K, used 4596K [0x0000000081c00000, 0x0000000100000000)
  region size 1024K, 1 young (1024K), 1 survivors (1024K)
 Metaspace       used 15241K, capacity 15528K, committed 15744K, reserved 1062912K
  class space    used 1568K, capacity 1662K, committed 1664K, reserved 1048576K
}

