# JRE version: Java(TM) SE Runtime Environment (11.0.6+8) (build 11.0.6+8-LTS)
# Java VM: Java HotSpot(TM) 64-Bit Server VM (11.0.6+8-LTS, mixed mode, tiered, compressed oops, g1 gc, windows-amd64)
Heap:
 garbage-first heap   total 131072K, used 27263K [0x0000000081c00000, 0x0000000100000000)
  region size 1024K, 25 young (25600K), 2 survivors (2048K)
 Metaspace       used 20259K, capacity 20547K, committed 20864K, reserved 1067008K
  class space    used 2199K, capacity 2319K, committed 2432K, reserved 1048576K
GC Heap History (6 events):
Event: 1.751 GC heap before
{Heap before GC invocations=0 (full 0):
 garbage-first heap   total 131072K, used 13312K [0x0000000081c00000, 0x0000000100000000)
  region size 1024K, 14 young (14336K), 0 survivors (0K)
 Metaspace       used 11515K, capacity 11731K, committed 12032K, reserved 1060864K
  class space    used 1092K, capacity 1168K, committed 1280K, reserved 1048576K
}
Event: 1.755 GC heap after
{Heap after GC invocations=1 (full 0):
 garbage-first heap   total 131072K, used 3192K [0x0000000081c00000, 0x0000000100000000)
  region size 1024K, 2 young (2048K), 2 survivors (2048K)
 Metaspace       used 11515K, capacity 11731K, committed 12032K, reserved 1060864K
  class space    used 1092K, capacity 1168K, committed 1280K, reserved 1048576K
}
Event: 2.018 GC heap before
{Heap before GC invocations=1 (full 0):
 garbage-first heap   total 131072K, used 12408K [0x0000000081c00000, 0x0000000100000000)
  region size 1024K, 11 young (11264K), 2 survivors (2048K)
 Metaspace       used 13438K, capacity 13663K, committed 13824K, reserved 1060864K
  class space    used 1357K, capacity 1428K, committed 1536K, reserved 1048576K
}
Event: 2.022 GC heap after
{Heap after GC invocations=2 (full 0):
 garbage-first heap   total 131072K, used 3788K [0x0000000081c00000, 0x0000000100000000)
  region size 1024K, 1 young (1024K), 1 survivors (1024K)
 Metaspace       used 13438K, capacity 13663K, committed 13824K, reserved 1060864K
  class space    used 1357K, capacity 1428K, committed 1536K, reserved 1048576K
}
Event: 2.633 GC heap before
{Heap before GC invocations=2 (full 0):
 garbage-first heap   total 131072K, used 31436K [0x0000000081c00000, 0x0000000100000000)
  region size 1024K, 28 young (28672K), 1 survivors (1024K)
 Metaspace       used 16671K, capacity 16975K, committed 17024K, reserved 1064960K
  class space    used 1773K, capacity 1890K, committed 1920K, reserved 1048576K
}
Event: 2.635 GC heap after
{Heap after GC invocations=3 (full 0):
 garbage-first heap   total 131072K, used 4735K [0x0000000081c00000, 0x0000000100000000)
  region size 1024K, 2 young (2048K), 2 survivors (2048K)
 Metaspace       used 16671K, capacity 16975K, committed 17024K, reserved 1064960K
  class space    used 1773K, capacity 1890K, committed 1920K, reserved 1048576K
}

