# JRE version: Java(TM) SE Runtime Environment (11.0.6+8) (build 11.0.6+8-LTS)
# Java VM: Java HotSpot(TM) 64-Bit Server VM (11.0.6+8-LTS, mixed mode, tiered, compressed oops, parallel gc, windows-amd64)
Heap:
 PSYoungGen      total 172544K, used 6447K [0x00000000eab00000, 0x00000000f5e00000, 0x0000000100000000)
  eden space 165888K, 0% used [0x00000000eab00000,0x00000000eab00000,0x00000000f4d00000)
  from space 6656K, 96% used [0x00000000f5780000,0x00000000f5dcbc08,0x00000000f5e00000)
  to   space 7680K, 0% used [0x00000000f4f00000,0x00000000f4f00000,0x00000000f5680000)
 ParOldGen       total 68608K, used 17383K [0x00000000c0000000, 0x00000000c4300000, 0x00000000eab00000)
  object space 68608K, 25% used [0x00000000c0000000,0x00000000c10f9ce8,0x00000000c4300000)
 Metaspace       used 33755K, capacity 35326K, committed 35496K, reserved 1081344K
  class space    used 3382K, capacity 4004K, committed 4096K, reserved 1048576K
GC Heap History (10 events):
Event: 5.435 GC heap after
{Heap after GC invocations=9 (full 0):
 PSYoungGen      total 105472K, used 32K [0x00000000eab00000, 0x00000000f4d00000, 0x0000000100000000)
  eden space 103424K, 0% used [0x00000000eab00000,0x00000000eab00000,0x00000000f1000000)
  from space 2048K, 1% used [0x00000000f1000000,0x00000000f1008000,0x00000000f1200000)
  to   space 1024K, 0% used [0x00000000f4c00000,0x00000000f4c00000,0x00000000f4d00000)
 ParOldGen       total 68608K, used 18029K [0x00000000c0000000, 0x00000000c4300000, 0x00000000eab00000)
  object space 68608K, 26% used [0x00000000c0000000,0x00000000c119b5e0,0x00000000c4300000)
 Metaspace       used 18494K, capacity 19199K, committed 19456K, reserved 1067008K
  class space    used 1704K, capacity 1946K, committed 2048K, reserved 1048576K
}
Event: 5.498 GC heap before
{Heap before GC invocations=10 (full 0):
 PSYoungGen      total 105472K, used 101859K [0x00000000eab00000, 0x00000000f4d00000, 0x0000000100000000)
  eden space 103424K, 98% used [0x00000000eab00000,0x00000000f0e70de0,0x00000000f1000000)
  from space 2048K, 1% used [0x00000000f1000000,0x00000000f1008000,0x00000000f1200000)
  to   space 1024K, 0% used [0x00000000f4c00000,0x00000000f4c00000,0x00000000f4d00000)
 ParOldGen       total 68608K, used 18029K [0x00000000c0000000, 0x00000000c4300000, 0x00000000eab00000)
  object space 68608K, 26% used [0x00000000c0000000,0x00000000c119b5e0,0x00000000c4300000)
 Metaspace       used 18494K, capacity 19199K, committed 19456K, reserved 1067008K
  class space    used 1704K, capacity 1946K, committed 2048K, reserved 1048576K
}
Event: 5.520 GC heap after
{Heap after GC invocations=10 (full 0):
 PSYoungGen      total 165376K, used 32K [0x00000000eab00000, 0x00000000f4e00000, 0x0000000100000000)
  eden space 164352K, 0% used [0x00000000eab00000,0x00000000eab00000,0x00000000f4b80000)
  from space 1024K, 3% used [0x00000000f4c00000,0x00000000f4c08000,0x00000000f4d00000)
  to   space 512K, 0% used [0x00000000f4b80000,0x00000000f4b80000,0x00000000f4c00000)
 ParOldGen       total 68608K, used 20565K [0x00000000c0000000, 0x00000000c4300000, 0x00000000eab00000)
  object space 68608K, 29% used [0x00000000c0000000,0x00000000c14155c0,0x00000000c4300000)
 Metaspace       used 18494K, capacity 19199K, committed 19456K, reserved 1067008K
  class space    used 1704K, capacity 1946K, committed 2048K, reserved 1048576K
}
Event: 6.269 GC heap before
{Heap before GC invocations=11 (full 0):
 PSYoungGen      total 165376K, used 125749K [0x00000000eab00000, 0x00000000f4e00000, 0x0000000100000000)
  eden space 164352K, 76% used [0x00000000eab00000,0x00000000f25c56f8,0x00000000f4b80000)
  from space 1024K, 3% used [0x00000000f4c00000,0x00000000f4c08000,0x00000000f4d00000)
  to   space 512K, 0% used [0x00000000f4b80000,0x00000000f4b80000,0x00000000f4c00000)
 ParOldGen       total 68608K, used 20565K [0x00000000c0000000, 0x00000000c4300000, 0x00000000eab00000)
  object space 68608K, 29% used [0x00000000c0000000,0x00000000c14155c0,0x00000000c4300000)
 Metaspace       used 20270K, capacity 21209K, committed 21296K, reserved 1069056K
  class space    used 1871K, capacity 2170K, committed 2176K, reserved 1048576K
}
Event: 6.303 GC heap after
{Heap after GC invocations=11 (full 0):
 PSYoungGen      total 164864K, used 512K [0x00000000eab00000, 0x00000000f6200000, 0x0000000100000000)
  eden space 164352K, 0% used [0x00000000eab00000,0x00000000eab00000,0x00000000f4b80000)
  from space 512K, 100% used [0x00000000f4b80000,0x00000000f4c00000,0x00000000f4c00000)
  to   space 10752K, 0% used [0x00000000f5780000,0x00000000f5780000,0x00000000f6200000)
 ParOldGen       total 68608K, used 28838K [0x00000000c0000000, 0x00000000c4300000, 0x00000000eab00000)
  object space 68608K, 42% used [0x00000000c0000000,0x00000000c1c29bb8,0x00000000c4300000)
 Metaspace       used 20270K, capacity 21209K, committed 21296K, reserved 1069056K
  class space    used 1871K, capacity 2170K, committed 2176K, reserved 1048576K
}
Event: 6.303 GC heap before
{Heap before GC invocations=12 (full 1):
 PSYoungGen      total 164864K, used 512K [0x00000000eab00000, 0x00000000f6200000, 0x0000000100000000)
  eden space 164352K, 0% used [0x00000000eab00000,0x00000000eab00000,0x00000000f4b80000)
  from space 512K, 100% used [0x00000000f4b80000,0x00000000f4c00000,0x00000000f4c00000)
  to   space 10752K, 0% used [0x00000000f5780000,0x00000000f5780000,0x00000000f6200000)
 ParOldGen       total 68608K, used 28838K [0x00000000c0000000, 0x00000000c4300000, 0x00000000eab00000)
  object space 68608K, 42% used [0x00000000c0000000,0x00000000c1c29bb8,0x00000000c4300000)
 Metaspace       used 20270K, capacity 21209K, committed 21296K, reserved 1069056K
  class space    used 1871K, capacity 2170K, committed 2176K, reserved 1048576K
}
Event: 6.411 GC heap after
{Heap after GC invocations=12 (full 1):
 PSYoungGen      total 164864K, used 0K [0x00000000eab00000, 0x00000000f6200000, 0x0000000100000000)
  eden space 164352K, 0% used [0x00000000eab00000,0x00000000eab00000,0x00000000f4b80000)
  from space 512K, 0% used [0x00000000f4b80000,0x00000000f4b80000,0x00000000f4c00000)
  to   space 10752K, 0% used [0x00000000f5780000,0x00000000f5780000,0x00000000f6200000)
 ParOldGen       total 68608K, used 17375K [0x00000000c0000000, 0x00000000c4300000, 0x00000000eab00000)
  object space 68608K, 25% used [0x00000000c0000000,0x00000000c10f7ce8,0x00000000c4300000)
 Metaspace       used 20270K, capacity 21209K, committed 21296K, reserved 1069056K
  class space    used 1871K, capacity 2170K, committed 2176K, reserved 1048576K
}
Event: 10.949 GC heap before
{Heap before GC invocations=13 (full 1):
 PSYoungGen      total 164864K, used 103331K [0x00000000eab00000, 0x00000000f6200000, 0x0000000100000000)
  eden space 164352K, 62% used [0x00000000eab00000,0x00000000f0fe8c70,0x00000000f4b80000)
  from space 512K, 0% used [0x00000000f4b80000,0x00000000f4b80000,0x00000000f4c00000)
  to   space 10752K, 0% used [0x00000000f5780000,0x00000000f5780000,0x00000000f6200000)
 ParOldGen       total 68608K, used 17375K [0x00000000c0000000, 0x00000000c4300000, 0x00000000eab00000)
  object space 68608K, 25% used [0x00000000c0000000,0x00000000c10f7ce8,0x00000000c4300000)
 Metaspace       used 33755K, capacity 35326K, committed 35496K, reserved 1081344K
  class space    used 3382K, capacity 4004K, committed 4096K, reserved 1048576K
}
Event: 10.987 GC heap after
{Heap after GC invocations=13 (full 1):
 PSYoungGen      total 172544K, used 6447K [0x00000000eab00000, 0x00000000f5e00000, 0x0000000100000000)
  eden space 165888K, 0% used [0x00000000eab00000,0x00000000eab00000,0x00000000f4d00000)
  from space 6656K, 96% used [0x00000000f5780000,0x00000000f5dcbc08,0x00000000f5e00000)
  to   space 7680K, 0% used [0x00000000f4f00000,0x00000000f4f00000,0x00000000f5680000)
 ParOldGen       total 68608K, used 17383K [0x00000000c0000000, 0x00000000c4300000, 0x00000000eab00000)
  object space 68608K, 25% used [0x00000000c0000000,0x00000000c10f9ce8,0x00000000c4300000)
 Metaspace       used 33755K, capacity 35326K, committed 35496K, reserved 1081344K
  class space    used 3382K, capacity 4004K, committed 4096K, reserved 1048576K
}
Event: 10.987 GC heap before
{Heap before GC invocations=14 (full 2):
 PSYoungGen      total 172544K, used 6447K [0x00000000eab00000, 0x00000000f5e00000, 0x0000000100000000)
  eden space 165888K, 0% used [0x00000000eab00000,0x00000000eab00000,0x00000000f4d00000)
  from space 6656K, 96% used [0x00000000f5780000,0x00000000f5dcbc08,0x00000000f5e00000)
  to   space 7680K, 0% used [0x00000000f4f00000,0x00000000f4f00000,0x00000000f5680000)
 ParOldGen       total 68608K, used 17383K [0x00000000c0000000, 0x00000000c4300000, 0x00000000eab00000)
  object space 68608K, 25% used [0x00000000c0000000,0x00000000c10f9ce8,0x00000000c4300000)
 Metaspace       used 33755K, capacity 35326K, committed 35496K, reserved 1081344K
  class space    used 3382K, capacity 4004K, committed 4096K, reserved 1048576K
}

