# JRE version: Java(TM) SE Runtime Environment (11.0.6+8) (build 11.0.6+8-LTS)
# Java VM: Java HotSpot(TM) 64-Bit Server VM (11.0.6+8-LTS, mixed mode, tiered, compressed oops, g1 gc, windows-amd64)
Heap:
 garbage-first heap   total 131072K, used 22049K [0x0000000081c00000, 0x0000000100000000)
  region size 1024K, 15 young (15360K), 9 survivors (9216K)
 Metaspace       used 25299K, capacity 25791K, committed 25980K, reserved 1073152K
  class space    used 2631K, capacity 2833K, committed 2944K, reserved 1048576K
GC Heap History (10 events):
Event: 3.318 GC heap before
{Heap before GC invocations=2 (full 0):
 garbage-first heap   total 131072K, used 11136K [0x0000000081c00000, 0x0000000100000000)
  region size 1024K, 10 young (10240K), 2 survivors (2048K)
 Metaspace       used 12813K, capacity 13054K, committed 13184K, reserved 1060864K
  class space    used 1273K, capacity 1395K, committed 1408K, reserved 1048576K
}
Event: 3.329 GC heap after
{Heap after GC invocations=3 (full 0):
 garbage-first heap   total 131072K, used 3457K [0x0000000081c00000, 0x0000000100000000)
  region size 1024K, 1 young (1024K), 1 survivors (1024K)
 Metaspace       used 12813K, capacity 13054K, committed 13184K, reserved 1060864K
  class space    used 1273K, capacity 1395K, committed 1408K, reserved 1048576K
}
Event: 4.747 GC heap before
{Heap before GC invocations=3 (full 0):
 garbage-first heap   total 131072K, used 28033K [0x0000000081c00000, 0x0000000100000000)
  region size 1024K, 26 young (26624K), 1 survivors (1024K)
 Metaspace       used 15563K, capacity 15882K, committed 16128K, reserved 1062912K
  class space    used 1624K, capacity 1760K, committed 1792K, reserved 1048576K
}
Event: 4.752 GC heap after
{Heap after GC invocations=4 (full 0):
 garbage-first heap   total 131072K, used 4325K [0x0000000081c00000, 0x0000000100000000)
  region size 1024K, 2 young (2048K), 2 survivors (2048K)
 Metaspace       used 15563K, capacity 15882K, committed 16128K, reserved 1062912K
  class space    used 1624K, capacity 1760K, committed 1792K, reserved 1048576K
}
Event: 7.256 GC heap before
{Heap before GC invocations=4 (full 0):
 garbage-first heap   total 131072K, used 49381K [0x0000000081c00000, 0x0000000100000000)
  region size 1024K, 46 young (47104K), 2 survivors (2048K)
 Metaspace       used 20934K, capacity 21290K, committed 21376K, reserved 1069056K
  class space    used 2227K, capacity 2354K, committed 2432K, reserved 1048576K
}
Event: 7.278 GC heap after
{Heap after GC invocations=5 (full 0):
 garbage-first heap   total 131072K, used 8702K [0x0000000081c00000, 0x0000000100000000)
  region size 1024K, 6 young (6144K), 6 survivors (6144K)
 Metaspace       used 20934K, capacity 21290K, committed 21376K, reserved 1069056K
  class space    used 2227K, capacity 2354K, committed 2432K, reserved 1048576K
}
Event: 8.309 GC heap before
{Heap before GC invocations=5 (full 0):
 garbage-first heap   total 131072K, used 39422K [0x0000000081c00000, 0x0000000100000000)
  region size 1024K, 37 young (37888K), 6 survivors (6144K)
 Metaspace       used 21173K, capacity 21485K, committed 21628K, reserved 1069056K
  class space    used 2234K, capacity 2355K, committed 2432K, reserved 1048576K
}
Event: 8.328 GC heap after
{Heap after GC invocations=6 (full 0):
 garbage-first heap   total 131072K, used 11264K [0x0000000081c00000, 0x0000000100000000)
  region size 1024K, 7 young (7168K), 7 survivors (7168K)
 Metaspace       used 21173K, capacity 21485K, committed 21628K, reserved 1069056K
  class space    used 2234K, capacity 2355K, committed 2432K, reserved 1048576K
}
Event: 12.274 GC heap before
{Heap before GC invocations=7 (full 0):
 garbage-first heap   total 131072K, used 76800K [0x0000000081c00000, 0x0000000100000000)
  region size 1024K, 72 young (73728K), 7 survivors (7168K)
 Metaspace       used 25191K, capacity 25727K, committed 25980K, reserved 1073152K
  class space    used 2623K, capacity 2833K, committed 2944K, reserved 1048576K
}
Event: 12.302 GC heap after
{Heap after GC invocations=8 (full 0):
 garbage-first heap   total 131072K, used 16929K [0x0000000081c00000, 0x0000000100000000)
  region size 1024K, 9 young (9216K), 9 survivors (9216K)
 Metaspace       used 25191K, capacity 25727K, committed 25980K, reserved 1073152K
  class space    used 2623K, capacity 2833K, committed 2944K, reserved 1048576K
}

