# JRE version: Java(TM) SE Runtime Environment (11.0.6+8) (build 11.0.6+8-LTS)
# Java VM: Java HotSpot(TM) 64-Bit Server VM (11.0.6+8-LTS, mixed mode, tiered, compressed oops, g1 gc, windows-amd64)
Heap:
 garbage-first heap   total 131072K, used 63346K [0x0000000081c00000, 0x0000000100000000)
  region size 1024K, 60 young (61440K), 5 survivors (5120K)
 Metaspace       used 21465K, capacity 21803K, committed 22064K, reserved 1069056K
  class space    used 2273K, capacity 2393K, committed 2432K, reserved 1048576K
GC Heap History (8 events):
Event: 1.303 GC heap before
{Heap before GC invocations=0 (full 0):
 garbage-first heap   total 131072K, used 14336K [0x0000000081c00000, 0x0000000100000000)
  region size 1024K, 14 young (14336K), 0 survivors (0K)
 Metaspace       used 11537K, capacity 11776K, committed 12032K, reserved 1060864K
  class space    used 1091K, capacity 1203K, committed 1280K, reserved 1048576K
}
Event: 1.309 GC heap after
{Heap after GC invocations=1 (full 0):
 garbage-first heap   total 131072K, used 3421K [0x0000000081c00000, 0x0000000100000000)
  region size 1024K, 2 young (2048K), 2 survivors (2048K)
 Metaspace       used 11537K, capacity 11776K, committed 12032K, reserved 1060864K
  class space    used 1091K, capacity 1203K, committed 1280K, reserved 1048576K
}
Event: 1.474 GC heap before
{Heap before GC invocations=1 (full 0):
 garbage-first heap   total 131072K, used 10589K [0x0000000081c00000, 0x0000000100000000)
  region size 1024K, 9 young (9216K), 2 survivors (2048K)
 Metaspace       used 13452K, capacity 13740K, committed 14080K, reserved 1062912K
  class space    used 1349K, capacity 1431K, committed 1536K, reserved 1048576K
}
Event: 1.477 GC heap after
{Heap after GC invocations=2 (full 0):
 garbage-first heap   total 131072K, used 4033K [0x0000000081c00000, 0x0000000100000000)
  region size 1024K, 1 young (1024K), 1 survivors (1024K)
 Metaspace       used 13452K, capacity 13740K, committed 14080K, reserved 1062912K
  class space    used 1349K, capacity 1431K, committed 1536K, reserved 1048576K
}
Event: 1.931 GC heap before
{Heap before GC invocations=2 (full 0):
 garbage-first heap   total 131072K, used 29633K [0x0000000081c00000, 0x0000000100000000)
  region size 1024K, 26 young (26624K), 1 survivors (1024K)
 Metaspace       used 15976K, capacity 16274K, committed 16384K, reserved 1064960K
  class space    used 1652K, capacity 1759K, committed 1792K, reserved 1048576K
}
Event: 1.934 GC heap after
{Heap after GC invocations=3 (full 0):
 garbage-first heap   total 131072K, used 4761K [0x0000000081c00000, 0x0000000100000000)
  region size 1024K, 2 young (2048K), 2 survivors (2048K)
 Metaspace       used 15976K, capacity 16274K, committed 16384K, reserved 1064960K
  class space    used 1652K, capacity 1759K, committed 1792K, reserved 1048576K
}
Event: 4.349 GC heap before
{Heap before GC invocations=3 (full 0):
 garbage-first heap   total 131072K, used 39577K [0x0000000081c00000, 0x0000000100000000)
  region size 1024K, 37 young (37888K), 2 survivors (2048K)
 Metaspace       used 20809K, capacity 21123K, committed 21296K, reserved 1069056K
  class space    used 2235K, capacity 2360K, committed 2432K, reserved 1048576K
}
Event: 4.362 GC heap after
{Heap after GC invocations=4 (full 0):
 garbage-first heap   total 131072K, used 8050K [0x0000000081c00000, 0x0000000100000000)
  region size 1024K, 5 young (5120K), 5 survivors (5120K)
 Metaspace       used 20809K, capacity 21123K, committed 21296K, reserved 1069056K
  class space    used 2235K, capacity 2360K, committed 2432K, reserved 1048576K
}

