# JRE version: Java(TM) SE Runtime Environment (11.0.6+8) (build 11.0.6+8-LTS)
# Java VM: Java HotSpot(TM) 64-Bit Server VM (11.0.6+8-LTS, mixed mode, tiered, compressed oops, g1 gc, windows-amd64)
Heap:
 garbage-first heap   total 131072K, used 62055K [0x0000000081c00000, 0x0000000100000000)
  region size 1024K, 47 young (48128K), 9 survivors (9216K)
 Metaspace       used 25549K, capacity 26092K, committed 26416K, reserved 1073152K
  class space    used 2675K, capacity 2873K, committed 2944K, reserved 1048576K
GC Heap History (10 events):
Event: 2.569 GC heap before
{Heap before GC invocations=2 (full 0):
 garbage-first heap   total 131072K, used 28608K [0x0000000081c00000, 0x0000000100000000)
  region size 1024K, 26 young (26624K), 1 survivors (1024K)
 Metaspace       used 15910K, capacity 16196K, committed 16384K, reserved 1064960K
  class space    used 1656K, capacity 1761K, committed 1792K, reserved 1048576K
}
Event: 2.572 GC heap after
{Heap after GC invocations=3 (full 0):
 garbage-first heap   total 131072K, used 4763K [0x0000000081c00000, 0x0000000100000000)
  region size 1024K, 2 young (2048K), 2 survivors (2048K)
 Metaspace       used 15910K, capacity 16196K, committed 16384K, reserved 1064960K
  class space    used 1656K, capacity 1761K, committed 1792K, reserved 1048576K
}
Event: 4.331 GC heap before
{Heap before GC invocations=3 (full 0):
 garbage-first heap   total 131072K, used 44699K [0x0000000081c00000, 0x0000000100000000)
  region size 1024K, 42 young (43008K), 2 survivors (2048K)
 Metaspace       used 20886K, capacity 21174K, committed 21296K, reserved 1069056K
  class space    used 2238K, capacity 2361K, committed 2432K, reserved 1048576K
}
Event: 4.342 GC heap after
{Heap after GC invocations=4 (full 0):
 garbage-first heap   total 131072K, used 8437K [0x0000000081c00000, 0x0000000100000000)
  region size 1024K, 5 young (5120K), 5 survivors (5120K)
 Metaspace       used 20886K, capacity 21174K, committed 21296K, reserved 1069056K
  class space    used 2238K, capacity 2361K, committed 2432K, reserved 1048576K
}
Event: 6.695 GC heap before
{Heap before GC invocations=5 (full 0):
 garbage-first heap   total 131072K, used 81141K [0x0000000081c00000, 0x0000000100000000)
  region size 1024K, 76 young (77824K), 5 survivors (5120K)
 Metaspace       used 21705K, capacity 22137K, committed 22320K, reserved 1069056K
  class space    used 2282K, capacity 2402K, committed 2432K, reserved 1048576K
}
Event: 6.720 GC heap after
{Heap after GC invocations=6 (full 0):
 garbage-first heap   total 131072K, used 15342K [0x0000000081c00000, 0x0000000100000000)
  region size 1024K, 10 young (10240K), 10 survivors (10240K)
 Metaspace       used 21705K, capacity 22137K, committed 22320K, reserved 1069056K
  class space    used 2282K, capacity 2402K, committed 2432K, reserved 1048576K
}
Event: 9.255 GC heap before
{Heap before GC invocations=6 (full 0):
 garbage-first heap   total 131072K, used 82926K [0x0000000081c00000, 0x0000000100000000)
  region size 1024K, 76 young (77824K), 10 survivors (10240K)
 Metaspace       used 22240K, capacity 22655K, committed 22832K, reserved 1069056K
  class space    used 2299K, capacity 2404K, committed 2432K, reserved 1048576K
}
Event: 9.281 GC heap after
{Heap after GC invocations=7 (full 0):
 garbage-first heap   total 131072K, used 20071K [0x0000000081c00000, 0x0000000100000000)
  region size 1024K, 5 young (5120K), 5 survivors (5120K)
 Metaspace       used 22240K, capacity 22655K, committed 22832K, reserved 1069056K
  class space    used 2299K, capacity 2404K, committed 2432K, reserved 1048576K
}
Event: 12.648 GC heap before
{Heap before GC invocations=7 (full 0):
 garbage-first heap   total 131072K, used 89703K [0x0000000081c00000, 0x0000000100000000)
  region size 1024K, 73 young (74752K), 5 survivors (5120K)
 Metaspace       used 23938K, capacity 24426K, committed 24624K, reserved 1071104K
  class space    used 2439K, capacity 2614K, committed 2688K, reserved 1048576K
}
Event: 12.662 GC heap after
{Heap after GC invocations=8 (full 0):
 garbage-first heap   total 131072K, used 24167K [0x0000000081c00000, 0x0000000100000000)
  region size 1024K, 9 young (9216K), 9 survivors (9216K)
 Metaspace       used 23938K, capacity 24426K, committed 24624K, reserved 1071104K
  class space    used 2439K, capacity 2614K, committed 2688K, reserved 1048576K
}

