# JRE version: Java(TM) SE Runtime Environment (11.0.6+8) (build 11.0.6+8-LTS)
# Java VM: Java HotSpot(TM) 64-Bit Server VM (11.0.6+8-LTS, mixed mode, tiered, compressed oops, g1 gc, windows-amd64)
Heap:
 garbage-first heap   total 157696K, used 93484K [0x0000000081c00000, 0x0000000100000000)
  region size 1024K, 82 young (83968K), 7 survivors (7168K)
 Metaspace       used 49890K, capacity 51011K, committed 51120K, reserved 1093632K
  class space    used 6431K, capacity 6886K, committed 6912K, reserved 1048576K
GC Heap History (10 events):
Event: 2.671 GC heap before
{Heap before GC invocations=3 (full 0):
 garbage-first heap   total 131072K, used 35404K [0x0000000081c00000, 0x0000000100000000)
  region size 1024K, 30 young (30720K), 2 survivors (2048K)
 Metaspace       used 20746K, capacity 21215K, committed 21296K, reserved 1069056K
  class space    used 2446K, capacity 2659K, committed 2688K, reserved 1048576K
}
Event: 2.675 GC heap after
{Heap after GC invocations=4 (full 0):
 garbage-first heap   total 131072K, used 8805K [0x0000000081c00000, 0x0000000100000000)
  region size 1024K, 3 young (3072K), 3 survivors (3072K)
 Metaspace       used 20746K, capacity 21215K, committed 21296K, reserved 1069056K
  class space    used 2446K, capacity 2659K, committed 2688K, reserved 1048576K
}
Event: 3.090 GC heap before
{Heap before GC invocations=5 (full 0):
 garbage-first heap   total 131072K, used 52837K [0x0000000081c00000, 0x0000000100000000)
  region size 1024K, 48 young (49152K), 3 survivors (3072K)
 Metaspace       used 22176K, capacity 22755K, committed 23088K, reserved 1069056K
  class space    used 2651K, capacity 2878K, committed 2944K, reserved 1048576K
}
Event: 3.104 GC heap after
{Heap after GC invocations=6 (full 0):
 garbage-first heap   total 131072K, used 9511K [0x0000000081c00000, 0x0000000100000000)
  region size 1024K, 4 young (4096K), 4 survivors (4096K)
 Metaspace       used 22176K, capacity 22755K, committed 23088K, reserved 1069056K
  class space    used 2651K, capacity 2878K, committed 2944K, reserved 1048576K
}
Event: 4.728 GC heap before
{Heap before GC invocations=6 (full 0):
 garbage-first heap   total 131072K, used 67879K [0x0000000081c00000, 0x0000000100000000)
  region size 1024K, 62 young (63488K), 4 survivors (4096K)
 Metaspace       used 25202K, capacity 25888K, committed 26032K, reserved 1073152K
  class space    used 3063K, capacity 3321K, committed 3328K, reserved 1048576K
}
Event: 4.737 GC heap after
{Heap after GC invocations=7 (full 0):
 garbage-first heap   total 131072K, used 11710K [0x0000000081c00000, 0x0000000100000000)
  region size 1024K, 6 young (6144K), 6 survivors (6144K)
 Metaspace       used 25202K, capacity 25888K, committed 26032K, reserved 1073152K
  class space    used 3063K, capacity 3321K, committed 3328K, reserved 1048576K
}
Event: 6.454 GC heap before
{Heap before GC invocations=7 (full 0):
 garbage-first heap   total 131072K, used 82366K [0x0000000081c00000, 0x0000000100000000)
  region size 1024K, 76 young (77824K), 6 survivors (6144K)
 Metaspace       used 32138K, capacity 33109K, committed 33200K, reserved 1079296K
  class space    used 3961K, capacity 4335K, committed 4352K, reserved 1048576K
}
Event: 6.470 GC heap after
{Heap after GC invocations=8 (full 0):
 garbage-first heap   total 131072K, used 15578K [0x0000000081c00000, 0x0000000100000000)
  region size 1024K, 9 young (9216K), 9 survivors (9216K)
 Metaspace       used 32138K, capacity 33109K, committed 33200K, reserved 1079296K
  class space    used 3961K, capacity 4335K, committed 4352K, reserved 1048576K
}
Event: 7.122 GC heap before
{Heap before GC invocations=8 (full 0):
 garbage-first heap   total 131072K, used 58586K [0x0000000081c00000, 0x0000000100000000)
  region size 1024K, 53 young (54272K), 9 survivors (9216K)
 Metaspace       used 34805K, capacity 35762K, committed 35888K, reserved 1081344K
  class space    used 4243K, capacity 4624K, committed 4736K, reserved 1048576K
}
Event: 7.136 GC heap after
{Heap after GC invocations=9 (full 0):
 garbage-first heap   total 157696K, used 17708K [0x0000000081c00000, 0x0000000100000000)
  region size 1024K, 7 young (7168K), 7 survivors (7168K)
 Metaspace       used 34805K, capacity 35762K, committed 35888K, reserved 1081344K
  class space    used 4243K, capacity 4624K, committed 4736K, reserved 1048576K
}

