# JRE version: Java(TM) SE Runtime Environment (11.0.6+8) (build 11.0.6+8-LTS)
# Java VM: Java HotSpot(TM) 64-Bit Server VM (11.0.6+8-LTS, mixed mode, tiered, compressed oops, g1 gc, windows-amd64)
Heap:
 garbage-first heap   total 189440K, used 17910K [0x0000000081c00000, 0x0000000100000000)
  region size 1024K, 6 young (6144K), 6 survivors (6144K)
 Metaspace       used 35635K, capacity 36621K, committed 36784K, reserved 1087488K
  class space    used 4328K, capacity 4742K, committed 4864K, reserved 1048576K
GC Heap History (10 events):
Event: 2.808 GC heap after
{Heap after GC invocations=5 (full 0):
 garbage-first heap   total 131072K, used 9001K [0x0000000081c00000, 0x0000000100000000)
  region size 1024K, 3 young (3072K), 3 survivors (3072K)
 Metaspace       used 20692K, capacity 21139K, committed 21296K, reserved 1069056K
  class space    used 2436K, capacity 2638K, committed 2688K, reserved 1048576K
}
Event: 3.377 GC heap before
{Heap before GC invocations=6 (full 0):
 garbage-first heap   total 131072K, used 66345K [0x0000000081c00000, 0x0000000100000000)
  region size 1024K, 60 young (61440K), 3 survivors (3072K)
 Metaspace       used 23423K, capacity 24000K, committed 24240K, reserved 1071104K
  class space    used 2806K, capacity 3038K, committed 3072K, reserved 1048576K
}
Event: 3.390 GC heap after
{Heap after GC invocations=7 (full 0):
 garbage-first heap   total 157696K, used 9887K [0x0000000081c00000, 0x0000000100000000)
  region size 1024K, 4 young (4096K), 4 survivors (4096K)
 Metaspace       used 23423K, capacity 24000K, committed 24240K, reserved 1071104K
  class space    used 2806K, capacity 3038K, committed 3072K, reserved 1048576K
}
Event: 5.429 GC heap before
{Heap before GC invocations=7 (full 0):
 garbage-first heap   total 157696K, used 80543K [0x0000000081c00000, 0x0000000100000000)
  region size 1024K, 73 young (74752K), 4 survivors (4096K)
 Metaspace       used 27236K, capacity 28036K, committed 28208K, reserved 1073152K
  class space    used 3388K, capacity 3678K, committed 3712K, reserved 1048576K
}
Event: 5.443 GC heap after
{Heap after GC invocations=8 (full 0):
 garbage-first heap   total 157696K, used 12731K [0x0000000081c00000, 0x0000000100000000)
  region size 1024K, 7 young (7168K), 7 survivors (7168K)
 Metaspace       used 27236K, capacity 28036K, committed 28208K, reserved 1073152K
  class space    used 3388K, capacity 3678K, committed 3712K, reserved 1048576K
}
Event: 7.479 GC heap before
{Heap before GC invocations=8 (full 0):
 garbage-first heap   total 157696K, used 90555K [0x0000000081c00000, 0x0000000100000000)
  region size 1024K, 84 young (86016K), 7 survivors (7168K)
 Metaspace       used 32390K, capacity 33367K, committed 33584K, reserved 1079296K
  class space    used 4026K, capacity 4424K, committed 4480K, reserved 1048576K
}
Event: 7.499 GC heap after
{Heap after GC invocations=9 (full 0):
 garbage-first heap   total 157696K, used 15974K [0x0000000081c00000, 0x0000000100000000)
  region size 1024K, 8 young (8192K), 8 survivors (8192K)
 Metaspace       used 32390K, capacity 33367K, committed 33584K, reserved 1079296K
  class space    used 4026K, capacity 4424K, committed 4480K, reserved 1048576K
}
Event: 8.184 GC heap before
{Heap before GC invocations=9 (full 0):
 garbage-first heap   total 157696K, used 69222K [0x0000000081c00000, 0x0000000100000000)
  region size 1024K, 62 young (63488K), 8 survivors (8192K)
 Metaspace       used 34717K, capacity 35785K, committed 35888K, reserved 1081344K
  class space    used 4245K, capacity 4677K, committed 4736K, reserved 1048576K
}
Event: 8.205 GC heap after
{Heap after GC invocations=10 (full 0):
 garbage-first heap   total 157696K, used 17747K [0x0000000081c00000, 0x0000000100000000)
  region size 1024K, 8 young (8192K), 8 survivors (8192K)
 Metaspace       used 34717K, capacity 35785K, committed 35888K, reserved 1081344K
  class space    used 4245K, capacity 4677K, committed 4736K, reserved 1048576K
}
Event: 8.304 GC heap before
{Heap before GC invocations=11 (full 0):
 garbage-first heap   total 157696K, used 20819K [0x0000000081c00000, 0x0000000100000000)
  region size 1024K, 12 young (12288K), 8 survivors (8192K)
 Metaspace       used 35635K, capacity 36621K, committed 36784K, reserved 1087488K
  class space    used 4328K, capacity 4742K, committed 4864K, reserved 1048576K
}

