# JRE version: Java(TM) SE Runtime Environment (11.0.6+8) (build 11.0.6+8-LTS)
# Java VM: Java HotSpot(TM) 64-Bit Server VM (11.0.6+8-LTS, mixed mode, tiered, compressed oops, g1 gc, windows-amd64)
Heap:
 garbage-first heap   total 157696K, used 18674K [0x0000000081c00000, 0x0000000100000000)
  region size 1024K, 4 young (4096K), 4 survivors (4096K)
 Metaspace       used 37344K, capacity 38321K, committed 38448K, reserved 1089536K
  class space    used 4499K, capacity 4921K, committed 4992K, reserved 1048576K
GC Heap History (10 events):
Event: 4.898 GC heap after
{Heap after GC invocations=4 (full 0):
 garbage-first heap   total 131072K, used 8708K [0x0000000081c00000, 0x0000000100000000)
  region size 1024K, 3 young (3072K), 3 survivors (3072K)
 Metaspace       used 20749K, capacity 21179K, committed 21296K, reserved 1069056K
  class space    used 2441K, capacity 2629K, committed 2688K, reserved 1048576K
}
Event: 5.410 GC heap before
{Heap before GC invocations=5 (full 0):
 garbage-first heap   total 131072K, used 51716K [0x0000000081c00000, 0x0000000100000000)
  region size 1024K, 46 young (47104K), 3 survivors (3072K)
 Metaspace       used 22145K, capacity 22693K, committed 22832K, reserved 1069056K
  class space    used 2651K, capacity 2878K, committed 2944K, reserved 1048576K
}
Event: 5.417 GC heap after
{Heap after GC invocations=6 (full 0):
 garbage-first heap   total 131072K, used 9388K [0x0000000081c00000, 0x0000000100000000)
  region size 1024K, 4 young (4096K), 4 survivors (4096K)
 Metaspace       used 22145K, capacity 22693K, committed 22832K, reserved 1069056K
  class space    used 2651K, capacity 2878K, committed 2944K, reserved 1048576K
}
Event: 7.850 GC heap before
{Heap before GC invocations=6 (full 0):
 garbage-first heap   total 131072K, used 66732K [0x0000000081c00000, 0x0000000100000000)
  region size 1024K, 61 young (62464K), 4 survivors (4096K)
 Metaspace       used 24957K, capacity 25620K, committed 25776K, reserved 1071104K
  class space    used 3037K, capacity 3273K, committed 3328K, reserved 1048576K
}
Event: 7.870 GC heap after
{Heap after GC invocations=7 (full 0):
 garbage-first heap   total 131072K, used 11487K [0x0000000081c00000, 0x0000000100000000)
  region size 1024K, 6 young (6144K), 6 survivors (6144K)
 Metaspace       used 24957K, capacity 25620K, committed 25776K, reserved 1071104K
  class space    used 3037K, capacity 3273K, committed 3328K, reserved 1048576K
}
Event: 10.493 GC heap before
{Heap before GC invocations=7 (full 0):
 garbage-first heap   total 131072K, used 82143K [0x0000000081c00000, 0x0000000100000000)
  region size 1024K, 76 young (77824K), 6 survivors (6144K)
 Metaspace       used 32129K, capacity 33111K, committed 33200K, reserved 1079296K
  class space    used 3965K, capacity 4335K, committed 4352K, reserved 1048576K
}
Event: 10.507 GC heap after
{Heap after GC invocations=8 (full 0):
 garbage-first heap   total 131072K, used 15437K [0x0000000081c00000, 0x0000000100000000)
  region size 1024K, 9 young (9216K), 9 survivors (9216K)
 Metaspace       used 32129K, capacity 33111K, committed 33200K, reserved 1079296K
  class space    used 3965K, capacity 4335K, committed 4352K, reserved 1048576K
}
Event: 11.319 GC heap before
{Heap before GC invocations=8 (full 0):
 garbage-first heap   total 131072K, used 59469K [0x0000000081c00000, 0x0000000100000000)
  region size 1024K, 54 young (55296K), 9 survivors (9216K)
 Metaspace       used 34803K, capacity 35764K, committed 35888K, reserved 1081344K
  class space    used 4249K, capacity 4624K, committed 4736K, reserved 1048576K
}
Event: 11.332 GC heap after
{Heap after GC invocations=9 (full 0):
 garbage-first heap   total 131072K, used 17876K [0x0000000081c00000, 0x0000000100000000)
  region size 1024K, 7 young (7168K), 7 survivors (7168K)
 Metaspace       used 34803K, capacity 35764K, committed 35888K, reserved 1081344K
  class space    used 4249K, capacity 4624K, committed 4736K, reserved 1048576K
}
Event: 11.826 GC heap before
{Heap before GC invocations=10 (full 0):
 garbage-first heap   total 131072K, used 29140K [0x0000000081c00000, 0x0000000100000000)
  region size 1024K, 19 young (19456K), 7 survivors (7168K)
 Metaspace       used 37344K, capacity 38321K, committed 38448K, reserved 1089536K
  class space    used 4499K, capacity 4921K, committed 4992K, reserved 1048576K
}

