# JRE version: Java(TM) SE Runtime Environment (11.0.6+8) (build 11.0.6+8-LTS)
# Java VM: Java HotSpot(TM) 64-Bit Server VM (11.0.6+8-LTS, mixed mode, tiered, compressed oops, g1 gc, windows-amd64)
Heap:
 garbage-first heap   total 157696K, used 108211K [0x0000000081c00000, 0x0000000100000000)
  region size 1024K, 57 young (58368K), 5 survivors (5120K)
 Metaspace       used 38484K, capacity 39466K, committed 39728K, reserved 1085440K
  class space    used 4092K, capacity 4450K, committed 4480K, reserved 1048576K
GC Heap History (10 events):
Event: 12.522 GC heap before
{Heap before GC invocations=8 (full 0):
 garbage-first heap   total 131072K, used 95232K [0x0000000081c00000, 0x0000000100000000)
  region size 1024K, 71 young (72704K), 3 survivors (3072K)
 Metaspace       used 31346K, capacity 31960K, committed 32176K, reserved 1077248K
  class space    used 3329K, capacity 3549K, committed 3584K, reserved 1048576K
}
Event: 12.530 GC heap after
{Heap after GC invocations=9 (full 0):
 garbage-first heap   total 131072K, used 31435K [0x0000000081c00000, 0x0000000100000000)
  region size 1024K, 9 young (9216K), 9 survivors (9216K)
 Metaspace       used 31346K, capacity 31960K, committed 32176K, reserved 1077248K
  class space    used 3329K, capacity 3549K, committed 3584K, reserved 1048576K
}
Event: 13.762 GC heap before
{Heap before GC invocations=9 (full 0):
 garbage-first heap   total 131072K, used 96971K [0x0000000081c00000, 0x0000000100000000)
  region size 1024K, 74 young (75776K), 9 survivors (9216K)
 Metaspace       used 33597K, capacity 34333K, committed 34480K, reserved 1079296K
  class space    used 3553K, capacity 3826K, committed 3840K, reserved 1048576K
}
Event: 13.781 GC heap after
{Heap after GC invocations=10 (full 0):
 garbage-first heap   total 131072K, used 41487K [0x0000000081c00000, 0x0000000100000000)
  region size 1024K, 10 young (10240K), 10 survivors (10240K)
 Metaspace       used 33597K, capacity 34333K, committed 34480K, reserved 1079296K
  class space    used 3553K, capacity 3826K, committed 3840K, reserved 1048576K
}
Event: 14.460 GC heap before
{Heap before GC invocations=10 (full 0):
 garbage-first heap   total 131072K, used 70159K [0x0000000081c00000, 0x0000000100000000)
  region size 1024K, 39 young (39936K), 10 survivors (10240K)
 Metaspace       used 35128K, capacity 35885K, committed 35920K, reserved 1081344K
  class space    used 3694K, capacity 3954K, committed 3968K, reserved 1048576K
}
Event: 14.475 GC heap after
{Heap after GC invocations=11 (full 0):
 garbage-first heap   total 157696K, used 43520K [0x0000000081c00000, 0x0000000100000000)
  region size 1024K, 2 young (2048K), 2 survivors (2048K)
 Metaspace       used 35128K, capacity 35885K, committed 35920K, reserved 1081344K
  class space    used 3694K, capacity 3954K, committed 3968K, reserved 1048576K
}
Event: 15.780 GC heap before
{Heap before GC invocations=12 (full 0):
 garbage-first heap   total 157696K, used 99840K [0x0000000081c00000, 0x0000000100000000)
  region size 1024K, 57 young (58368K), 2 survivors (2048K)
 Metaspace       used 36243K, capacity 37116K, committed 37424K, reserved 1083392K
  class space    used 3819K, capacity 4132K, committed 4224K, reserved 1048576K
}
Event: 15.786 GC heap after
{Heap after GC invocations=13 (full 0):
 garbage-first heap   total 157696K, used 43692K [0x0000000081c00000, 0x0000000100000000)
  region size 1024K, 3 young (3072K), 3 survivors (3072K)
 Metaspace       used 36243K, capacity 37116K, committed 37424K, reserved 1083392K
  class space    used 3819K, capacity 4132K, committed 4224K, reserved 1048576K
}
Event: 16.751 GC heap before
{Heap before GC invocations=13 (full 0):
 garbage-first heap   total 157696K, used 105132K [0x0000000081c00000, 0x0000000100000000)
  region size 1024K, 62 young (63488K), 3 survivors (3072K)
 Metaspace       used 36290K, capacity 37190K, committed 37424K, reserved 1083392K
  class space    used 3819K, capacity 4134K, committed 4224K, reserved 1048576K
}
Event: 16.762 GC heap after
{Heap after GC invocations=14 (full 0):
 garbage-first heap   total 157696K, used 54926K [0x0000000081c00000, 0x0000000100000000)
  region size 1024K, 8 young (8192K), 8 survivors (8192K)
 Metaspace       used 36290K, capacity 37190K, committed 37424K, reserved 1083392K
  class space    used 3819K, capacity 4134K, committed 4224K, reserved 1048576K
}

