# JRE version: OpenJDK Runtime Environment (11.0.6+8) (build 11.0.6+8-b520.43)
# Java VM: OpenJDK 64-Bit Server VM (11.0.6+8-b520.43, mixed mode, sharing, tiered, compressed oops, g1 gc, windows-amd64)
Heap:
 garbage-first heap   total 131072K, used 51843K [0x0000000081c00000, 0x0000000100000000)
  region size 1024K, 36 young (36864K), 9 survivors (9216K)
 Metaspace       used 24815K, capacity 25354K, committed 25600K, reserved 1071104K
  class space    used 2840K, capacity 3040K, committed 3072K, reserved 1048576K
GC Heap History (14 events):
Event: 7.972 GC heap before
{Heap before GC invocations=0 (full 0):
 garbage-first heap   total 131072K, used 13312K [0x0000000081c00000, 0x0000000100000000)
  region size 1024K, 14 young (14336K), 0 survivors (0K)
 Metaspace       used 4152K, capacity 6379K, committed 6656K, reserved 1056768K
  class space    used 429K, capacity 684K, committed 768K, reserved 1048576K
}
Event: 7.993 GC heap after
{Heap after GC invocations=1 (full 0):
 garbage-first heap   total 131072K, used 3434K [0x0000000081c00000, 0x0000000100000000)
  region size 1024K, 2 young (2048K), 2 survivors (2048K)
 Metaspace       used 4152K, capacity 6379K, committed 6656K, reserved 1056768K
  class space    used 429K, capacity 684K, committed 768K, reserved 1048576K
}
Event: 8.519 GC heap before
{Heap before GC invocations=1 (full 0):
 garbage-first heap   total 131072K, used 12650K [0x0000000081c00000, 0x0000000100000000)
  region size 1024K, 11 young (11264K), 2 survivors (2048K)
 Metaspace       used 6087K, capacity 7799K, committed 8064K, reserved 1056768K
  class space    used 701K, capacity 880K, committed 896K, reserved 1048576K
}
Event: 8.527 GC heap after
{Heap after GC invocations=2 (full 0):
 garbage-first heap   total 131072K, used 4114K [0x0000000081c00000, 0x0000000100000000)
  region size 1024K, 1 young (1024K), 1 survivors (1024K)
 Metaspace       used 6087K, capacity 7799K, committed 8064K, reserved 1056768K
  class space    used 701K, capacity 880K, committed 896K, reserved 1048576K
}
Event: 9.414 GC heap before
{Heap before GC invocations=2 (full 0):
 garbage-first heap   total 131072K, used 28690K [0x0000000081c00000, 0x0000000100000000)
  region size 1024K, 26 young (26624K), 1 survivors (1024K)
 Metaspace       used 8783K, capacity 10270K, committed 10496K, reserved 1058816K
  class space    used 1032K, capacity 1208K, committed 1280K, reserved 1048576K
}
Event: 9.417 GC heap after
{Heap after GC invocations=3 (full 0):
 garbage-first heap   total 131072K, used 4833K [0x0000000081c00000, 0x0000000100000000)
  region size 1024K, 2 young (2048K), 2 survivors (2048K)
 Metaspace       used 8783K, capacity 10270K, committed 10496K, reserved 1058816K
  class space    used 1032K, capacity 1208K, committed 1280K, reserved 1048576K
}
Event: 11.368 GC heap before
{Heap before GC invocations=3 (full 0):
 garbage-first heap   total 131072K, used 50913K [0x0000000081c00000, 0x0000000100000000)
  region size 1024K, 47 young (48128K), 2 survivors (2048K)
 Metaspace       used 13203K, capacity 14289K, committed 14336K, reserved 1062912K
  class space    used 1550K, capacity 1746K, committed 1792K, reserved 1048576K
}
Event: 11.382 GC heap after
{Heap after GC invocations=4 (full 0):
 garbage-first heap   total 131072K, used 10008K [0x0000000081c00000, 0x0000000100000000)
  region size 1024K, 6 young (6144K), 6 survivors (6144K)
 Metaspace       used 13203K, capacity 14289K, committed 14336K, reserved 1062912K
  class space    used 1550K, capacity 1746K, committed 1792K, reserved 1048576K
}
Event: 17.282 GC heap before
{Heap before GC invocations=4 (full 0):
 garbage-first heap   total 131072K, used 53016K [0x0000000081c00000, 0x0000000100000000)
  region size 1024K, 49 young (50176K), 6 survivors (6144K)
 Metaspace       used 20606K, capacity 21030K, committed 21248K, reserved 1069056K
  class space    used 2417K, capacity 2557K, committed 2560K, reserved 1048576K
}
Event: 17.333 GC heap after
{Heap after GC invocations=5 (full 0):
 garbage-first heap   total 131072K, used 14085K [0x0000000081c00000, 0x0000000100000000)
  region size 1024K, 9 young (9216K), 9 survivors (9216K)
 Metaspace       used 20606K, capacity 21030K, committed 21248K, reserved 1069056K
  class space    used 2417K, capacity 2557K, committed 2560K, reserved 1048576K
}
Event: 23.714 GC heap before
{Heap before GC invocations=6 (full 0):
 garbage-first heap   total 131072K, used 78597K [0x0000000081c00000, 0x0000000100000000)
  region size 1024K, 72 young (73728K), 9 survivors (9216K)
 Metaspace       used 21092K, capacity 21540K, committed 21632K, reserved 1069056K
  class space    used 2444K, capacity 2598K, committed 2688K, reserved 1048576K
}
Event: 23.742 GC heap after
{Heap after GC invocations=7 (full 0):
 garbage-first heap   total 131072K, used 20413K [0x0000000081c00000, 0x0000000100000000)
  region size 1024K, 9 young (9216K), 9 survivors (9216K)
 Metaspace       used 21092K, capacity 21540K, committed 21632K, reserved 1069056K
  class space    used 2444K, capacity 2598K, committed 2688K, reserved 1048576K
}
Event: 26.227 GC heap before
{Heap before GC invocations=7 (full 0):
 garbage-first heap   total 131072K, used 85949K [0x0000000081c00000, 0x0000000100000000)
  region size 1024K, 73 young (74752K), 9 survivors (9216K)
 Metaspace       used 21647K, capacity 22123K, committed 22400K, reserved 1069056K
  class space    used 2459K, capacity 2600K, committed 2688K, reserved 1048576K
}
Event: 26.246 GC heap after
{Heap after GC invocations=8 (full 0):
 garbage-first heap   total 131072K, used 25219K [0x0000000081c00000, 0x0000000100000000)
  region size 1024K, 9 young (9216K), 9 survivors (9216K)
 Metaspace       used 21647K, capacity 22123K, committed 22400K, reserved 1069056K
  class space    used 2459K, capacity 2600K, committed 2688K, reserved 1048576K
}

