# JRE version: Java(TM) SE Runtime Environment (11.0.6+8) (build 11.0.6+8-LTS)
# Java VM: Java HotSpot(TM) 64-Bit Server VM (11.0.6+8-LTS, mixed mode, tiered, compressed oops, g1 gc, windows-amd64)
Heap:
 garbage-first heap   total 131072K, used 62353K [0x0000000081c00000, 0x0000000100000000)
  region size 1024K, 20 young (20480K), 6 survivors (6144K)
 Metaspace       used 36191K, capacity 37045K, committed 37116K, reserved 1083392K
  class space    used 3808K, capacity 4131K, committed 4172K, reserved 1048576K
GC Heap History (10 events):
Event: 36.392 GC heap before
{Heap before GC invocations=13 (full 0):
 garbage-first heap   total 131072K, used 97515K [0x0000000081c00000, 0x0000000100000000)
  region size 1024K, 76 young (77824K), 5 survivors (5120K)
 Metaspace       used 31863K, capacity 32521K, committed 32816K, reserved 1079296K
  class space    used 3369K, capacity 3611K, committed 3712K, reserved 1048576K
}
Event: 36.412 GC heap after
{Heap after GC invocations=14 (full 0):
 garbage-first heap   total 131072K, used 37773K [0x0000000081c00000, 0x0000000100000000)
  region size 1024K, 10 young (10240K), 10 survivors (10240K)
 Metaspace       used 31863K, capacity 32521K, committed 32816K, reserved 1079296K
  class space    used 3369K, capacity 3611K, committed 3712K, reserved 1048576K
}
Event: 40.589 GC heap before
{Heap before GC invocations=14 (full 0):
 garbage-first heap   total 131072K, used 102285K [0x0000000081c00000, 0x0000000100000000)
  region size 1024K, 74 young (75776K), 10 survivors (10240K)
 Metaspace       used 34392K, capacity 35200K, committed 35376K, reserved 1081344K
  class space    used 3618K, capacity 3902K, committed 3968K, reserved 1048576K
}
Event: 40.612 GC heap after
{Heap after GC invocations=15 (full 0):
 garbage-first heap   total 131072K, used 43292K [0x0000000081c00000, 0x0000000100000000)
  region size 1024K, 5 young (5120K), 5 survivors (5120K)
 Metaspace       used 34392K, capacity 35200K, committed 35376K, reserved 1081344K
  class space    used 3618K, capacity 3902K, committed 3968K, reserved 1048576K
}
Event: 40.951 GC heap before
{Heap before GC invocations=15 (full 0):
 garbage-first heap   total 131072K, used 47388K [0x0000000081c00000, 0x0000000100000000)
  region size 1024K, 10 young (10240K), 5 survivors (5120K)
 Metaspace       used 35091K, capacity 35878K, committed 35920K, reserved 1081344K
  class space    used 3687K, capacity 3955K, committed 3968K, reserved 1048576K
}
Event: 40.961 GC heap after
{Heap after GC invocations=16 (full 0):
 garbage-first heap   total 131072K, used 43952K [0x0000000081c00000, 0x0000000100000000)
  region size 1024K, 1 young (1024K), 1 survivors (1024K)
 Metaspace       used 35091K, capacity 35878K, committed 35920K, reserved 1081344K
  class space    used 3687K, capacity 3955K, committed 3968K, reserved 1048576K
}
Event: 42.367 GC heap before
{Heap before GC invocations=17 (full 0):
 garbage-first heap   total 131072K, used 89008K [0x0000000081c00000, 0x0000000100000000)
  region size 1024K, 45 young (46080K), 1 survivors (1024K)
 Metaspace       used 36158K, capacity 37035K, committed 37116K, reserved 1083392K
  class space    used 3808K, capacity 4129K, committed 4172K, reserved 1048576K
}
Event: 42.373 GC heap after
{Heap after GC invocations=18 (full 0):
 garbage-first heap   total 131072K, used 44989K [0x0000000081c00000, 0x0000000100000000)
  region size 1024K, 2 young (2048K), 2 survivors (2048K)
 Metaspace       used 36158K, capacity 37035K, committed 37116K, reserved 1083392K
  class space    used 3808K, capacity 4129K, committed 4172K, reserved 1048576K
}
Event: 43.524 GC heap before
{Heap before GC invocations=18 (full 0):
 garbage-first heap   total 131072K, used 93117K [0x0000000081c00000, 0x0000000100000000)
  region size 1024K, 48 young (49152K), 2 survivors (2048K)
 Metaspace       used 36181K, capacity 37045K, committed 37116K, reserved 1083392K
  class space    used 3808K, capacity 4131K, committed 4172K, reserved 1048576K
}
Event: 43.531 GC heap after
{Heap after GC invocations=19 (full 0):
 garbage-first heap   total 131072K, used 50065K [0x0000000081c00000, 0x0000000100000000)
  region size 1024K, 6 young (6144K), 6 survivors (6144K)
 Metaspace       used 36181K, capacity 37045K, committed 37116K, reserved 1083392K
  class space    used 3808K, capacity 4131K, committed 4172K, reserved 1048576K
}

