# JRE version: Java(TM) SE Runtime Environment (11.0.6+8) (build 11.0.6+8-LTS)
# Java VM: Java HotSpot(TM) 64-Bit Server VM (11.0.6+8-LTS, mixed mode, tiered, compressed oops, parallel gc, windows-amd64)
Heap:
 PSYoungGen      total 59392K, used 27828K [0x00000000eab00000, 0x00000000f4300000, 0x0000000100000000)
  eden space 58880K, 47% used [0x00000000eab00000,0x00000000ec615208,0x00000000ee480000)
  from space 512K, 18% used [0x00000000f4200000,0x00000000f4218000,0x00000000f4280000)
  to   space 512K, 0% used [0x00000000f4280000,0x00000000f4280000,0x00000000f4300000)
 ParOldGen       total 68608K, used 42962K [0x00000000c0000000, 0x00000000c4300000, 0x00000000eab00000)
  object space 68608K, 62% used [0x00000000c0000000,0x00000000c29f4a08,0x00000000c4300000)
 Metaspace       used 45130K, capacity 47421K, committed 47664K, reserved 1091584K
  class space    used 4519K, capacity 5388K, committed 5504K, reserved 1048576K
GC Heap History (10 events):
Event: 46.213 GC heap before
{Heap before GC invocations=25 (full 2):
 PSYoungGen      total 69632K, used 69248K [0x00000000eab00000, 0x00000000f4300000, 0x0000000100000000)
  eden space 69120K, 100% used [0x00000000eab00000,0x00000000eee80000,0x00000000eee80000)
  from space 512K, 25% used [0x00000000f4280000,0x00000000f42a0000,0x00000000f4300000)
  to   space 512K, 0% used [0x00000000f4200000,0x00000000f4200000,0x00000000f4280000)
 ParOldGen       total 68608K, used 42842K [0x00000000c0000000, 0x00000000c4300000, 0x00000000eab00000)
  object space 68608K, 62% used [0x00000000c0000000,0x00000000c29d6a08,0x00000000c4300000)
 Metaspace       used 44105K, capacity 46309K, committed 46512K, reserved 1091584K
  class space    used 4436K, capacity 5337K, committed 5376K, reserved 1048576K
}
Event: 46.214 GC heap after
{Heap after GC invocations=25 (full 2):
 PSYoungGen      total 67584K, used 128K [0x00000000eab00000, 0x00000000f4300000, 0x0000000100000000)
  eden space 67072K, 0% used [0x00000000eab00000,0x00000000eab00000,0x00000000eec80000)
  from space 512K, 25% used [0x00000000f4200000,0x00000000f4220000,0x00000000f4280000)
  to   space 512K, 0% used [0x00000000f4280000,0x00000000f4280000,0x00000000f4300000)
 ParOldGen       total 68608K, used 42898K [0x00000000c0000000, 0x00000000c4300000, 0x00000000eab00000)
  object space 68608K, 62% used [0x00000000c0000000,0x00000000c29e4a08,0x00000000c4300000)
 Metaspace       used 44105K, capacity 46309K, committed 46512K, reserved 1091584K
  class space    used 4436K, capacity 5337K, committed 5376K, reserved 1048576K
}
Event: 49.415 GC heap before
{Heap before GC invocations=26 (full 2):
 PSYoungGen      total 67584K, used 67200K [0x00000000eab00000, 0x00000000f4300000, 0x0000000100000000)
  eden space 67072K, 100% used [0x00000000eab00000,0x00000000eec80000,0x00000000eec80000)
  from space 512K, 25% used [0x00000000f4200000,0x00000000f4220000,0x00000000f4280000)
  to   space 512K, 0% used [0x00000000f4280000,0x00000000f4280000,0x00000000f4300000)
 ParOldGen       total 68608K, used 42898K [0x00000000c0000000, 0x00000000c4300000, 0x00000000eab00000)
  object space 68608K, 62% used [0x00000000c0000000,0x00000000c29e4a08,0x00000000c4300000)
 Metaspace       used 44105K, capacity 46309K, committed 46512K, reserved 1091584K
  class space    used 4436K, capacity 5337K, committed 5376K, reserved 1048576K
}
Event: 49.416 GC heap after
{Heap after GC invocations=26 (full 2):
 PSYoungGen      total 65536K, used 96K [0x00000000eab00000, 0x00000000f4300000, 0x0000000100000000)
  eden space 65024K, 0% used [0x00000000eab00000,0x00000000eab00000,0x00000000eea80000)
  from space 512K, 18% used [0x00000000f4280000,0x00000000f4298000,0x00000000f4300000)
  to   space 512K, 0% used [0x00000000f4200000,0x00000000f4200000,0x00000000f4280000)
 ParOldGen       total 68608K, used 42938K [0x00000000c0000000, 0x00000000c4300000, 0x00000000eab00000)
  object space 68608K, 62% used [0x00000000c0000000,0x00000000c29eea08,0x00000000c4300000)
 Metaspace       used 44105K, capacity 46309K, committed 46512K, reserved 1091584K
  class space    used 4436K, capacity 5337K, committed 5376K, reserved 1048576K
}
Event: 52.664 GC heap before
{Heap before GC invocations=27 (full 2):
 PSYoungGen      total 65536K, used 65120K [0x00000000eab00000, 0x00000000f4300000, 0x0000000100000000)
  eden space 65024K, 100% used [0x00000000eab00000,0x00000000eea80000,0x00000000eea80000)
  from space 512K, 18% used [0x00000000f4280000,0x00000000f4298000,0x00000000f4300000)
  to   space 512K, 0% used [0x00000000f4200000,0x00000000f4200000,0x00000000f4280000)
 ParOldGen       total 68608K, used 42938K [0x00000000c0000000, 0x00000000c4300000, 0x00000000eab00000)
  object space 68608K, 62% used [0x00000000c0000000,0x00000000c29eea08,0x00000000c4300000)
 Metaspace       used 44105K, capacity 46309K, committed 46512K, reserved 1091584K
  class space    used 4436K, capacity 5337K, committed 5376K, reserved 1048576K
}
Event: 52.665 GC heap after
{Heap after GC invocations=27 (full 2):
 PSYoungGen      total 63488K, used 128K [0x00000000eab00000, 0x00000000f4300000, 0x0000000100000000)
  eden space 62976K, 0% used [0x00000000eab00000,0x00000000eab00000,0x00000000ee880000)
  from space 512K, 25% used [0x00000000f4200000,0x00000000f4220000,0x00000000f4280000)
  to   space 512K, 0% used [0x00000000f4280000,0x00000000f4280000,0x00000000f4300000)
 ParOldGen       total 68608K, used 42946K [0x00000000c0000000, 0x00000000c4300000, 0x00000000eab00000)
  object space 68608K, 62% used [0x00000000c0000000,0x00000000c29f0a08,0x00000000c4300000)
 Metaspace       used 44105K, capacity 46309K, committed 46512K, reserved 1091584K
  class space    used 4436K, capacity 5337K, committed 5376K, reserved 1048576K
}
Event: 55.650 GC heap before
{Heap before GC invocations=28 (full 2):
 PSYoungGen      total 63488K, used 63104K [0x00000000eab00000, 0x00000000f4300000, 0x0000000100000000)
  eden space 62976K, 100% used [0x00000000eab00000,0x00000000ee880000,0x00000000ee880000)
  from space 512K, 25% used [0x00000000f4200000,0x00000000f4220000,0x00000000f4280000)
  to   space 512K, 0% used [0x00000000f4280000,0x00000000f4280000,0x00000000f4300000)
 ParOldGen       total 68608K, used 42946K [0x00000000c0000000, 0x00000000c4300000, 0x00000000eab00000)
  object space 68608K, 62% used [0x00000000c0000000,0x00000000c29f0a08,0x00000000c4300000)
 Metaspace       used 44105K, capacity 46309K, committed 46512K, reserved 1091584K
  class space    used 4436K, capacity 5337K, committed 5376K, reserved 1048576K
}
Event: 55.651 GC heap after
{Heap after GC invocations=28 (full 2):
 PSYoungGen      total 61440K, used 96K [0x00000000eab00000, 0x00000000f4300000, 0x0000000100000000)
  eden space 60928K, 0% used [0x00000000eab00000,0x00000000eab00000,0x00000000ee680000)
  from space 512K, 18% used [0x00000000f4280000,0x00000000f4298000,0x00000000f4300000)
  to   space 512K, 0% used [0x00000000f4200000,0x00000000f4200000,0x00000000f4280000)
 ParOldGen       total 68608K, used 42954K [0x00000000c0000000, 0x00000000c4300000, 0x00000000eab00000)
  object space 68608K, 62% used [0x00000000c0000000,0x00000000c29f2a08,0x00000000c4300000)
 Metaspace       used 44105K, capacity 46309K, committed 46512K, reserved 1091584K
  class space    used 4436K, capacity 5337K, committed 5376K, reserved 1048576K
}
Event: 58.763 GC heap before
{Heap before GC invocations=29 (full 2):
 PSYoungGen      total 61440K, used 61024K [0x00000000eab00000, 0x00000000f4300000, 0x0000000100000000)
  eden space 60928K, 100% used [0x00000000eab00000,0x00000000ee680000,0x00000000ee680000)
  from space 512K, 18% used [0x00000000f4280000,0x00000000f4298000,0x00000000f4300000)
  to   space 512K, 0% used [0x00000000f4200000,0x00000000f4200000,0x00000000f4280000)
 ParOldGen       total 68608K, used 42954K [0x00000000c0000000, 0x00000000c4300000, 0x00000000eab00000)
  object space 68608K, 62% used [0x00000000c0000000,0x00000000c29f2a08,0x00000000c4300000)
 Metaspace       used 44105K, capacity 46309K, committed 46512K, reserved 1091584K
  class space    used 4436K, capacity 5337K, committed 5376K, reserved 1048576K
}
Event: 58.763 GC heap after
{Heap after GC invocations=29 (full 2):
 PSYoungGen      total 59392K, used 96K [0x00000000eab00000, 0x00000000f4300000, 0x0000000100000000)
  eden space 58880K, 0% used [0x00000000eab00000,0x00000000eab00000,0x00000000ee480000)
  from space 512K, 18% used [0x00000000f4200000,0x00000000f4218000,0x00000000f4280000)
  to   space 512K, 0% used [0x00000000f4280000,0x00000000f4280000,0x00000000f4300000)
 ParOldGen       total 68608K, used 42962K [0x00000000c0000000, 0x00000000c4300000, 0x00000000eab00000)
  object space 68608K, 62% used [0x00000000c0000000,0x00000000c29f4a08,0x00000000c4300000)
 Metaspace       used 44105K, capacity 46309K, committed 46512K, reserved 1091584K
  class space    used 4436K, capacity 5337K, committed 5376K, reserved 1048576K
}

