# JRE version: Java(TM) SE Runtime Environment (11.0.6+8) (build 11.0.6+8-LTS)
# Java VM: Java HotSpot(TM) 64-Bit Server VM (11.0.6+8-LTS, mixed mode, tiered, compressed oops, g1 gc, windows-amd64)
Heap:
 garbage-first heap   total 131072K, used 37500K [0x0000000081c00000, 0x0000000100000000)
  region size 1024K, 35 young (35840K), 2 survivors (2048K)
 Metaspace       used 20841K, capacity 21116K, committed 21296K, reserved 1069056K
  class space    used 2233K, capacity 2359K, committed 2432K, reserved 1048576K
GC Heap History (6 events):
Event: 2.604 GC heap before
{Heap before GC invocations=0 (full 0):
 garbage-first heap   total 131072K, used 13312K [0x0000000081c00000, 0x0000000100000000)
  region size 1024K, 14 young (14336K), 0 survivors (0K)
 Metaspace       used 11499K, capacity 11644K, committed 11904K, reserved 1060864K
  class space    used 1076K, capacity 1139K, committed 1152K, reserved 1048576K
}
Event: 2.671 GC heap after
{Heap after GC invocations=1 (full 0):
 garbage-first heap   total 131072K, used 3401K [0x0000000081c00000, 0x0000000100000000)
  region size 1024K, 2 young (2048K), 2 survivors (2048K)
 Metaspace       used 11499K, capacity 11644K, committed 11904K, reserved 1060864K
  class space    used 1076K, capacity 1139K, committed 1152K, reserved 1048576K
}
Event: 3.852 GC heap before
{Heap before GC invocations=1 (full 0):
 garbage-first heap   total 131072K, used 11593K [0x0000000081c00000, 0x0000000100000000)
  region size 1024K, 10 young (10240K), 2 survivors (2048K)
 Metaspace       used 13551K, capacity 13800K, committed 14080K, reserved 1062912K
  class space    used 1350K, capacity 1431K, committed 1536K, reserved 1048576K
}
Event: 3.856 GC heap after
{Heap after GC invocations=2 (full 0):
 garbage-first heap   total 131072K, used 4049K [0x0000000081c00000, 0x0000000100000000)
  region size 1024K, 1 young (1024K), 1 survivors (1024K)
 Metaspace       used 13551K, capacity 13800K, committed 14080K, reserved 1062912K
  class space    used 1350K, capacity 1431K, committed 1536K, reserved 1048576K
}
Event: 6.360 GC heap before
{Heap before GC invocations=2 (full 0):
 garbage-first heap   total 131072K, used 29649K [0x0000000081c00000, 0x0000000100000000)
  region size 1024K, 27 young (27648K), 1 survivors (1024K)
 Metaspace       used 16214K, capacity 16497K, committed 16768K, reserved 1064960K
  class space    used 1687K, capacity 1793K, committed 1920K, reserved 1048576K
}
Event: 6.363 GC heap after
{Heap after GC invocations=3 (full 0):
 garbage-first heap   total 131072K, used 4732K [0x0000000081c00000, 0x0000000100000000)
  region size 1024K, 2 young (2048K), 2 survivors (2048K)
 Metaspace       used 16214K, capacity 16497K, committed 16768K, reserved 1064960K
  class space    used 1687K, capacity 1793K, committed 1920K, reserved 1048576K
}

