# JRE version: Java(TM) SE Runtime Environment (11.0.6+8) (build 11.0.6+8-LTS)
# Java VM: Java HotSpot(TM) 64-Bit Server VM (11.0.6+8-LTS, mixed mode, tiered, compressed oops, parallel gc, windows-amd64)
Heap:
 PSYoungGen      total 27136K, used 7621K [0x00000000eab00000, 0x00000000ed500000, 0x0000000100000000)
  eden space 20480K, 6% used [0x00000000eab00000,0x00000000eac4b920,0x00000000ebf00000)
  from space 6656K, 94% used [0x00000000ece80000,0x00000000ed4a5c28,0x00000000ed500000)
  to   space 9728K, 0% used [0x00000000ec200000,0x00000000ec200000,0x00000000ecb80000)
 ParOldGen       total 150016K, used 98555K [0x00000000c0000000, 0x00000000c9280000, 0x00000000eab00000)
  object space 150016K, 65% used [0x00000000c0000000,0x00000000c603ee40,0x00000000c9280000)
 Metaspace       used 57496K, capacity 60061K, committed 60336K, reserved 1105920K
  class space    used 5567K, capacity 6534K, committed 6656K, reserved 1048576K
GC Heap History (10 events):
Event: 262.031 GC heap before
{Heap before GC invocations=226 (full 10):
 PSYoungGen      total 28160K, used 23552K [0x00000000eab00000, 0x00000000ecb00000, 0x0000000100000000)
  eden space 23552K, 100% used [0x00000000eab00000,0x00000000ec200000,0x00000000ec200000)
  from space 4608K, 0% used [0x00000000ec680000,0x00000000ec680000,0x00000000ecb00000)
  to   space 4608K, 0% used [0x00000000ec200000,0x00000000ec200000,0x00000000ec680000)
 ParOldGen       total 99840K, used 63416K [0x00000000c0000000, 0x00000000c6180000, 0x00000000eab00000)
  object space 99840K, 63% used [0x00000000c0000000,0x00000000c3dee260,0x00000000c6180000)
 Metaspace       used 53404K, capacity 55966K, committed 56112K, reserved 1099776K
  class space    used 5270K, capacity 6193K, committed 6272K, reserved 1048576K
}
Event: 262.050 GC heap after
{Heap after GC invocations=226 (full 10):
 PSYoungGen      total 28160K, used 4608K [0x00000000eab00000, 0x00000000eeb00000, 0x0000000100000000)
  eden space 23552K, 0% used [0x00000000eab00000,0x00000000eab00000,0x00000000ec200000)
  from space 4608K, 100% used [0x00000000ec200000,0x00000000ec680000,0x00000000ec680000)
  to   space 20992K, 0% used [0x00000000ed680000,0x00000000ed680000,0x00000000eeb00000)
 ParOldGen       total 99840K, used 76712K [0x00000000c0000000, 0x00000000c6180000, 0x00000000eab00000)
  object space 99840K, 76% used [0x00000000c0000000,0x00000000c4aea260,0x00000000c6180000)
 Metaspace       used 53404K, capacity 55966K, committed 56112K, reserved 1099776K
  class space    used 5270K, capacity 6193K, committed 6272K, reserved 1048576K
}
Event: 262.147 GC heap before
{Heap before GC invocations=227 (full 10):
 PSYoungGen      total 28160K, used 28160K [0x00000000eab00000, 0x00000000eeb00000, 0x0000000100000000)
  eden space 23552K, 100% used [0x00000000eab00000,0x00000000ec200000,0x00000000ec200000)
  from space 4608K, 100% used [0x00000000ec200000,0x00000000ec680000,0x00000000ec680000)
  to   space 20992K, 0% used [0x00000000ed680000,0x00000000ed680000,0x00000000eeb00000)
 ParOldGen       total 99840K, used 76712K [0x00000000c0000000, 0x00000000c6180000, 0x00000000eab00000)
  object space 99840K, 76% used [0x00000000c0000000,0x00000000c4aea260,0x00000000c6180000)
 Metaspace       used 53404K, capacity 55966K, committed 56112K, reserved 1099776K
  class space    used 5270K, capacity 6193K, committed 6272K, reserved 1048576K
}
Event: 262.170 GC heap after
{Heap after GC invocations=227 (full 10):
 PSYoungGen      total 41472K, used 20992K [0x00000000eab00000, 0x00000000ef100000, 0x0000000100000000)
  eden space 20480K, 0% used [0x00000000eab00000,0x00000000eab00000,0x00000000ebf00000)
  from space 20992K, 100% used [0x00000000ed680000,0x00000000eeb00000,0x00000000eeb00000)
  to   space 24064K, 0% used [0x00000000ebf00000,0x00000000ebf00000,0x00000000ed680000)
 ParOldGen       total 99840K, used 78312K [0x00000000c0000000, 0x00000000c6180000, 0x00000000eab00000)
  object space 99840K, 78% used [0x00000000c0000000,0x00000000c4c7a260,0x00000000c6180000)
 Metaspace       used 53404K, capacity 55966K, committed 56112K, reserved 1099776K
  class space    used 5270K, capacity 6193K, committed 6272K, reserved 1048576K
}
Event: 293.763 GC heap before
{Heap before GC invocations=228 (full 10):
 PSYoungGen      total 41472K, used 40804K [0x00000000eab00000, 0x00000000ef100000, 0x0000000100000000)
  eden space 20480K, 96% used [0x00000000eab00000,0x00000000ebe59098,0x00000000ebf00000)
  from space 20992K, 100% used [0x00000000ed680000,0x00000000eeb00000,0x00000000eeb00000)
  to   space 24064K, 0% used [0x00000000ebf00000,0x00000000ebf00000,0x00000000ed680000)
 ParOldGen       total 99840K, used 78312K [0x00000000c0000000, 0x00000000c6180000, 0x00000000eab00000)
  object space 99840K, 78% used [0x00000000c0000000,0x00000000c4c7a260,0x00000000c6180000)
 Metaspace       used 54079K, capacity 56615K, committed 56880K, reserved 1099776K
  class space    used 5315K, capacity 6260K, committed 6272K, reserved 1048576K
}
Event: 293.782 GC heap after
{Heap after GC invocations=228 (full 10):
 PSYoungGen      total 39424K, used 18610K [0x00000000eab00000, 0x00000000ee700000, 0x0000000100000000)
  eden space 20480K, 0% used [0x00000000eab00000,0x00000000eab00000,0x00000000ebf00000)
  from space 18944K, 98% used [0x00000000ebf00000,0x00000000ed12cb18,0x00000000ed180000)
  to   space 20480K, 0% used [0x00000000ed300000,0x00000000ed300000,0x00000000ee700000)
 ParOldGen       total 99840K, used 82952K [0x00000000c0000000, 0x00000000c6180000, 0x00000000eab00000)
  object space 99840K, 83% used [0x00000000c0000000,0x00000000c5102260,0x00000000c6180000)
 Metaspace       used 54079K, capacity 56615K, committed 56880K, reserved 1099776K
  class space    used 5315K, capacity 6260K, committed 6272K, reserved 1048576K
}
Event: 295.441 GC heap before
{Heap before GC invocations=229 (full 10):
 PSYoungGen      total 39424K, used 39090K [0x00000000eab00000, 0x00000000ee700000, 0x0000000100000000)
  eden space 20480K, 100% used [0x00000000eab00000,0x00000000ebf00000,0x00000000ebf00000)
  from space 18944K, 98% used [0x00000000ebf00000,0x00000000ed12cb18,0x00000000ed180000)
  to   space 20480K, 0% used [0x00000000ed300000,0x00000000ed300000,0x00000000ee700000)
 ParOldGen       total 99840K, used 82952K [0x00000000c0000000, 0x00000000c6180000, 0x00000000eab00000)
  object space 99840K, 83% used [0x00000000c0000000,0x00000000c5102260,0x00000000c6180000)
 Metaspace       used 56280K, capacity 58883K, committed 59184K, reserved 1101824K
  class space    used 5490K, capacity 6463K, committed 6528K, reserved 1048576K
}
Event: 295.468 GC heap after
{Heap after GC invocations=229 (full 10):
 PSYoungGen      total 34304K, used 13558K [0x00000000eab00000, 0x00000000ee080000, 0x0000000100000000)
  eden space 20480K, 0% used [0x00000000eab00000,0x00000000eab00000,0x00000000ebf00000)
  from space 13824K, 98% used [0x00000000ed300000,0x00000000ee03dbb0,0x00000000ee080000)
  to   space 15872K, 0% used [0x00000000ec180000,0x00000000ec180000,0x00000000ed100000)
 ParOldGen       total 99840K, used 99400K [0x00000000c0000000, 0x00000000c6180000, 0x00000000eab00000)
  object space 99840K, 99% used [0x00000000c0000000,0x00000000c6112260,0x00000000c6180000)
 Metaspace       used 56280K, capacity 58883K, committed 59184K, reserved 1101824K
  class space    used 5490K, capacity 6463K, committed 6528K, reserved 1048576K
}
Event: 295.468 GC heap before
{Heap before GC invocations=230 (full 11):
 PSYoungGen      total 34304K, used 13558K [0x00000000eab00000, 0x00000000ee080000, 0x0000000100000000)
  eden space 20480K, 0% used [0x00000000eab00000,0x00000000eab00000,0x00000000ebf00000)
  from space 13824K, 98% used [0x00000000ed300000,0x00000000ee03dbb0,0x00000000ee080000)
  to   space 15872K, 0% used [0x00000000ec180000,0x00000000ec180000,0x00000000ed100000)
 ParOldGen       total 99840K, used 99400K [0x00000000c0000000, 0x00000000c6180000, 0x00000000eab00000)
  object space 99840K, 99% used [0x00000000c0000000,0x00000000c6112260,0x00000000c6180000)
 Metaspace       used 56280K, capacity 58883K, committed 59184K, reserved 1101824K
  class space    used 5490K, capacity 6463K, committed 6528K, reserved 1048576K
}
Event: 295.838 GC heap after
{Heap after GC invocations=230 (full 11):
 PSYoungGen      total 20992K, used 0K [0x00000000eab00000, 0x00000000ede00000, 0x0000000100000000)
  eden space 20480K, 0% used [0x00000000eab00000,0x00000000eab00000,0x00000000ebf00000)
  from space 512K, 0% used [0x00000000ec180000,0x00000000ec180000,0x00000000ec200000)
  to   space 15872K, 0% used [0x00000000ece80000,0x00000000ece80000,0x00000000ede00000)
 ParOldGen       total 150016K, used 98547K [0x00000000c0000000, 0x00000000c9280000, 0x00000000eab00000)
  object space 150016K, 65% used [0x00000000c0000000,0x00000000c603ce40,0x00000000c9280000)
 Metaspace       used 56280K, capacity 58883K, committed 59184K, reserved 1101824K
  class space    used 5490K, capacity 6463K, committed 6528K, reserved 1048576K
}

