# JRE version: Java(TM) SE Runtime Environment (11.0.6+8) (build 11.0.6+8-LTS)
# Java VM: Java HotSpot(TM) 64-Bit Server VM (11.0.6+8-LTS, mixed mode, tiered, compressed oops, g1 gc, windows-amd64)
Heap:
 garbage-first heap   total 131072K, used 48900K [0x0000000081c00000, 0x0000000100000000)
  region size 1024K, 34 young (34816K), 6 survivors (6144K)
 Metaspace       used 25588K, capacity 26097K, committed 26416K, reserved 1073152K
  class space    used 2684K, capacity 2846K, committed 2944K, reserved 1048576K
GC Heap History (10 events):
Event: 2.663 GC heap before
{Heap before GC invocations=1 (full 0):
 garbage-first heap   total 131072K, used 7334K [0x0000000081c00000, 0x0000000100000000)
  region size 1024K, 6 young (6144K), 2 survivors (2048K)
 Metaspace       used 12401K, capacity 12619K, committed 12928K, reserved 1060864K
  class space    used 1213K, capacity 1296K, committed 1408K, reserved 1048576K
}
Event: 2.667 GC heap after
{Heap after GC invocations=2 (full 0):
 garbage-first heap   total 131072K, used 3395K [0x0000000081c00000, 0x0000000100000000)
  region size 1024K, 1 young (1024K), 1 survivors (1024K)
 Metaspace       used 12401K, capacity 12619K, committed 12928K, reserved 1060864K
  class space    used 1213K, capacity 1296K, committed 1408K, reserved 1048576K
}
Event: 3.528 GC heap before
{Heap before GC invocations=2 (full 0):
 garbage-first heap   total 131072K, used 25923K [0x0000000081c00000, 0x0000000100000000)
  region size 1024K, 23 young (23552K), 1 survivors (1024K)
 Metaspace       used 14757K, capacity 15025K, committed 15232K, reserved 1062912K
  class space    used 1517K, capacity 1625K, committed 1664K, reserved 1048576K
}
Event: 3.531 GC heap after
{Heap after GC invocations=3 (full 0):
 garbage-first heap   total 131072K, used 4080K [0x0000000081c00000, 0x0000000100000000)
  region size 1024K, 1 young (1024K), 1 survivors (1024K)
 Metaspace       used 14757K, capacity 15025K, committed 15232K, reserved 1062912K
  class space    used 1517K, capacity 1625K, committed 1664K, reserved 1048576K
}
Event: 6.940 GC heap before
{Heap before GC invocations=3 (full 0):
 garbage-first heap   total 131072K, used 61424K [0x0000000081c00000, 0x0000000100000000)
  region size 1024K, 58 young (59392K), 1 survivors (1024K)
 Metaspace       used 20864K, capacity 21173K, committed 21296K, reserved 1069056K
  class space    used 2231K, capacity 2358K, committed 2432K, reserved 1048576K
}
Event: 6.960 GC heap after
{Heap after GC invocations=4 (full 0):
 garbage-first heap   total 131072K, used 9466K [0x0000000081c00000, 0x0000000100000000)
  region size 1024K, 7 young (7168K), 7 survivors (7168K)
 Metaspace       used 20864K, capacity 21173K, committed 21296K, reserved 1069056K
  class space    used 2231K, capacity 2358K, committed 2432K, reserved 1048576K
}
Event: 10.601 GC heap before
{Heap before GC invocations=5 (full 0):
 garbage-first heap   total 131072K, used 73978K [0x0000000081c00000, 0x0000000100000000)
  region size 1024K, 70 young (71680K), 7 survivors (7168K)
 Metaspace       used 21748K, capacity 22145K, committed 22320K, reserved 1069056K
  class space    used 2280K, capacity 2402K, committed 2432K, reserved 1048576K
}
Event: 10.633 GC heap after
{Heap after GC invocations=6 (full 0):
 garbage-first heap   total 131072K, used 15799K [0x0000000081c00000, 0x0000000100000000)
  region size 1024K, 7 young (7168K), 7 survivors (7168K)
 Metaspace       used 21748K, capacity 22145K, committed 22320K, reserved 1069056K
  class space    used 2280K, capacity 2402K, committed 2432K, reserved 1048576K
}
Event: 15.530 GC heap before
{Heap before GC invocations=6 (full 0):
 garbage-first heap   total 131072K, used 86455K [0x0000000081c00000, 0x0000000100000000)
  region size 1024K, 76 young (77824K), 7 survivors (7168K)
 Metaspace       used 22284K, capacity 22664K, committed 22832K, reserved 1069056K
  class space    used 2296K, capacity 2404K, committed 2432K, reserved 1048576K
}
Event: 15.557 GC heap after
{Heap after GC invocations=7 (full 0):
 garbage-first heap   total 131072K, used 21252K [0x0000000081c00000, 0x0000000100000000)
  region size 1024K, 6 young (6144K), 6 survivors (6144K)
 Metaspace       used 22284K, capacity 22664K, committed 22832K, reserved 1069056K
  class space    used 2296K, capacity 2404K, committed 2432K, reserved 1048576K
}

