# JRE version: Java(TM) SE Runtime Environment (11.0.6+8) (build 11.0.6+8-LTS)
# Java VM: Java HotSpot(TM) 64-Bit Server VM (11.0.6+8-LTS, mixed mode, tiered, compressed oops, g1 gc, windows-amd64)
Heap:
 garbage-first heap   total 157696K, used 103349K [0x0000000081c00000, 0x0000000100000000)
  region size 1024K, 47 young (48128K), 3 survivors (3072K)
 Metaspace       used 38782K, capacity 39916K, committed 40016K, reserved 1085440K
  class space    used 4187K, capacity 4561K, committed 4608K, reserved 1048576K
GC Heap History (10 events):
Event: 9.912 GC heap before
{Heap before GC invocations=9 (full 0):
 garbage-first heap   total 157696K, used 113478K [0x0000000081c00000, 0x0000000100000000)
  region size 1024K, 91 young (93184K), 10 survivors (10240K)
 Metaspace       used 33546K, capacity 34234K, committed 34352K, reserved 1079296K
  class space    used 3550K, capacity 3858K, committed 3968K, reserved 1048576K
}
Event: 9.932 GC heap after
{Heap after GC invocations=10 (full 0):
 garbage-first heap   total 157696K, used 42257K [0x0000000081c00000, 0x0000000100000000)
  region size 1024K, 11 young (11264K), 11 survivors (11264K)
 Metaspace       used 33546K, capacity 34234K, committed 34352K, reserved 1079296K
  class space    used 3550K, capacity 3858K, committed 3968K, reserved 1048576K
}
Event: 10.300 GC heap before
{Heap before GC invocations=10 (full 0):
 garbage-first heap   total 157696K, used 61713K [0x0000000081c00000, 0x0000000100000000)
  region size 1024K, 32 young (32768K), 11 survivors (11264K)
 Metaspace       used 34956K, capacity 35761K, committed 35920K, reserved 1081344K
  class space    used 3694K, capacity 3983K, committed 4096K, reserved 1048576K
}
Event: 10.310 GC heap after
{Heap after GC invocations=11 (full 0):
 garbage-first heap   total 157696K, used 43520K [0x0000000081c00000, 0x0000000100000000)
  region size 1024K, 2 young (2048K), 2 survivors (2048K)
 Metaspace       used 34956K, capacity 35761K, committed 35920K, reserved 1081344K
  class space    used 3694K, capacity 3983K, committed 4096K, reserved 1048576K
}
Event: 11.261 GC heap before
{Heap before GC invocations=12 (full 0):
 garbage-first heap   total 157696K, used 109056K [0x0000000081c00000, 0x0000000100000000)
  region size 1024K, 64 young (65536K), 2 survivors (2048K)
 Metaspace       used 35860K, capacity 36717K, committed 37072K, reserved 1083392K
  class space    used 3806K, capacity 4131K, committed 4224K, reserved 1048576K
}
Event: 11.268 GC heap after
{Heap after GC invocations=13 (full 0):
 garbage-first heap   total 157696K, used 49058K [0x0000000081c00000, 0x0000000100000000)
  region size 1024K, 6 young (6144K), 6 survivors (6144K)
 Metaspace       used 35860K, capacity 36717K, committed 37072K, reserved 1083392K
  class space    used 3806K, capacity 4131K, committed 4224K, reserved 1048576K
}
Event: 11.933 GC heap before
{Heap before GC invocations=13 (full 0):
 garbage-first heap   total 157696K, used 110498K [0x0000000081c00000, 0x0000000100000000)
  region size 1024K, 67 young (68608K), 6 survivors (6144K)
 Metaspace       used 35952K, capacity 36857K, committed 37072K, reserved 1083392K
  class space    used 3809K, capacity 4135K, committed 4224K, reserved 1048576K
}
Event: 11.944 GC heap after
{Heap after GC invocations=14 (full 0):
 garbage-first heap   total 157696K, used 58368K [0x0000000081c00000, 0x0000000100000000)
  region size 1024K, 9 young (9216K), 9 survivors (9216K)
 Metaspace       used 35952K, capacity 36857K, committed 37072K, reserved 1083392K
  class space    used 3809K, capacity 4135K, committed 4224K, reserved 1048576K
}
Event: 12.605 GC heap before
{Heap before GC invocations=14 (full 0):
 garbage-first heap   total 157696K, used 112640K [0x0000000081c00000, 0x0000000100000000)
  region size 1024K, 63 young (64512K), 9 survivors (9216K)
 Metaspace       used 37273K, capacity 38315K, committed 38480K, reserved 1083392K
  class space    used 3959K, capacity 4303K, committed 4352K, reserved 1048576K
}
Event: 12.615 GC heap after
{Heap after GC invocations=15 (full 0):
 garbage-first heap   total 157696K, used 59317K [0x0000000081c00000, 0x0000000100000000)
  region size 1024K, 3 young (3072K), 3 survivors (3072K)
 Metaspace       used 37273K, capacity 38315K, committed 38480K, reserved 1083392K
  class space    used 3959K, capacity 4303K, committed 4352K, reserved 1048576K
}

