# JRE version: Java(TM) SE Runtime Environment (11.0.6+8) (build 11.0.6+8-LTS)
# Java VM: Java HotSpot(TM) 64-Bit Server VM (11.0.6+8-LTS, mixed mode, tiered, compressed oops, g1 gc, windows-amd64)
Heap:
 garbage-first heap   total 131072K, used 30277K [0x0000000081c00000, 0x0000000100000000)
  region size 1024K, 28 young (28672K), 2 survivors (2048K)
 Metaspace       used 20537K, capacity 20899K, committed 21120K, reserved 1069056K
  class space    used 2212K, capacity 2352K, committed 2432K, reserved 1048576K
GC Heap History (6 events):
Event: 3.310 GC heap before
{Heap before GC invocations=0 (full 0):
 garbage-first heap   total 131072K, used 14336K [0x0000000081c00000, 0x0000000100000000)
  region size 1024K, 14 young (14336K), 0 survivors (0K)
 Metaspace       used 11515K, capacity 11762K, committed 12032K, reserved 1060864K
  class space    used 1084K, capacity 1199K, committed 1280K, reserved 1048576K
}
Event: 3.328 GC heap after
{Heap after GC invocations=1 (full 0):
 garbage-first heap   total 131072K, used 3139K [0x0000000081c00000, 0x0000000100000000)
  region size 1024K, 2 young (2048K), 2 survivors (2048K)
 Metaspace       used 11515K, capacity 11762K, committed 12032K, reserved 1060864K
  class space    used 1084K, capacity 1199K, committed 1280K, reserved 1048576K
}
Event: 3.765 GC heap before
{Heap before GC invocations=1 (full 0):
 garbage-first heap   total 131072K, used 11331K [0x0000000081c00000, 0x0000000100000000)
  region size 1024K, 10 young (10240K), 2 survivors (2048K)
 Metaspace       used 13268K, capacity 13534K, committed 13824K, reserved 1060864K
  class space    used 1333K, capacity 1427K, committed 1536K, reserved 1048576K
}
Event: 3.769 GC heap after
{Heap after GC invocations=2 (full 0):
 garbage-first heap   total 131072K, used 3718K [0x0000000081c00000, 0x0000000100000000)
  region size 1024K, 1 young (1024K), 1 survivors (1024K)
 Metaspace       used 13268K, capacity 13534K, committed 13824K, reserved 1060864K
  class space    used 1333K, capacity 1427K, committed 1536K, reserved 1048576K
}
Event: 4.873 GC heap before
{Heap before GC invocations=2 (full 0):
 garbage-first heap   total 131072K, used 30342K [0x0000000081c00000, 0x0000000100000000)
  region size 1024K, 27 young (27648K), 1 survivors (1024K)
 Metaspace       used 16338K, capacity 16623K, committed 16768K, reserved 1064960K
  class space    used 1727K, capacity 1856K, committed 1920K, reserved 1048576K
}
Event: 4.876 GC heap after
{Heap after GC invocations=3 (full 0):
 garbage-first heap   total 131072K, used 4677K [0x0000000081c00000, 0x0000000100000000)
  region size 1024K, 2 young (2048K), 2 survivors (2048K)
 Metaspace       used 16338K, capacity 16623K, committed 16768K, reserved 1064960K
  class space    used 1727K, capacity 1856K, committed 1920K, reserved 1048576K
}

