# JRE version: Java(TM) SE Runtime Environment (11.0.6+8) (build 11.0.6+8-LTS)
# Java VM: Java HotSpot(TM) 64-Bit Server VM (11.0.6+8-LTS, mixed mode, tiered, compressed oops, g1 gc, windows-amd64)
Heap:
 garbage-first heap   total 157696K, used 40014K [0x0000000081c00000, 0x0000000100000000)
  region size 1024K, 21 young (21504K), 10 survivors (10240K)
 Metaspace       used 31321K, capacity 32031K, committed 32176K, reserved 1077248K
  class space    used 3327K, capacity 3551K, committed 3584K, reserved 1048576K
GC Heap History (10 events):
Event: 1.508 GC heap after
{Heap after GC invocations=3 (full 0):
 garbage-first heap   total 131072K, used 5282K [0x0000000081c00000, 0x0000000100000000)
  region size 1024K, 2 young (2048K), 2 survivors (2048K)
 Metaspace       used 17537K, capacity 17795K, committed 17920K, reserved 1064960K
  class space    used 1876K, capacity 1990K, committed 2048K, reserved 1048576K
}
Event: 2.206 GC heap before
{Heap before GC invocations=3 (full 0):
 garbage-first heap   total 131072K, used 30882K [0x0000000081c00000, 0x0000000100000000)
  region size 1024K, 28 young (28672K), 2 survivors (2048K)
 Metaspace       used 20812K, capacity 21119K, committed 21296K, reserved 1069056K
  class space    used 2235K, capacity 2360K, committed 2432K, reserved 1048576K
}
Event: 2.214 GC heap after
{Heap after GC invocations=4 (full 0):
 garbage-first heap   total 131072K, used 8100K [0x0000000081c00000, 0x0000000100000000)
  region size 1024K, 5 young (5120K), 5 survivors (5120K)
 Metaspace       used 20812K, capacity 21119K, committed 21296K, reserved 1069056K
  class space    used 2235K, capacity 2360K, committed 2432K, reserved 1048576K
}
Event: 2.976 GC heap before
{Heap before GC invocations=5 (full 0):
 garbage-first heap   total 131072K, used 57252K [0x0000000081c00000, 0x0000000100000000)
  region size 1024K, 53 young (54272K), 5 survivors (5120K)
 Metaspace       used 21466K, capacity 21799K, committed 22064K, reserved 1069056K
  class space    used 2272K, capacity 2393K, committed 2432K, reserved 1048576K
}
Event: 2.991 GC heap after
{Heap after GC invocations=6 (full 0):
 garbage-first heap   total 157696K, used 13317K [0x0000000081c00000, 0x0000000100000000)
  region size 1024K, 7 young (7168K), 7 survivors (7168K)
 Metaspace       used 21466K, capacity 21799K, committed 22064K, reserved 1069056K
  class space    used 2272K, capacity 2393K, committed 2432K, reserved 1048576K
}
Event: 3.836 GC heap before
{Heap before GC invocations=6 (full 0):
 garbage-first heap   total 157696K, used 84997K [0x0000000081c00000, 0x0000000100000000)
  region size 1024K, 77 young (78848K), 7 survivors (7168K)
 Metaspace       used 21908K, capacity 22283K, committed 22576K, reserved 1069056K
  class space    used 2282K, capacity 2404K, committed 2432K, reserved 1048576K
}
Event: 3.854 GC heap after
{Heap after GC invocations=7 (full 0):
 garbage-first heap   total 157696K, used 19129K [0x0000000081c00000, 0x0000000100000000)
  region size 1024K, 10 young (10240K), 10 survivors (10240K)
 Metaspace       used 21908K, capacity 22283K, committed 22576K, reserved 1069056K
  class space    used 2282K, capacity 2404K, committed 2432K, reserved 1048576K
}
Event: 5.268 GC heap before
{Heap before GC invocations=7 (full 0):
 garbage-first heap   total 157696K, used 95929K [0x0000000081c00000, 0x0000000100000000)
  region size 1024K, 85 young (87040K), 10 survivors (10240K)
 Metaspace       used 25368K, capacity 25912K, committed 26160K, reserved 1073152K
  class space    used 2636K, capacity 2829K, committed 2944K, reserved 1048576K
}
Event: 5.282 GC heap after
{Heap after GC invocations=8 (full 0):
 garbage-first heap   total 157696K, used 23378K [0x0000000081c00000, 0x0000000100000000)
  region size 1024K, 4 young (4096K), 4 survivors (4096K)
 Metaspace       used 25368K, capacity 25912K, committed 26160K, reserved 1073152K
  class space    used 2636K, capacity 2829K, committed 2944K, reserved 1048576K
}
Event: 5.881 GC heap before
{Heap before GC invocations=8 (full 0):
 garbage-first heap   total 157696K, used 104274K [0x0000000081c00000, 0x0000000100000000)
  region size 1024K, 82 young (83968K), 4 survivors (4096K)
 Metaspace       used 31294K, capacity 31960K, committed 32176K, reserved 1077248K
  class space    used 3326K, capacity 3549K, committed 3584K, reserved 1048576K
}

