# JRE version: Java(TM) SE Runtime Environment (11.0.6+8) (build 11.0.6+8-LTS)
# Java VM: Java HotSpot(TM) 64-Bit Server VM (11.0.6+8-LTS, mixed mode, tiered, compressed oops, g1 gc, windows-amd64)
Heap:
 garbage-first heap   total 131072K, used 37204K [0x0000000081c00000, 0x0000000100000000)
  region size 1024K, 16 young (16384K), 3 survivors (3072K)
 Metaspace       used 31098K, capacity 31723K, committed 31920K, reserved 1085440K
  class space    used 3312K, capacity 3577K, committed 3584K, reserved 1048576K
GC Heap History (10 events):
Event: 9.779 GC heap before
{Heap before GC invocations=3 (full 0):
 garbage-first heap   total 131072K, used 48835K [0x0000000081c00000, 0x0000000100000000)
  region size 1024K, 46 young (47104K), 2 survivors (2048K)
 Metaspace       used 20831K, capacity 21113K, committed 21296K, reserved 1069056K
  class space    used 2229K, capacity 2358K, committed 2432K, reserved 1048576K
}
Event: 9.796 GC heap after
{Heap after GC invocations=4 (full 0):
 garbage-first heap   total 131072K, used 9470K [0x0000000081c00000, 0x0000000100000000)
  region size 1024K, 6 young (6144K), 6 survivors (6144K)
 Metaspace       used 20831K, capacity 21113K, committed 21296K, reserved 1069056K
  class space    used 2229K, capacity 2358K, committed 2432K, reserved 1048576K
}
Event: 12.566 GC heap before
{Heap before GC invocations=5 (full 0):
 garbage-first heap   total 131072K, used 73982K [0x0000000081c00000, 0x0000000100000000)
  region size 1024K, 69 young (70656K), 6 survivors (6144K)
 Metaspace       used 21571K, capacity 21944K, committed 22064K, reserved 1069056K
  class space    used 2267K, capacity 2399K, committed 2432K, reserved 1048576K
}
Event: 12.599 GC heap after
{Heap after GC invocations=6 (full 0):
 garbage-first heap   total 131072K, used 15917K [0x0000000081c00000, 0x0000000100000000)
  region size 1024K, 7 young (7168K), 7 survivors (7168K)
 Metaspace       used 21571K, capacity 21944K, committed 22064K, reserved 1069056K
  class space    used 2267K, capacity 2399K, committed 2432K, reserved 1048576K
}
Event: 15.047 GC heap before
{Heap before GC invocations=6 (full 0):
 garbage-first heap   total 131072K, used 83501K [0x0000000081c00000, 0x0000000100000000)
  region size 1024K, 73 young (74752K), 7 survivors (7168K)
 Metaspace       used 22110K, capacity 22463K, committed 22576K, reserved 1069056K
  class space    used 2283K, capacity 2401K, committed 2432K, reserved 1048576K
}
Event: 15.070 GC heap after
{Heap after GC invocations=7 (full 0):
 garbage-first heap   total 131072K, used 20735K [0x0000000081c00000, 0x0000000100000000)
  region size 1024K, 6 young (6144K), 6 survivors (6144K)
 Metaspace       used 22110K, capacity 22463K, committed 22576K, reserved 1069056K
  class space    used 2283K, capacity 2401K, committed 2432K, reserved 1048576K
}
Event: 17.183 GC heap before
{Heap before GC invocations=7 (full 0):
 garbage-first heap   total 131072K, used 92415K [0x0000000081c00000, 0x0000000100000000)
  region size 1024K, 76 young (77824K), 6 survivors (6144K)
 Metaspace       used 25237K, capacity 25774K, committed 25904K, reserved 1073152K
  class space    used 2623K, capacity 2826K, committed 2944K, reserved 1048576K
}
Event: 17.199 GC heap after
{Heap after GC invocations=8 (full 0):
 garbage-first heap   total 131072K, used 23378K [0x0000000081c00000, 0x0000000100000000)
  region size 1024K, 7 young (7168K), 7 survivors (7168K)
 Metaspace       used 25237K, capacity 25774K, committed 25904K, reserved 1073152K
  class space    used 2623K, capacity 2826K, committed 2944K, reserved 1048576K
}
Event: 17.607 GC heap before
{Heap before GC invocations=8 (full 0):
 garbage-first heap   total 131072K, used 39762K [0x0000000081c00000, 0x0000000100000000)
  region size 1024K, 25 young (25600K), 7 survivors (7168K)
 Metaspace       used 26073K, capacity 26625K, committed 26672K, reserved 1079296K
  class space    used 2723K, capacity 2941K, committed 2944K, reserved 1048576K
}
Event: 17.623 GC heap after
{Heap after GC invocations=9 (full 0):
 garbage-first heap   total 131072K, used 22868K [0x0000000081c00000, 0x0000000100000000)
  region size 1024K, 3 young (3072K), 3 survivors (3072K)
 Metaspace       used 26073K, capacity 26625K, committed 26672K, reserved 1079296K
  class space    used 2723K, capacity 2941K, committed 2944K, reserved 1048576K
}

