# JRE version: Java(TM) SE Runtime Environment (11.0.6+8) (build 11.0.6+8-LTS)
# Java VM: Java HotSpot(TM) 64-Bit Server VM (11.0.6+8-LTS, mixed mode, tiered, compressed oops, g1 gc, windows-amd64)
Heap:
 garbage-first heap   total 215040K, used 21422K [0x0000000081c00000, 0x0000000100000000)
  region size 1024K, 10 young (10240K), 10 survivors (10240K)
 Metaspace       used 51280K, capacity 52603K, committed 52656K, reserved 1095680K
  class space    used 6635K, capacity 7140K, committed 7168K, reserved 1048576K
GC Heap History (10 events):
Event: 1.078 GC heap after
{Heap after GC invocations=4 (full 0):
 garbage-first heap   total 131072K, used 8676K [0x0000000081c00000, 0x0000000100000000)
  region size 1024K, 3 young (3072K), 3 survivors (3072K)
 Metaspace       used 20740K, capacity 21214K, committed 21296K, reserved 1069056K
  class space    used 2451K, capacity 2659K, committed 2688K, reserved 1048576K
}
Event: 1.255 GC heap before
{Heap before GC invocations=5 (full 0):
 garbage-first heap   total 131072K, used 51684K [0x0000000081c00000, 0x0000000100000000)
  region size 1024K, 46 young (47104K), 3 survivors (3072K)
 Metaspace       used 22361K, capacity 22976K, committed 23088K, reserved 1069056K
  class space    used 2677K, capacity 2908K, committed 2944K, reserved 1048576K
}
Event: 1.261 GC heap after
{Heap after GC invocations=6 (full 0):
 garbage-first heap   total 157696K, used 9356K [0x0000000081c00000, 0x0000000100000000)
  region size 1024K, 4 young (4096K), 4 survivors (4096K)
 Metaspace       used 22361K, capacity 22976K, committed 23088K, reserved 1069056K
  class space    used 2677K, capacity 2908K, committed 2944K, reserved 1048576K
}
Event: 2.260 GC heap before
{Heap before GC invocations=6 (full 0):
 garbage-first heap   total 157696K, used 73868K [0x0000000081c00000, 0x0000000100000000)
  region size 1024K, 68 young (69632K), 4 survivors (4096K)
 Metaspace       used 25761K, capacity 26478K, committed 26672K, reserved 1073152K
  class space    used 3166K, capacity 3432K, committed 3456K, reserved 1048576K
}
Event: 2.268 GC heap after
{Heap after GC invocations=7 (full 0):
 garbage-first heap   total 157696K, used 11851K [0x0000000081c00000, 0x0000000100000000)
  region size 1024K, 6 young (6144K), 6 survivors (6144K)
 Metaspace       used 25761K, capacity 26478K, committed 26672K, reserved 1073152K
  class space    used 3166K, capacity 3432K, committed 3456K, reserved 1048576K
}
Event: 3.362 GC heap before
{Heap before GC invocations=7 (full 0):
 garbage-first heap   total 157696K, used 98891K [0x0000000081c00000, 0x0000000100000000)
  region size 1024K, 92 young (94208K), 6 survivors (6144K)
 Metaspace       used 32175K, capacity 33106K, committed 33200K, reserved 1079296K
  class space    used 3965K, capacity 4333K, committed 4352K, reserved 1048576K
}
Event: 3.389 GC heap after
{Heap after GC invocations=8 (full 0):
 garbage-first heap   total 157696K, used 15479K [0x0000000081c00000, 0x0000000100000000)
  region size 1024K, 10 young (10240K), 10 survivors (10240K)
 Metaspace       used 32175K, capacity 33106K, committed 33200K, reserved 1079296K
  class space    used 3965K, capacity 4333K, committed 4352K, reserved 1048576K
}
Event: 3.687 GC heap before
{Heap before GC invocations=8 (full 0):
 garbage-first heap   total 157696K, used 38007K [0x0000000081c00000, 0x0000000100000000)
  region size 1024K, 33 young (33792K), 10 survivors (10240K)
 Metaspace       used 34760K, capacity 35759K, committed 35888K, reserved 1081344K
  class space    used 4237K, capacity 4622K, committed 4736K, reserved 1048576K
}
Event: 3.705 GC heap after
{Heap after GC invocations=9 (full 0):
 garbage-first heap   total 157696K, used 17066K [0x0000000081c00000, 0x0000000100000000)
  region size 1024K, 8 young (8192K), 8 survivors (8192K)
 Metaspace       used 34760K, capacity 35759K, committed 35888K, reserved 1081344K
  class space    used 4237K, capacity 4622K, committed 4736K, reserved 1048576K
}
Event: 4.896 GC heap before
{Heap before GC invocations=10 (full 0):
 garbage-first heap   total 157696K, used 102058K [0x0000000081c00000, 0x0000000100000000)
  region size 1024K, 92 young (94208K), 8 survivors (8192K)
 Metaspace       used 51280K, capacity 52603K, committed 52656K, reserved 1095680K
  class space    used 6635K, capacity 7140K, committed 7168K, reserved 1048576K
}

