# JRE version: Java(TM) SE Runtime Environment (11.0.6+8) (build 11.0.6+8-LTS)
# Java VM: Java HotSpot(TM) 64-Bit Server VM (11.0.6+8-LTS, mixed mode, tiered, compressed oops, g1 gc, windows-amd64)
Heap:
 garbage-first heap   total 131072K, used 29385K [0x0000000081c00000, 0x0000000100000000)
  region size 1024K, 27 young (27648K), 2 survivors (2048K)
 Metaspace       used 20592K, capacity 20902K, committed 21120K, reserved 1069056K
  class space    used 2221K, capacity 2352K, committed 2432K, reserved 1048576K
GC Heap History (6 events):
Event: 2.909 GC heap before
{Heap before GC invocations=0 (full 0):
 garbage-first heap   total 131072K, used 13312K [0x0000000081c00000, 0x0000000100000000)
  region size 1024K, 14 young (14336K), 0 survivors (0K)
 Metaspace       used 11514K, capacity 11795K, committed 12032K, reserved 1060864K
  class space    used 1087K, capacity 1168K, committed 1280K, reserved 1048576K
}
Event: 2.923 GC heap after
{Heap after GC invocations=1 (full 0):
 garbage-first heap   total 131072K, used 3218K [0x0000000081c00000, 0x0000000100000000)
  region size 1024K, 2 young (2048K), 2 survivors (2048K)
 Metaspace       used 11514K, capacity 11795K, committed 12032K, reserved 1060864K
  class space    used 1087K, capacity 1168K, committed 1280K, reserved 1048576K
}
Event: 3.363 GC heap before
{Heap before GC invocations=1 (full 0):
 garbage-first heap   total 131072K, used 13458K [0x0000000081c00000, 0x0000000100000000)
  region size 1024K, 12 young (12288K), 2 survivors (2048K)
 Metaspace       used 13490K, capacity 13727K, committed 14080K, reserved 1062912K
  class space    used 1362K, capacity 1428K, committed 1536K, reserved 1048576K
}
Event: 3.368 GC heap after
{Heap after GC invocations=2 (full 0):
 garbage-first heap   total 131072K, used 3911K [0x0000000081c00000, 0x0000000100000000)
  region size 1024K, 1 young (1024K), 1 survivors (1024K)
 Metaspace       used 13490K, capacity 13727K, committed 14080K, reserved 1062912K
  class space    used 1362K, capacity 1428K, committed 1536K, reserved 1048576K
}
Event: 4.411 GC heap before
{Heap before GC invocations=2 (full 0):
 garbage-first heap   total 131072K, used 32583K [0x0000000081c00000, 0x0000000100000000)
  region size 1024K, 29 young (29696K), 1 survivors (1024K)
 Metaspace       used 16891K, capacity 17204K, committed 17408K, reserved 1064960K
  class space    used 1802K, capacity 1922K, committed 2048K, reserved 1048576K
}
Event: 4.415 GC heap after
{Heap after GC invocations=3 (full 0):
 garbage-first heap   total 131072K, used 4809K [0x0000000081c00000, 0x0000000100000000)
  region size 1024K, 2 young (2048K), 2 survivors (2048K)
 Metaspace       used 16891K, capacity 17204K, committed 17408K, reserved 1064960K
  class space    used 1802K, capacity 1922K, committed 2048K, reserved 1048576K
}

