# JRE version: Java(TM) SE Runtime Environment (11.0.6+8) (build 11.0.6+8-LTS)
# Java VM: Java HotSpot(TM) 64-Bit Server VM (11.0.6+8-LTS, mixed mode, tiered, compressed oops, parallel gc, windows-amd64)
Heap:
 PSYoungGen      total 24064K, used 8545K [0x00000000eab00000, 0x00000000ec980000, 0x0000000100000000)
  eden space 22016K, 31% used [0x00000000eab00000,0x00000000eb1ab960,0x00000000ec080000)
  from space 2048K, 83% used [0x00000000ec780000,0x00000000ec92cb38,0x00000000ec980000)
  to   space 2048K, 0% used [0x00000000ec580000,0x00000000ec580000,0x00000000ec780000)
 ParOldGen       total 68608K, used 32546K [0x00000000c0000000, 0x00000000c4300000, 0x00000000eab00000)
  object space 68608K, 47% used [0x00000000c0000000,0x00000000c1fc8938,0x00000000c4300000)
 Metaspace       used 36885K, capacity 38456K, committed 38704K, reserved 1083392K
  class space    used 3393K, capacity 3900K, committed 3968K, reserved 1048576K
GC Heap History (10 events):
Event: 73.855 GC heap before
{Heap before GC invocations=10 (full 1):
 PSYoungGen      total 30720K, used 30706K [0x00000000eab00000, 0x00000000ed280000, 0x0000000100000000)
  eden space 23552K, 100% used [0x00000000eab00000,0x00000000ec200000,0x00000000ec200000)
  from space 7168K, 99% used [0x00000000ecb80000,0x00000000ed27cb38,0x00000000ed280000)
  to   space 7680K, 0% used [0x00000000ec380000,0x00000000ec380000,0x00000000ecb00000)
 ParOldGen       total 68608K, used 20205K [0x00000000c0000000, 0x00000000c4300000, 0x00000000eab00000)
  object space 68608K, 29% used [0x00000000c0000000,0x00000000c13bb7d0,0x00000000c4300000)
 Metaspace       used 28861K, capacity 30382K, committed 30640K, reserved 1077248K
  class space    used 2728K, capacity 3215K, committed 3328K, reserved 1048576K
}
Event: 73.870 GC heap after
{Heap after GC invocations=10 (full 1):
 PSYoungGen      total 29184K, used 6112K [0x00000000eab00000, 0x00000000ece80000, 0x0000000100000000)
  eden space 23040K, 0% used [0x00000000eab00000,0x00000000eab00000,0x00000000ec180000)
  from space 6144K, 99% used [0x00000000ec380000,0x00000000ec978020,0x00000000ec980000)
  to   space 5120K, 0% used [0x00000000ec980000,0x00000000ec980000,0x00000000ece80000)
 ParOldGen       total 68608K, used 23133K [0x00000000c0000000, 0x00000000c4300000, 0x00000000eab00000)
  object space 68608K, 33% used [0x00000000c0000000,0x00000000c16974c0,0x00000000c4300000)
 Metaspace       used 28861K, capacity 30382K, committed 30640K, reserved 1077248K
  class space    used 2728K, capacity 3215K, committed 3328K, reserved 1048576K
}
Event: 85.770 GC heap before
{Heap before GC invocations=11 (full 1):
 PSYoungGen      total 29184K, used 29152K [0x00000000eab00000, 0x00000000ece80000, 0x0000000100000000)
  eden space 23040K, 100% used [0x00000000eab00000,0x00000000ec180000,0x00000000ec180000)
  from space 6144K, 99% used [0x00000000ec380000,0x00000000ec978020,0x00000000ec980000)
  to   space 5120K, 0% used [0x00000000ec980000,0x00000000ec980000,0x00000000ece80000)
 ParOldGen       total 68608K, used 23133K [0x00000000c0000000, 0x00000000c4300000, 0x00000000eab00000)
  object space 68608K, 33% used [0x00000000c0000000,0x00000000c16974c0,0x00000000c4300000)
 Metaspace       used 32498K, capacity 34043K, committed 34224K, reserved 1079296K
  class space    used 3019K, capacity 3497K, committed 3584K, reserved 1048576K
}
Event: 85.792 GC heap after
{Heap after GC invocations=11 (full 1):
 PSYoungGen      total 27648K, used 5047K [0x00000000eab00000, 0x00000000ece80000, 0x0000000100000000)
  eden space 22528K, 0% used [0x00000000eab00000,0x00000000eab00000,0x00000000ec100000)
  from space 5120K, 98% used [0x00000000ec980000,0x00000000ece6ddc0,0x00000000ece80000)
  to   space 5632K, 0% used [0x00000000ec380000,0x00000000ec380000,0x00000000ec900000)
 ParOldGen       total 68608K, used 27349K [0x00000000c0000000, 0x00000000c4300000, 0x00000000eab00000)
  object space 68608K, 39% used [0x00000000c0000000,0x00000000c1ab54e0,0x00000000c4300000)
 Metaspace       used 32498K, capacity 34043K, committed 34224K, reserved 1079296K
  class space    used 3019K, capacity 3497K, committed 3584K, reserved 1048576K
}
Event: 91.134 GC heap before
{Heap before GC invocations=12 (full 1):
 PSYoungGen      total 27648K, used 12266K [0x00000000eab00000, 0x00000000ece80000, 0x0000000100000000)
  eden space 22528K, 32% used [0x00000000eab00000,0x00000000eb20cbf8,0x00000000ec100000)
  from space 5120K, 98% used [0x00000000ec980000,0x00000000ece6ddc0,0x00000000ece80000)
  to   space 5632K, 0% used [0x00000000ec380000,0x00000000ec380000,0x00000000ec900000)
 ParOldGen       total 68608K, used 27349K [0x00000000c0000000, 0x00000000c4300000, 0x00000000eab00000)
  object space 68608K, 39% used [0x00000000c0000000,0x00000000c1ab54e0,0x00000000c4300000)
 Metaspace       used 33742K, capacity 35234K, committed 35376K, reserved 1081344K
  class space    used 3113K, capacity 3595K, committed 3712K, reserved 1048576K
}
Event: 91.180 GC heap after
{Heap after GC invocations=12 (full 1):
 PSYoungGen      total 23552K, used 666K [0x00000000eab00000, 0x00000000eca00000, 0x0000000100000000)
  eden space 22528K, 0% used [0x00000000eab00000,0x00000000eab00000,0x00000000ec100000)
  from space 1024K, 65% used [0x00000000ec380000,0x00000000ec426860,0x00000000ec480000)
  to   space 2560K, 0% used [0x00000000ec780000,0x00000000ec780000,0x00000000eca00000)
 ParOldGen       total 68608K, used 32230K [0x00000000c0000000, 0x00000000c4300000, 0x00000000eab00000)
  object space 68608K, 46% used [0x00000000c0000000,0x00000000c1f79ba0,0x00000000c4300000)
 Metaspace       used 33742K, capacity 35234K, committed 35376K, reserved 1081344K
  class space    used 3113K, capacity 3595K, committed 3712K, reserved 1048576K
}
Event: 91.180 GC heap before
{Heap before GC invocations=13 (full 2):
 PSYoungGen      total 23552K, used 666K [0x00000000eab00000, 0x00000000eca00000, 0x0000000100000000)
  eden space 22528K, 0% used [0x00000000eab00000,0x00000000eab00000,0x00000000ec100000)
  from space 1024K, 65% used [0x00000000ec380000,0x00000000ec426860,0x00000000ec480000)
  to   space 2560K, 0% used [0x00000000ec780000,0x00000000ec780000,0x00000000eca00000)
 ParOldGen       total 68608K, used 32230K [0x00000000c0000000, 0x00000000c4300000, 0x00000000eab00000)
  object space 68608K, 46% used [0x00000000c0000000,0x00000000c1f79ba0,0x00000000c4300000)
 Metaspace       used 33742K, capacity 35234K, committed 35376K, reserved 1081344K
  class space    used 3113K, capacity 3595K, committed 3712K, reserved 1048576K
}
Event: 91.530 GC heap after
{Heap after GC invocations=13 (full 2):
 PSYoungGen      total 23552K, used 0K [0x00000000eab00000, 0x00000000eca00000, 0x0000000100000000)
  eden space 22528K, 0% used [0x00000000eab00000,0x00000000eab00000,0x00000000ec100000)
  from space 1024K, 0% used [0x00000000ec380000,0x00000000ec380000,0x00000000ec480000)
  to   space 2560K, 0% used [0x00000000ec780000,0x00000000ec780000,0x00000000eca00000)
 ParOldGen       total 68608K, used 32538K [0x00000000c0000000, 0x00000000c4300000, 0x00000000eab00000)
  object space 68608K, 47% used [0x00000000c0000000,0x00000000c1fc6938,0x00000000c4300000)
 Metaspace       used 33742K, capacity 35234K, committed 35376K, reserved 1081344K
  class space    used 3113K, capacity 3595K, committed 3712K, reserved 1048576K
}
Event: 448.232 GC heap before
{Heap before GC invocations=14 (full 2):
 PSYoungGen      total 23552K, used 22528K [0x00000000eab00000, 0x00000000eca00000, 0x0000000100000000)
  eden space 22528K, 100% used [0x00000000eab00000,0x00000000ec100000,0x00000000ec100000)
  from space 1024K, 0% used [0x00000000ec380000,0x00000000ec380000,0x00000000ec480000)
  to   space 2560K, 0% used [0x00000000ec780000,0x00000000ec780000,0x00000000eca00000)
 ParOldGen       total 68608K, used 32538K [0x00000000c0000000, 0x00000000c4300000, 0x00000000eab00000)
  object space 68608K, 47% used [0x00000000c0000000,0x00000000c1fc6938,0x00000000c4300000)
 Metaspace       used 36459K, capacity 38112K, committed 38192K, reserved 1083392K
  class space    used 3347K, capacity 3891K, committed 3968K, reserved 1048576K
}
Event: 448.240 GC heap after
{Heap after GC invocations=14 (full 2):
 PSYoungGen      total 24064K, used 1714K [0x00000000eab00000, 0x00000000ec980000, 0x0000000100000000)
  eden space 22016K, 0% used [0x00000000eab00000,0x00000000eab00000,0x00000000ec080000)
  from space 2048K, 83% used [0x00000000ec780000,0x00000000ec92cb38,0x00000000ec980000)
  to   space 2048K, 0% used [0x00000000ec580000,0x00000000ec580000,0x00000000ec780000)
 ParOldGen       total 68608K, used 32546K [0x00000000c0000000, 0x00000000c4300000, 0x00000000eab00000)
  object space 68608K, 47% used [0x00000000c0000000,0x00000000c1fc8938,0x00000000c4300000)
 Metaspace       used 36459K, capacity 38112K, committed 38192K, reserved 1083392K
  class space    used 3347K, capacity 3891K, committed 3968K, reserved 1048576K
}

