# JRE version: OpenJDK Runtime Environment (11.0.6+8) (build 11.0.6+8-b520.43)
# Java VM: OpenJDK 64-Bit Server VM (11.0.6+8-b520.43, mixed mode, sharing, tiered, compressed oops, g1 gc, windows-amd64)
Heap:
 garbage-first heap   total 157696K, used 22528K [0x0000000081c00000, 0x0000000100000000)
  region size 1024K, 7 young (7168K), 7 survivors (7168K)
 Metaspace       used 43395K, capacity 44667K, committed 44748K, reserved 1097728K
  class space    used 6009K, capacity 6525K, committed 6604K, reserved 1048576K
GC Heap History (17 events):
Event: 1.012 GC heap before
{Heap before GC invocations=0 (full 0):
 garbage-first heap   total 131072K, used 14336K [0x0000000081c00000, 0x0000000100000000)
  region size 1024K, 14 young (14336K), 0 survivors (0K)
 Metaspace       used 2323K, capacity 5641K, committed 5760K, reserved 1056768K
  class space    used 260K, capacity 543K, committed 640K, reserved 1048576K
}
Event: 1.016 GC heap after
{Heap after GC invocations=1 (full 0):
 garbage-first heap   total 131072K, used 6007K [0x0000000081c00000, 0x0000000100000000)
  region size 1024K, 2 young (2048K), 2 survivors (2048K)
 Metaspace       used 2323K, capacity 5641K, committed 5760K, reserved 1056768K
  class space    used 260K, capacity 543K, committed 640K, reserved 1048576K
}
Event: 1.322 GC heap before
{Heap before GC invocations=1 (full 0):
 garbage-first heap   total 131072K, used 11127K [0x0000000081c00000, 0x0000000100000000)
  region size 1024K, 7 young (7168K), 2 survivors (2048K)
 Metaspace       used 3119K, capacity 6263K, committed 6400K, reserved 1056768K
  class space    used 377K, capacity 648K, committed 768K, reserved 1048576K
}
Event: 1.326 GC heap after
{Heap after GC invocations=2 (full 0):
 garbage-first heap   total 131072K, used 6498K [0x0000000081c00000, 0x0000000100000000)
  region size 1024K, 1 young (1024K), 1 survivors (1024K)
 Metaspace       used 3119K, capacity 6263K, committed 6400K, reserved 1056768K
  class space    used 377K, capacity 648K, committed 768K, reserved 1048576K
}
Event: 2.241 GC heap before
{Heap before GC invocations=2 (full 0):
 garbage-first heap   total 131072K, used 30050K [0x0000000081c00000, 0x0000000100000000)
  region size 1024K, 25 young (25600K), 1 survivors (1024K)
 Metaspace       used 7214K, capacity 9224K, committed 9472K, reserved 1056768K
  class space    used 1005K, capacity 1197K, committed 1280K, reserved 1048576K
}
Event: 2.244 GC heap after
{Heap after GC invocations=3 (full 0):
 garbage-first heap   total 131072K, used 7633K [0x0000000081c00000, 0x0000000100000000)
  region size 1024K, 2 young (2048K), 2 survivors (2048K)
 Metaspace       used 7214K, capacity 9224K, committed 9472K, reserved 1056768K
  class space    used 1005K, capacity 1197K, committed 1280K, reserved 1048576K
}
Event: 3.601 GC heap before
{Heap before GC invocations=3 (full 0):
 garbage-first heap   total 131072K, used 52689K [0x0000000081c00000, 0x0000000100000000)
  region size 1024K, 46 young (47104K), 2 survivors (2048K)
 Metaspace       used 13886K, capacity 15514K, committed 15744K, reserved 1062912K
  class space    used 1927K, capacity 2138K, committed 2176K, reserved 1048576K
}
Event: 3.612 GC heap after
{Heap after GC invocations=4 (full 0):
 garbage-first heap   total 131072K, used 9274K [0x0000000081c00000, 0x0000000100000000)
  region size 1024K, 4 young (4096K), 4 survivors (4096K)
 Metaspace       used 13886K, capacity 15514K, committed 15744K, reserved 1062912K
  class space    used 1927K, capacity 2138K, committed 2176K, reserved 1048576K
}
Event: 6.105 GC heap before
{Heap before GC invocations=4 (full 0):
 garbage-first heap   total 131072K, used 68666K [0x0000000081c00000, 0x0000000100000000)
  region size 1024K, 63 young (64512K), 4 survivors (4096K)
 Metaspace       used 15225K, capacity 16865K, committed 17024K, reserved 1064960K
  class space    used 2094K, capacity 2305K, committed 2432K, reserved 1048576K
}
Event: 6.113 GC heap after
{Heap after GC invocations=5 (full 0):
 garbage-first heap   total 131072K, used 10348K [0x0000000081c00000, 0x0000000100000000)
  region size 1024K, 5 young (5120K), 5 survivors (5120K)
 Metaspace       used 15225K, capacity 16865K, committed 17024K, reserved 1064960K
  class space    used 2094K, capacity 2305K, committed 2432K, reserved 1048576K
}
Event: 8.705 GC heap before
{Heap before GC invocations=5 (full 0):
 garbage-first heap   total 131072K, used 63596K [0x0000000081c00000, 0x0000000100000000)
  region size 1024K, 58 young (59392K), 5 survivors (5120K)
 Metaspace       used 19581K, capacity 21148K, committed 21248K, reserved 1067008K
  class space    used 2701K, capacity 2998K, committed 3072K, reserved 1048576K
}
Event: 8.718 GC heap after
{Heap after GC invocations=6 (full 0):
 garbage-first heap   total 131072K, used 13208K [0x0000000081c00000, 0x0000000100000000)
  region size 1024K, 7 young (7168K), 7 survivors (7168K)
 Metaspace       used 19581K, capacity 21148K, committed 21248K, reserved 1067008K
  class space    used 2701K, capacity 2998K, committed 3072K, reserved 1048576K
}
Event: 9.977 GC heap before
{Heap before GC invocations=7 (full 0):
 garbage-first heap   total 131072K, used 82840K [0x0000000081c00000, 0x0000000100000000)
  region size 1024K, 76 young (77824K), 7 survivors (7168K)
 Metaspace       used 23813K, capacity 24749K, committed 24960K, reserved 1071104K
  class space    used 3241K, capacity 3597K, committed 3712K, reserved 1048576K
}
Event: 10.005 GC heap after
{Heap after GC invocations=8 (full 0):
 garbage-first heap   total 131072K, used 15631K [0x0000000081c00000, 0x0000000100000000)
  region size 1024K, 8 young (8192K), 8 survivors (8192K)
 Metaspace       used 23813K, capacity 24749K, committed 24960K, reserved 1071104K
  class space    used 3241K, capacity 3597K, committed 3712K, reserved 1048576K
}
Event: 11.742 GC heap before
{Heap before GC invocations=8 (full 0):
 garbage-first heap   total 131072K, used 75023K [0x0000000081c00000, 0x0000000100000000)
  region size 1024K, 67 young (68608K), 8 survivors (8192K)
 Metaspace       used 34779K, capacity 35789K, committed 35840K, reserved 1079296K
  class space    used 4694K, capacity 5102K, committed 5120K, reserved 1048576K
}
Event: 11.762 GC heap after
{Heap after GC invocations=9 (full 0):
 garbage-first heap   total 131072K, used 19134K [0x0000000081c00000, 0x0000000100000000)
  region size 1024K, 7 young (7168K), 7 survivors (7168K)
 Metaspace       used 34779K, capacity 35789K, committed 35840K, reserved 1079296K
  class space    used 4694K, capacity 5102K, committed 5120K, reserved 1048576K
}
Event: 13.002 GC heap before
{Heap before GC invocations=10 (full 0):
 garbage-first heap   total 131072K, used 80574K [0x0000000081c00000, 0x0000000100000000)
  region size 1024K, 68 young (69632K), 7 survivors (7168K)
 Metaspace       used 43395K, capacity 44667K, committed 44748K, reserved 1097728K
  class space    used 6009K, capacity 6525K, committed 6604K, reserved 1048576K
}

