# JRE version: Java(TM) SE Runtime Environment (11.0.6+8) (build 11.0.6+8-LTS)
# Java VM: Java HotSpot(TM) 64-Bit Server VM (11.0.6+8-LTS, mixed mode, tiered, compressed oops, parallel gc, windows-amd64)
Heap:
 PSYoungGen      total 37376K, used 16099K [0x00000000eab00000, 0x00000000ee380000, 0x0000000100000000)
  eden space 20992K, 0% used [0x00000000eab00000,0x00000000eab20f60,0x00000000ebf80000)
  from space 16384K, 97% used [0x00000000ebf80000,0x00000000ecf18000,0x00000000ecf80000)
  to   space 18432K, 0% used [0x00000000ed180000,0x00000000ed180000,0x00000000ee380000)
 ParOldGen       total 152064K, used 100070K [0x00000000c0000000, 0x00000000c9480000, 0x00000000eab00000)
  object space 152064K, 65% used [0x00000000c0000000,0x00000000c61b9be8,0x00000000c9480000)
 Metaspace       used 61806K, capacity 64840K, committed 64936K, reserved 1107968K
  class space    used 5917K, capacity 6868K, committed 6912K, reserved 1048576K
GC Heap History (10 events):
Event: 141.318 GC heap before
{Heap before GC invocations=335 (full 10):
 PSYoungGen      total 26624K, used 25626K [0x00000000eab00000, 0x00000000ecc00000, 0x0000000100000000)
  eden space 20992K, 95% used [0x00000000eab00000,0x00000000ebe8aae0,0x00000000ebf80000)
  from space 5632K, 99% used [0x00000000ec580000,0x00000000ecafc010,0x00000000ecb00000)
  to   space 6144K, 0% used [0x00000000ebf80000,0x00000000ebf80000,0x00000000ec580000)
 ParOldGen       total 109568K, used 97426K [0x00000000c0000000, 0x00000000c6b00000, 0x00000000eab00000)
  object space 109568K, 88% used [0x00000000c0000000,0x00000000c5f249c0,0x00000000c6b00000)
 Metaspace       used 61624K, capacity 64572K, committed 64680K, reserved 1107968K
  class space    used 5893K, capacity 6823K, committed 6912K, reserved 1048576K
}
Event: 141.378 GC heap after
{Heap after GC invocations=335 (full 10):
 PSYoungGen      total 27136K, used 6115K [0x00000000eab00000, 0x00000000ed780000, 0x0000000100000000)
  eden space 20992K, 0% used [0x00000000eab00000,0x00000000eab00000,0x00000000ebf80000)
  from space 6144K, 99% used [0x00000000ebf80000,0x00000000ec578d20,0x00000000ec580000)
  to   space 12288K, 0% used [0x00000000ecb80000,0x00000000ecb80000,0x00000000ed780000)
 ParOldGen       total 109568K, used 102519K [0x00000000c0000000, 0x00000000c6b00000, 0x00000000eab00000)
  object space 109568K, 93% used [0x00000000c0000000,0x00000000c641ddd0,0x00000000c6b00000)
 Metaspace       used 61624K, capacity 64572K, committed 64680K, reserved 1107968K
  class space    used 5893K, capacity 6823K, committed 6912K, reserved 1048576K
}
Event: 141.910 GC heap before
{Heap before GC invocations=336 (full 10):
 PSYoungGen      total 27136K, used 27107K [0x00000000eab00000, 0x00000000ed780000, 0x0000000100000000)
  eden space 20992K, 100% used [0x00000000eab00000,0x00000000ebf80000,0x00000000ebf80000)
  from space 6144K, 99% used [0x00000000ebf80000,0x00000000ec578d20,0x00000000ec580000)
  to   space 12288K, 0% used [0x00000000ecb80000,0x00000000ecb80000,0x00000000ed780000)
 ParOldGen       total 147456K, used 139858K [0x00000000c0000000, 0x00000000c9000000, 0x00000000eab00000)
  object space 147456K, 94% used [0x00000000c0000000,0x00000000c8894920,0x00000000c9000000)
 Metaspace       used 61806K, capacity 64840K, committed 64936K, reserved 1107968K
  class space    used 5917K, capacity 6868K, committed 6912K, reserved 1048576K
}
Event: 141.931 GC heap after
{Heap after GC invocations=336 (full 10):
 PSYoungGen      total 27136K, used 5952K [0x00000000eab00000, 0x00000000ed180000, 0x0000000100000000)
  eden space 20992K, 0% used [0x00000000eab00000,0x00000000eab00000,0x00000000ebf80000)
  from space 6144K, 96% used [0x00000000ecb80000,0x00000000ed150000,0x00000000ed180000)
  to   space 8192K, 0% used [0x00000000ec180000,0x00000000ec180000,0x00000000ec980000)
 ParOldGen       total 147456K, used 142742K [0x00000000c0000000, 0x00000000c9000000, 0x00000000eab00000)
  object space 147456K, 96% used [0x00000000c0000000,0x00000000c8b65a50,0x00000000c9000000)
 Metaspace       used 61806K, capacity 64840K, committed 64936K, reserved 1107968K
  class space    used 5917K, capacity 6868K, committed 6912K, reserved 1048576K
}
Event: 142.299 GC heap before
{Heap before GC invocations=337 (full 10):
 PSYoungGen      total 27136K, used 26944K [0x00000000eab00000, 0x00000000ed180000, 0x0000000100000000)
  eden space 20992K, 100% used [0x00000000eab00000,0x00000000ebf80000,0x00000000ebf80000)
  from space 6144K, 96% used [0x00000000ecb80000,0x00000000ed150000,0x00000000ed180000)
  to   space 8192K, 0% used [0x00000000ec180000,0x00000000ec180000,0x00000000ec980000)
 ParOldGen       total 147456K, used 142742K [0x00000000c0000000, 0x00000000c9000000, 0x00000000eab00000)
  object space 147456K, 96% used [0x00000000c0000000,0x00000000c8b65a50,0x00000000c9000000)
 Metaspace       used 61806K, capacity 64840K, committed 64936K, reserved 1107968K
  class space    used 5917K, capacity 6868K, committed 6912K, reserved 1048576K
}
Event: 142.342 GC heap after
{Heap after GC invocations=337 (full 10):
 PSYoungGen      total 29184K, used 8192K [0x00000000eab00000, 0x00000000ef080000, 0x0000000100000000)
  eden space 20992K, 0% used [0x00000000eab00000,0x00000000eab00000,0x00000000ebf80000)
  from space 8192K, 100% used [0x00000000ec180000,0x00000000ec980000,0x00000000ec980000)
  to   space 25088K, 0% used [0x00000000ed800000,0x00000000ed800000,0x00000000ef080000)
 ParOldGen       total 156672K, used 156662K [0x00000000c0000000, 0x00000000c9900000, 0x00000000eab00000)
  object space 156672K, 99% used [0x00000000c0000000,0x00000000c98fda50,0x00000000c9900000)
 Metaspace       used 61806K, capacity 64840K, committed 64936K, reserved 1107968K
  class space    used 5917K, capacity 6868K, committed 6912K, reserved 1048576K
}
Event: 142.342 GC heap before
{Heap before GC invocations=338 (full 11):
 PSYoungGen      total 29184K, used 8192K [0x00000000eab00000, 0x00000000ef080000, 0x0000000100000000)
  eden space 20992K, 0% used [0x00000000eab00000,0x00000000eab00000,0x00000000ebf80000)
  from space 8192K, 100% used [0x00000000ec180000,0x00000000ec980000,0x00000000ec980000)
  to   space 25088K, 0% used [0x00000000ed800000,0x00000000ed800000,0x00000000ef080000)
 ParOldGen       total 156672K, used 156662K [0x00000000c0000000, 0x00000000c9900000, 0x00000000eab00000)
  object space 156672K, 99% used [0x00000000c0000000,0x00000000c98fda50,0x00000000c9900000)
 Metaspace       used 61806K, capacity 64840K, committed 64936K, reserved 1107968K
  class space    used 5917K, capacity 6868K, committed 6912K, reserved 1048576K
}
Event: 142.845 GC heap after
{Heap after GC invocations=338 (full 11):
 PSYoungGen      total 46080K, used 0K [0x00000000eab00000, 0x00000000ef080000, 0x0000000100000000)
  eden space 20992K, 0% used [0x00000000eab00000,0x00000000eab00000,0x00000000ebf80000)
  from space 25088K, 0% used [0x00000000ed800000,0x00000000ed800000,0x00000000ef080000)
  to   space 25088K, 0% used [0x00000000ebf80000,0x00000000ebf80000,0x00000000ed800000)
 ParOldGen       total 152064K, used 100070K [0x00000000c0000000, 0x00000000c9480000, 0x00000000eab00000)
  object space 152064K, 65% used [0x00000000c0000000,0x00000000c61b9be8,0x00000000c9480000)
 Metaspace       used 61806K, capacity 64840K, committed 64936K, reserved 1107968K
  class space    used 5917K, capacity 6868K, committed 6912K, reserved 1048576K
}
Event: 151.919 GC heap before
{Heap before GC invocations=339 (full 11):
 PSYoungGen      total 46080K, used 20992K [0x00000000eab00000, 0x00000000ef080000, 0x0000000100000000)
  eden space 20992K, 100% used [0x00000000eab00000,0x00000000ebf80000,0x00000000ebf80000)
  from space 25088K, 0% used [0x00000000ed800000,0x00000000ed800000,0x00000000ef080000)
  to   space 25088K, 0% used [0x00000000ebf80000,0x00000000ebf80000,0x00000000ed800000)
 ParOldGen       total 152064K, used 100070K [0x00000000c0000000, 0x00000000c9480000, 0x00000000eab00000)
  object space 152064K, 65% used [0x00000000c0000000,0x00000000c61b9be8,0x00000000c9480000)
 Metaspace       used 61806K, capacity 64840K, committed 64936K, reserved 1107968K
  class space    used 5917K, capacity 6868K, committed 6912K, reserved 1048576K
}
Event: 151.941 GC heap after
{Heap after GC invocations=339 (full 11):
 PSYoungGen      total 37376K, used 15968K [0x00000000eab00000, 0x00000000ee380000, 0x0000000100000000)
  eden space 20992K, 0% used [0x00000000eab00000,0x00000000eab00000,0x00000000ebf80000)
  from space 16384K, 97% used [0x00000000ebf80000,0x00000000ecf18000,0x00000000ecf80000)
  to   space 18432K, 0% used [0x00000000ed180000,0x00000000ed180000,0x00000000ee380000)
 ParOldGen       total 152064K, used 100070K [0x00000000c0000000, 0x00000000c9480000, 0x00000000eab00000)
  object space 152064K, 65% used [0x00000000c0000000,0x00000000c61b9be8,0x00000000c9480000)
 Metaspace       used 61806K, capacity 64840K, committed 64936K, reserved 1107968K
  class space    used 5917K, capacity 6868K, committed 6912K, reserved 1048576K
}

