# JRE version: Java(TM) SE Runtime Environment (11.0.6+8) (build 11.0.6+8-LTS)
# Java VM: Java HotSpot(TM) 64-Bit Server VM (11.0.6+8-LTS, mixed mode, tiered, compressed oops, g1 gc, windows-amd64)
Heap:
 garbage-first heap   total 131072K, used 75990K [0x0000000081c00000, 0x0000000100000000)
  region size 1024K, 62 young (63488K), 6 survivors (6144K)
 Metaspace       used 23220K, capacity 23687K, committed 23856K, reserved 1071104K
  class space    used 2396K, capacity 2573K, committed 2688K, reserved 1048576K
GC Heap History (10 events):
Event: 1.491 GC heap before
{Heap before GC invocations=1 (full 0):
 garbage-first heap   total 131072K, used 7508K [0x0000000081c00000, 0x0000000100000000)
  region size 1024K, 6 young (6144K), 2 survivors (2048K)
 Metaspace       used 12468K, capacity 12732K, committed 12928K, reserved 1060864K
  class space    used 1222K, capacity 1331K, committed 1408K, reserved 1048576K
}
Event: 1.495 GC heap after
{Heap after GC invocations=2 (full 0):
 garbage-first heap   total 131072K, used 3709K [0x0000000081c00000, 0x0000000100000000)
  region size 1024K, 1 young (1024K), 1 survivors (1024K)
 Metaspace       used 12468K, capacity 12732K, committed 12928K, reserved 1060864K
  class space    used 1222K, capacity 1331K, committed 1408K, reserved 1048576K
}
Event: 2.062 GC heap before
{Heap before GC invocations=2 (full 0):
 garbage-first heap   total 131072K, used 26237K [0x0000000081c00000, 0x0000000100000000)
  region size 1024K, 23 young (23552K), 1 survivors (1024K)
 Metaspace       used 14852K, capacity 15106K, committed 15232K, reserved 1062912K
  class space    used 1528K, capacity 1628K, committed 1664K, reserved 1048576K
}
Event: 2.064 GC heap after
{Heap after GC invocations=3 (full 0):
 garbage-first heap   total 131072K, used 4292K [0x0000000081c00000, 0x0000000100000000)
  region size 1024K, 1 young (1024K), 1 survivors (1024K)
 Metaspace       used 14852K, capacity 15106K, committed 15232K, reserved 1062912K
  class space    used 1528K, capacity 1628K, committed 1664K, reserved 1048576K
}
Event: 3.613 GC heap before
{Heap before GC invocations=3 (full 0):
 garbage-first heap   total 131072K, used 46276K [0x0000000081c00000, 0x0000000100000000)
  region size 1024K, 43 young (44032K), 1 survivors (1024K)
 Metaspace       used 20827K, capacity 21119K, committed 21296K, reserved 1069056K
  class space    used 2238K, capacity 2360K, committed 2432K, reserved 1048576K
}
Event: 3.624 GC heap after
{Heap after GC invocations=4 (full 0):
 garbage-first heap   total 131072K, used 8097K [0x0000000081c00000, 0x0000000100000000)
  region size 1024K, 5 young (5120K), 5 survivors (5120K)
 Metaspace       used 20827K, capacity 21119K, committed 21296K, reserved 1069056K
  class space    used 2238K, capacity 2360K, committed 2432K, reserved 1048576K
}
Event: 4.994 GC heap before
{Heap before GC invocations=5 (full 0):
 garbage-first heap   total 131072K, used 64417K [0x0000000081c00000, 0x0000000100000000)
  region size 1024K, 60 young (61440K), 5 survivors (5120K)
 Metaspace       used 21491K, capacity 21800K, committed 22064K, reserved 1069056K
  class space    used 2275K, capacity 2393K, committed 2432K, reserved 1048576K
}
Event: 5.016 GC heap after
{Heap after GC invocations=6 (full 0):
 garbage-first heap   total 131072K, used 14166K [0x0000000081c00000, 0x0000000100000000)
  region size 1024K, 8 young (8192K), 8 survivors (8192K)
 Metaspace       used 21491K, capacity 21800K, committed 22064K, reserved 1069056K
  class space    used 2275K, capacity 2393K, committed 2432K, reserved 1048576K
}
Event: 7.707 GC heap before
{Heap before GC invocations=6 (full 0):
 garbage-first heap   total 131072K, used 76630K [0x0000000081c00000, 0x0000000100000000)
  region size 1024K, 69 young (70656K), 8 survivors (8192K)
 Metaspace       used 21968K, capacity 22348K, committed 22576K, reserved 1069056K
  class space    used 2284K, capacity 2404K, committed 2432K, reserved 1048576K
}
Event: 7.752 GC heap after
{Heap after GC invocations=7 (full 0):
 garbage-first heap   total 131072K, used 19670K [0x0000000081c00000, 0x0000000100000000)
  region size 1024K, 6 young (6144K), 6 survivors (6144K)
 Metaspace       used 21968K, capacity 22348K, committed 22576K, reserved 1069056K
  class space    used 2284K, capacity 2404K, committed 2432K, reserved 1048576K
}

