# JRE version: Java(TM) SE Runtime Environment (11.0.6+8) (build 11.0.6+8-LTS)
# Java VM: Java HotSpot(TM) 64-Bit Server VM (11.0.6+8-LTS, mixed mode, tiered, compressed oops, g1 gc, windows-amd64)
Heap:
 garbage-first heap   total 131072K, used 32699K [0x0000000081c00000, 0x0000000100000000)
  region size 1024K, 28 young (28672K), 10 survivors (10240K)
 Metaspace       used 21766K, capacity 22156K, committed 22320K, reserved 1069056K
  class space    used 2283K, capacity 2403K, committed 2432K, reserved 1048576K
GC Heap History (10 events):
Event: 1.512 GC heap before
{Heap before GC invocations=0 (full 0):
 garbage-first heap   total 131072K, used 13312K [0x0000000081c00000, 0x0000000100000000)
  region size 1024K, 14 young (14336K), 0 survivors (0K)
 Metaspace       used 11504K, capacity 11808K, committed 12032K, reserved 1060864K
  class space    used 1080K, capacity 1171K, committed 1280K, reserved 1048576K
}
Event: 1.530 GC heap after
{Heap after GC invocations=1 (full 0):
 garbage-first heap   total 131072K, used 3422K [0x0000000081c00000, 0x0000000100000000)
  region size 1024K, 2 young (2048K), 2 survivors (2048K)
 Metaspace       used 11504K, capacity 11808K, committed 12032K, reserved 1060864K
  class space    used 1080K, capacity 1171K, committed 1280K, reserved 1048576K
}
Event: 1.823 GC heap before
{Heap before GC invocations=1 (full 0):
 garbage-first heap   total 131072K, used 9566K [0x0000000081c00000, 0x0000000100000000)
  region size 1024K, 8 young (8192K), 2 survivors (2048K)
 Metaspace       used 13025K, capacity 13321K, committed 13440K, reserved 1060864K
  class space    used 1289K, capacity 1398K, committed 1408K, reserved 1048576K
}
Event: 1.827 GC heap after
{Heap after GC invocations=2 (full 0):
 garbage-first heap   total 131072K, used 3884K [0x0000000081c00000, 0x0000000100000000)
  region size 1024K, 1 young (1024K), 1 survivors (1024K)
 Metaspace       used 13025K, capacity 13321K, committed 13440K, reserved 1060864K
  class space    used 1289K, capacity 1398K, committed 1408K, reserved 1048576K
}
Event: 2.485 GC heap before
{Heap before GC invocations=2 (full 0):
 garbage-first heap   total 131072K, used 28460K [0x0000000081c00000, 0x0000000100000000)
  region size 1024K, 25 young (25600K), 1 survivors (1024K)
 Metaspace       used 15449K, capacity 15692K, committed 15872K, reserved 1062912K
  class space    used 1600K, capacity 1694K, committed 1792K, reserved 1048576K
}
Event: 2.487 GC heap after
{Heap after GC invocations=3 (full 0):
 garbage-first heap   total 131072K, used 4692K [0x0000000081c00000, 0x0000000100000000)
  region size 1024K, 2 young (2048K), 2 survivors (2048K)
 Metaspace       used 15449K, capacity 15692K, committed 15872K, reserved 1062912K
  class space    used 1600K, capacity 1694K, committed 1792K, reserved 1048576K
}
Event: 4.034 GC heap before
{Heap before GC invocations=3 (full 0):
 garbage-first heap   total 131072K, used 43604K [0x0000000081c00000, 0x0000000100000000)
  region size 1024K, 41 young (41984K), 2 survivors (2048K)
 Metaspace       used 20840K, capacity 21123K, committed 21296K, reserved 1069056K
  class space    used 2237K, capacity 2360K, committed 2432K, reserved 1048576K
}
Event: 4.045 GC heap after
{Heap after GC invocations=4 (full 0):
 garbage-first heap   total 131072K, used 8197K [0x0000000081c00000, 0x0000000100000000)
  region size 1024K, 5 young (5120K), 5 survivors (5120K)
 Metaspace       used 20840K, capacity 21123K, committed 21296K, reserved 1069056K
  class space    used 2237K, capacity 2360K, committed 2432K, reserved 1048576K
}
Event: 7.405 GC heap before
{Heap before GC invocations=5 (full 0):
 garbage-first heap   total 131072K, used 80901K [0x0000000081c00000, 0x0000000100000000)
  region size 1024K, 76 young (77824K), 5 survivors (5120K)
 Metaspace       used 21695K, capacity 22083K, committed 22320K, reserved 1069056K
  class space    used 2281K, capacity 2400K, committed 2432K, reserved 1048576K
}
Event: 7.429 GC heap after
{Heap after GC invocations=6 (full 0):
 garbage-first heap   total 131072K, used 15291K [0x0000000081c00000, 0x0000000100000000)
  region size 1024K, 10 young (10240K), 10 survivors (10240K)
 Metaspace       used 21695K, capacity 22083K, committed 22320K, reserved 1069056K
  class space    used 2281K, capacity 2400K, committed 2432K, reserved 1048576K
}

