# JRE version: Java(TM) SE Runtime Environment (11.0.6+8) (build 11.0.6+8-LTS)
# Java VM: Java HotSpot(TM) 64-Bit Server VM (11.0.6+8-LTS, mixed mode, tiered, compressed oops, g1 gc, windows-amd64)
Heap:
 garbage-first heap   total 131072K, used 18621K [0x0000000081c00000, 0x0000000100000000)
  region size 1024K, 4 young (4096K), 4 survivors (4096K)
 Metaspace       used 40252K, capacity 41233K, committed 41392K, reserved 1093632K
  class space    used 5090K, capacity 5507K, committed 5632K, reserved 1048576K
GC Heap History (10 events):
Event: 23.984 GC heap before
{Heap before GC invocations=5 (full 0):
 garbage-first heap   total 131072K, used 56889K [0x0000000081c00000, 0x0000000100000000)
  region size 1024K, 51 young (52224K), 3 survivors (3072K)
 Metaspace       used 22594K, capacity 23169K, committed 23344K, reserved 1069056K
  class space    used 2691K, capacity 2909K, committed 2944K, reserved 1048576K
}
Event: 23.989 GC heap after
{Heap after GC invocations=6 (full 0):
 garbage-first heap   total 131072K, used 9393K [0x0000000081c00000, 0x0000000100000000)
  region size 1024K, 4 young (4096K), 4 survivors (4096K)
 Metaspace       used 22594K, capacity 23169K, committed 23344K, reserved 1069056K
  class space    used 2691K, capacity 2909K, committed 2944K, reserved 1048576K
}
Event: 38.028 GC heap before
{Heap before GC invocations=6 (full 0):
 garbage-first heap   total 131072K, used 83121K [0x0000000081c00000, 0x0000000100000000)
  region size 1024K, 76 young (77824K), 4 survivors (4096K)
 Metaspace       used 27244K, capacity 27960K, committed 28208K, reserved 1073152K
  class space    used 3372K, capacity 3627K, committed 3712K, reserved 1048576K
}
Event: 38.037 GC heap after
{Heap after GC invocations=7 (full 0):
 garbage-first heap   total 131072K, used 12319K [0x0000000081c00000, 0x0000000100000000)
  region size 1024K, 7 young (7168K), 7 survivors (7168K)
 Metaspace       used 27244K, capacity 27960K, committed 28208K, reserved 1073152K
  class space    used 3372K, capacity 3627K, committed 3712K, reserved 1048576K
}
Event: 42.076 GC heap before
{Heap before GC invocations=7 (full 0):
 garbage-first heap   total 131072K, used 81951K [0x0000000081c00000, 0x0000000100000000)
  region size 1024K, 76 young (77824K), 7 survivors (7168K)
 Metaspace       used 32126K, capacity 33043K, committed 33200K, reserved 1079296K
  class space    used 3966K, capacity 4334K, committed 4352K, reserved 1048576K
}
Event: 42.087 GC heap after
{Heap after GC invocations=8 (full 0):
 garbage-first heap   total 131072K, used 15569K [0x0000000081c00000, 0x0000000100000000)
  region size 1024K, 8 young (8192K), 8 survivors (8192K)
 Metaspace       used 32126K, capacity 33043K, committed 33200K, reserved 1079296K
  class space    used 3966K, capacity 4334K, committed 4352K, reserved 1048576K
}
Event: 44.298 GC heap before
{Heap before GC invocations=8 (full 0):
 garbage-first heap   total 131072K, used 41169K [0x0000000081c00000, 0x0000000100000000)
  region size 1024K, 34 young (34816K), 8 survivors (8192K)
 Metaspace       used 34781K, capacity 35760K, committed 35888K, reserved 1081344K
  class space    used 4245K, capacity 4623K, committed 4736K, reserved 1048576K
}
Event: 44.320 GC heap after
{Heap after GC invocations=9 (full 0):
 garbage-first heap   total 131072K, used 17540K [0x0000000081c00000, 0x0000000100000000)
  region size 1024K, 6 young (6144K), 6 survivors (6144K)
 Metaspace       used 34781K, capacity 35760K, committed 35888K, reserved 1081344K
  class space    used 4245K, capacity 4623K, committed 4736K, reserved 1048576K
}
Event: 50.278 GC heap before
{Heap before GC invocations=10 (full 0):
 garbage-first heap   total 131072K, used 42116K [0x0000000081c00000, 0x0000000100000000)
  region size 1024K, 31 young (31744K), 6 survivors (6144K)
 Metaspace       used 40252K, capacity 41233K, committed 41392K, reserved 1091584K
  class space    used 5090K, capacity 5507K, committed 5632K, reserved 1048576K
}
Event: 50.286 GC heap after
{Heap after GC invocations=11 (full 0):
 garbage-first heap   total 131072K, used 18621K [0x0000000081c00000, 0x0000000100000000)
  region size 1024K, 4 young (4096K), 4 survivors (4096K)
 Metaspace       used 40252K, capacity 41233K, committed 41392K, reserved 1091584K
  class space    used 5090K, capacity 5507K, committed 5632K, reserved 1048576K
}

