# JRE version: Java(TM) SE Runtime Environment (11.0.6+8) (build 11.0.6+8-LTS)
# Java VM: Java HotSpot(TM) 64-Bit Server VM (11.0.6+8-LTS, mixed mode, tiered, compressed oops, g1 gc, windows-amd64)
Heap:
 garbage-first heap   total 195584K, used 21888K [0x0000000081c00000, 0x0000000100000000)
  region size 1024K, 6 young (6144K), 6 survivors (6144K)
 Metaspace       used 49929K, capacity 51125K, committed 51248K, reserved 1107968K
  class space    used 6472K, capacity 6943K, committed 7040K, reserved 1048576K
GC Heap History (10 events):
Event: 1.377 GC heap after
{Heap after GC invocations=5 (full 0):
 garbage-first heap   total 131072K, used 9816K [0x0000000081c00000, 0x0000000100000000)
  region size 1024K, 6 young (6144K), 6 survivors (6144K)
 Metaspace       used 23581K, capacity 24288K, committed 24496K, reserved 1071104K
  class space    used 2832K, capacity 3045K, committed 3072K, reserved 1048576K
}
Event: 2.089 GC heap before
{Heap before GC invocations=5 (full 0):
 garbage-first heap   total 131072K, used 81496K [0x0000000081c00000, 0x0000000100000000)
  region size 1024K, 76 young (77824K), 6 survivors (6144K)
 Metaspace       used 28122K, capacity 28935K, committed 29104K, reserved 1075200K
  class space    used 3481K, capacity 3754K, committed 3840K, reserved 1048576K
}
Event: 2.100 GC heap after
{Heap after GC invocations=6 (full 0):
 garbage-first heap   total 157696K, used 12971K [0x0000000081c00000, 0x0000000100000000)
  region size 1024K, 7 young (7168K), 7 survivors (7168K)
 Metaspace       used 28122K, capacity 28935K, committed 29104K, reserved 1075200K
  class space    used 3481K, capacity 3754K, committed 3840K, reserved 1048576K
}
Event: 2.802 GC heap before
{Heap before GC invocations=6 (full 0):
 garbage-first heap   total 157696K, used 95915K [0x0000000081c00000, 0x0000000100000000)
  region size 1024K, 89 young (91136K), 7 survivors (7168K)
 Metaspace       used 32673K, capacity 33708K, committed 33840K, reserved 1079296K
  class space    used 4048K, capacity 4427K, committed 4480K, reserved 1048576K
}
Event: 2.813 GC heap after
{Heap after GC invocations=7 (full 0):
 garbage-first heap   total 157696K, used 15803K [0x0000000081c00000, 0x0000000100000000)
  region size 1024K, 9 young (9216K), 9 survivors (9216K)
 Metaspace       used 32673K, capacity 33708K, committed 33840K, reserved 1079296K
  class space    used 4048K, capacity 4427K, committed 4480K, reserved 1048576K
}
Event: 3.012 GC heap before
{Heap before GC invocations=7 (full 0):
 garbage-first heap   total 157696K, used 56763K [0x0000000081c00000, 0x0000000100000000)
  region size 1024K, 51 young (52224K), 9 survivors (9216K)
 Metaspace       used 34721K, capacity 35797K, committed 35888K, reserved 1081344K
  class space    used 4245K, capacity 4677K, committed 4736K, reserved 1048576K
}
Event: 3.024 GC heap after
{Heap after GC invocations=8 (full 0):
 garbage-first heap   total 157696K, used 17736K [0x0000000081c00000, 0x0000000100000000)
  region size 1024K, 8 young (8192K), 8 survivors (8192K)
 Metaspace       used 34721K, capacity 35797K, committed 35888K, reserved 1081344K
  class space    used 4245K, capacity 4677K, committed 4736K, reserved 1048576K
}
Event: 3.952 GC heap before
{Heap before GC invocations=9 (full 0):
 garbage-first heap   total 157696K, used 98632K [0x0000000081c00000, 0x0000000100000000)
  region size 1024K, 87 young (89088K), 8 survivors (8192K)
 Metaspace       used 49709K, capacity 50873K, committed 51120K, reserved 1101824K
  class space    used 6427K, capacity 6901K, committed 6912K, reserved 1048576K
}
Event: 3.964 GC heap after
{Heap after GC invocations=10 (full 0):
 garbage-first heap   total 157696K, used 20939K [0x0000000081c00000, 0x0000000100000000)
  region size 1024K, 9 young (9216K), 9 survivors (9216K)
 Metaspace       used 49709K, capacity 50873K, committed 51120K, reserved 1101824K
  class space    used 6427K, capacity 6901K, committed 6912K, reserved 1048576K
}
Event: 4.044 GC heap before
{Heap before GC invocations=11 (full 0):
 garbage-first heap   total 157696K, used 28107K [0x0000000081c00000, 0x0000000100000000)
  region size 1024K, 17 young (17408K), 9 survivors (9216K)
 Metaspace       used 49929K, capacity 51125K, committed 51248K, reserved 1107968K
  class space    used 6472K, capacity 6943K, committed 7040K, reserved 1048576K
}

