# JRE version: Java(TM) SE Runtime Environment (11.0.6+8) (build 11.0.6+8-LTS)
# Java VM: Java HotSpot(TM) 64-Bit Server VM (11.0.6+8-LTS, mixed mode, tiered, compressed oops, g1 gc, windows-amd64)
Heap:
 garbage-first heap   total 131072K, used 4674K [0x0000000081c00000, 0x0000000100000000)
  region size 1024K, 1 young (1024K), 1 survivors (1024K)
 Metaspace       used 9625K, capacity 9737K, committed 9856K, reserved 1073152K
  class space    used 1012K, capacity 1053K, committed 1152K, reserved 1048576K
GC Heap History (6 events):
Event: 3.495 GC heap before
{Heap before GC invocations=0 (full 0):
 garbage-first heap   total 131072K, used 14336K [0x0000000081c00000, 0x0000000100000000)
  region size 1024K, 14 young (14336K), 0 survivors (0K)
 Metaspace       used 8213K, capacity 8378K, committed 8576K, reserved 1056768K
  class space    used 813K, capacity 856K, committed 896K, reserved 1048576K
}
Event: 3.503 GC heap after
{Heap after GC invocations=1 (full 0):
 garbage-first heap   total 131072K, used 3895K [0x0000000081c00000, 0x0000000100000000)
  region size 1024K, 2 young (2048K), 2 survivors (2048K)
 Metaspace       used 8213K, capacity 8378K, committed 8576K, reserved 1056768K
  class space    used 813K, capacity 856K, committed 896K, reserved 1048576K
}
Event: 3.819 GC heap before
{Heap before GC invocations=1 (full 0):
 garbage-first heap   total 131072K, used 7991K [0x0000000081c00000, 0x0000000100000000)
  region size 1024K, 7 young (7168K), 2 survivors (2048K)
 Metaspace       used 9341K, capacity 9472K, committed 9600K, reserved 1064960K
  class space    used 987K, capacity 1050K, committed 1152K, reserved 1048576K
}
Event: 3.822 GC heap after
{Heap after GC invocations=2 (full 0):
 garbage-first heap   total 131072K, used 4581K [0x0000000081c00000, 0x0000000100000000)
  region size 1024K, 1 young (1024K), 1 survivors (1024K)
 Metaspace       used 9341K, capacity 9472K, committed 9600K, reserved 1064960K
  class space    used 987K, capacity 1050K, committed 1152K, reserved 1048576K
}
Event: 3.838 GC heap before
{Heap before GC invocations=3 (full 0):
 garbage-first heap   total 131072K, used 4581K [0x0000000081c00000, 0x0000000100000000)
  region size 1024K, 2 young (2048K), 1 survivors (1024K)
 Metaspace       used 9625K, capacity 9737K, committed 9856K, reserved 1071104K
  class space    used 1012K, capacity 1053K, committed 1152K, reserved 1048576K
}
Event: 3.840 GC heap after
{Heap after GC invocations=4 (full 0):
 garbage-first heap   total 131072K, used 4674K [0x0000000081c00000, 0x0000000100000000)
  region size 1024K, 1 young (1024K), 1 survivors (1024K)
 Metaspace       used 9625K, capacity 9737K, committed 9856K, reserved 1071104K
  class space    used 1012K, capacity 1053K, committed 1152K, reserved 1048576K
}

