# JRE version: Java(TM) SE Runtime Environment (11.0.6+8) (build 11.0.6+8-LTS)
# Java VM: Java HotSpot(TM) 64-Bit Server VM (11.0.6+8-LTS, mixed mode, tiered, compressed oops, g1 gc, windows-amd64)
Heap:
 garbage-first heap   total 210944K, used 21504K [0x0000000081c00000, 0x0000000100000000)
  region size 1024K, 10 young (10240K), 10 survivors (10240K)
 Metaspace       used 51245K, capacity 52537K, committed 52656K, reserved 1095680K
  class space    used 6633K, capacity 7140K, committed 7168K, reserved 1048576K
GC Heap History (10 events):
Event: 1.005 GC heap after
{Heap after GC invocations=4 (full 0):
 garbage-first heap   total 131072K, used 8832K [0x0000000081c00000, 0x0000000100000000)
  region size 1024K, 3 young (3072K), 3 survivors (3072K)
 Metaspace       used 20735K, capacity 21180K, committed 21296K, reserved 1069056K
  class space    used 2448K, capacity 2627K, committed 2688K, reserved 1048576K
}
Event: 1.237 GC heap before
{Heap before GC invocations=5 (full 0):
 garbage-first heap   total 131072K, used 49792K [0x0000000081c00000, 0x0000000100000000)
  region size 1024K, 44 young (45056K), 3 survivors (3072K)
 Metaspace       used 22262K, capacity 22814K, committed 23088K, reserved 1069056K
  class space    used 2663K, capacity 2876K, committed 2944K, reserved 1048576K
}
Event: 1.242 GC heap after
{Heap after GC invocations=6 (full 0):
 garbage-first heap   total 157696K, used 9489K [0x0000000081c00000, 0x0000000100000000)
  region size 1024K, 4 young (4096K), 4 survivors (4096K)
 Metaspace       used 22262K, capacity 22814K, committed 23088K, reserved 1069056K
  class space    used 2663K, capacity 2876K, committed 2944K, reserved 1048576K
}
Event: 1.833 GC heap before
{Heap before GC invocations=6 (full 0):
 garbage-first heap   total 157696K, used 72977K [0x0000000081c00000, 0x0000000100000000)
  region size 1024K, 67 young (68608K), 4 survivors (4096K)
 Metaspace       used 25518K, capacity 26191K, committed 26416K, reserved 1073152K
  class space    used 3121K, capacity 3379K, committed 3456K, reserved 1048576K
}
Event: 1.840 GC heap after
{Heap after GC invocations=7 (full 0):
 garbage-first heap   total 157696K, used 11779K [0x0000000081c00000, 0x0000000100000000)
  region size 1024K, 6 young (6144K), 6 survivors (6144K)
 Metaspace       used 25518K, capacity 26191K, committed 26416K, reserved 1073152K
  class space    used 3121K, capacity 3379K, committed 3456K, reserved 1048576K
}
Event: 2.854 GC heap before
{Heap before GC invocations=7 (full 0):
 garbage-first heap   total 157696K, used 98819K [0x0000000081c00000, 0x0000000100000000)
  region size 1024K, 92 young (94208K), 6 survivors (6144K)
 Metaspace       used 32158K, capacity 33104K, committed 33200K, reserved 1079296K
  class space    used 3965K, capacity 4333K, committed 4352K, reserved 1048576K
}
Event: 2.872 GC heap after
{Heap after GC invocations=8 (full 0):
 garbage-first heap   total 157696K, used 15597K [0x0000000081c00000, 0x0000000100000000)
  region size 1024K, 10 young (10240K), 10 survivors (10240K)
 Metaspace       used 32158K, capacity 33104K, committed 33200K, reserved 1079296K
  class space    used 3965K, capacity 4333K, committed 4352K, reserved 1048576K
}
Event: 3.193 GC heap before
{Heap before GC invocations=8 (full 0):
 garbage-first heap   total 157696K, used 42221K [0x0000000081c00000, 0x0000000100000000)
  region size 1024K, 37 young (37888K), 10 survivors (10240K)
 Metaspace       used 34818K, capacity 35757K, committed 35888K, reserved 1081344K
  class space    used 4245K, capacity 4622K, committed 4736K, reserved 1048576K
}
Event: 3.210 GC heap after
{Heap after GC invocations=9 (full 0):
 garbage-first heap   total 157696K, used 18198K [0x0000000081c00000, 0x0000000100000000)
  region size 1024K, 9 young (9216K), 9 survivors (9216K)
 Metaspace       used 34818K, capacity 35757K, committed 35888K, reserved 1081344K
  class space    used 4245K, capacity 4622K, committed 4736K, reserved 1048576K
}
Event: 4.242 GC heap before
{Heap before GC invocations=10 (full 0):
 garbage-first heap   total 157696K, used 103190K [0x0000000081c00000, 0x0000000100000000)
  region size 1024K, 92 young (94208K), 9 survivors (9216K)
 Metaspace       used 51245K, capacity 52537K, committed 52656K, reserved 1095680K
  class space    used 6633K, capacity 7140K, committed 7168K, reserved 1048576K
}

