# JRE version: Java(TM) SE Runtime Environment (11.0.6+8) (build 11.0.6+8-LTS)
# Java VM: Java HotSpot(TM) 64-Bit Server VM (11.0.6+8-LTS, mixed mode, tiered, compressed oops, g1 gc, windows-amd64)
Heap:
 garbage-first heap   total 157696K, used 66910K [0x0000000081c00000, 0x0000000100000000)
  region size 1024K, 52 young (53248K), 9 survivors (9216K)
 Metaspace       used 25557K, capacity 26105K, committed 26416K, reserved 1073152K
  class space    used 2675K, capacity 2873K, committed 2944K, reserved 1048576K
GC Heap History (10 events):
Event: 2.163 GC heap before
{Heap before GC invocations=2 (full 0):
 garbage-first heap   total 131072K, used 27459K [0x0000000081c00000, 0x0000000100000000)
  region size 1024K, 24 young (24576K), 1 survivors (1024K)
 Metaspace       used 15657K, capacity 15918K, committed 16128K, reserved 1062912K
  class space    used 1620K, capacity 1727K, committed 1792K, reserved 1048576K
}
Event: 2.165 GC heap after
{Heap after GC invocations=3 (full 0):
 garbage-first heap   total 131072K, used 4656K [0x0000000081c00000, 0x0000000100000000)
  region size 1024K, 2 young (2048K), 2 survivors (2048K)
 Metaspace       used 15657K, capacity 15918K, committed 16128K, reserved 1062912K
  class space    used 1620K, capacity 1727K, committed 1792K, reserved 1048576K
}
Event: 3.767 GC heap before
{Heap before GC invocations=3 (full 0):
 garbage-first heap   total 131072K, used 41520K [0x0000000081c00000, 0x0000000100000000)
  region size 1024K, 39 young (39936K), 2 survivors (2048K)
 Metaspace       used 20816K, capacity 21119K, committed 21296K, reserved 1069056K
  class space    used 2237K, capacity 2360K, committed 2432K, reserved 1048576K
}
Event: 3.785 GC heap after
{Heap after GC invocations=4 (full 0):
 garbage-first heap   total 131072K, used 7992K [0x0000000081c00000, 0x0000000100000000)
  region size 1024K, 5 young (5120K), 5 survivors (5120K)
 Metaspace       used 20816K, capacity 21119K, committed 21296K, reserved 1069056K
  class space    used 2237K, capacity 2360K, committed 2432K, reserved 1048576K
}
Event: 6.417 GC heap before
{Heap before GC invocations=5 (full 0):
 garbage-first heap   total 131072K, used 80696K [0x0000000081c00000, 0x0000000100000000)
  region size 1024K, 76 young (77824K), 5 survivors (5120K)
 Metaspace       used 21661K, capacity 21951K, committed 22064K, reserved 1069056K
  class space    used 2281K, capacity 2400K, committed 2432K, reserved 1048576K
}
Event: 6.437 GC heap after
{Heap after GC invocations=6 (full 0):
 garbage-first heap   total 131072K, used 15188K [0x0000000081c00000, 0x0000000100000000)
  region size 1024K, 10 young (10240K), 10 survivors (10240K)
 Metaspace       used 21661K, capacity 21951K, committed 22064K, reserved 1069056K
  class space    used 2281K, capacity 2400K, committed 2432K, reserved 1048576K
}
Event: 9.189 GC heap before
{Heap before GC invocations=6 (full 0):
 garbage-first heap   total 131072K, used 82772K [0x0000000081c00000, 0x0000000100000000)
  region size 1024K, 76 young (77824K), 10 survivors (10240K)
 Metaspace       used 22193K, capacity 22540K, committed 22832K, reserved 1069056K
  class space    used 2299K, capacity 2404K, committed 2432K, reserved 1048576K
}
Event: 9.210 GC heap after
{Heap after GC invocations=7 (full 0):
 garbage-first heap   total 131072K, used 20318K [0x0000000081c00000, 0x0000000100000000)
  region size 1024K, 6 young (6144K), 6 survivors (6144K)
 Metaspace       used 22193K, capacity 22540K, committed 22832K, reserved 1069056K
  class space    used 2299K, capacity 2404K, committed 2432K, reserved 1048576K
}
Event: 13.289 GC heap before
{Heap before GC invocations=7 (full 0):
 garbage-first heap   total 131072K, used 88926K [0x0000000081c00000, 0x0000000100000000)
  region size 1024K, 73 young (74752K), 6 survivors (6144K)
 Metaspace       used 23931K, capacity 24439K, committed 24624K, reserved 1071104K
  class space    used 2439K, capacity 2614K, committed 2688K, reserved 1048576K
}
Event: 13.300 GC heap after
{Heap after GC invocations=8 (full 0):
 garbage-first heap   total 157696K, used 23902K [0x0000000081c00000, 0x0000000100000000)
  region size 1024K, 9 young (9216K), 9 survivors (9216K)
 Metaspace       used 23931K, capacity 24439K, committed 24624K, reserved 1071104K
  class space    used 2439K, capacity 2614K, committed 2688K, reserved 1048576K
}

