# JRE version: Java(TM) SE Runtime Environment (11.0.6+8) (build 11.0.6+8-LTS)
# Java VM: Java HotSpot(TM) 64-Bit Server VM (11.0.6+8-LTS, mixed mode, tiered, compressed oops, g1 gc, windows-amd64)
Heap:
 garbage-first heap   total 131072K, used 7533K [0x0000000081c00000, 0x0000000100000000)
  region size 1024K, 4 young (4096K), 4 survivors (4096K)
 Metaspace       used 20498K, capacity 20748K, committed 20864K, reserved 1075200K
  class space    used 2216K, capacity 2322K, committed 2432K, reserved 1048576K
GC Heap History (6 events):
Event: 4.502 GC heap before
{Heap before GC invocations=0 (full 0):
 garbage-first heap   total 131072K, used 14336K [0x0000000081c00000, 0x0000000100000000)
  region size 1024K, 14 young (14336K), 0 survivors (0K)
 Metaspace       used 11466K, capacity 11676K, committed 12032K, reserved 1060864K
  class space    used 1078K, capacity 1171K, committed 1280K, reserved 1048576K
}
Event: 4.507 GC heap after
{Heap after GC invocations=1 (full 0):
 garbage-first heap   total 131072K, used 3407K [0x0000000081c00000, 0x0000000100000000)
  region size 1024K, 2 young (2048K), 2 survivors (2048K)
 Metaspace       used 11466K, capacity 11676K, committed 12032K, reserved 1060864K
  class space    used 1078K, capacity 1171K, committed 1280K, reserved 1048576K
}
Event: 5.034 GC heap before
{Heap before GC invocations=1 (full 0):
 garbage-first heap   total 131072K, used 7503K [0x0000000081c00000, 0x0000000100000000)
  region size 1024K, 6 young (6144K), 2 survivors (2048K)
 Metaspace       used 12378K, capacity 12636K, committed 12928K, reserved 1060864K
  class space    used 1193K, capacity 1299K, committed 1408K, reserved 1048576K
}
Event: 5.038 GC heap after
{Heap after GC invocations=2 (full 0):
 garbage-first heap   total 131072K, used 3813K [0x0000000081c00000, 0x0000000100000000)
  region size 1024K, 1 young (1024K), 1 survivors (1024K)
 Metaspace       used 12378K, capacity 12636K, committed 12928K, reserved 1060864K
  class space    used 1193K, capacity 1299K, committed 1408K, reserved 1048576K
}
Event: 7.606 GC heap before
{Heap before GC invocations=2 (full 0):
 garbage-first heap   total 131072K, used 26341K [0x0000000081c00000, 0x0000000100000000)
  region size 1024K, 23 young (23552K), 1 survivors (1024K)
 Metaspace       used 14985K, capacity 15234K, committed 15488K, reserved 1062912K
  class space    used 1539K, capacity 1628K, committed 1664K, reserved 1048576K
}
Event: 7.609 GC heap after
{Heap after GC invocations=3 (full 0):
 garbage-first heap   total 131072K, used 4534K [0x0000000081c00000, 0x0000000100000000)
  region size 1024K, 1 young (1024K), 1 survivors (1024K)
 Metaspace       used 14985K, capacity 15234K, committed 15488K, reserved 1062912K
  class space    used 1539K, capacity 1628K, committed 1664K, reserved 1048576K
}

