# JRE version: Java(TM) SE Runtime Environment (11.0.6+8) (build 11.0.6+8-LTS)
# Java VM: Java HotSpot(TM) 64-Bit Server VM (11.0.6+8-LTS, mixed mode, tiered, compressed oops, parallel gc, windows-amd64)
Heap:
 PSYoungGen      total 31232K, used 31200K [0x00000000eab00000, 0x00000000ed080000, 0x0000000100000000)
  eden space 24576K, 100% used [0x00000000eab00000,0x00000000ec300000,0x00000000ec300000)
  from space 6656K, 99% used [0x00000000eca00000,0x00000000ed078010,0x00000000ed080000)
  to   space 6656K, 86% used [0x00000000ec380000,0x00000000ec918010,0x00000000eca00000)
 ParOldGen       total 68608K, used 23646K [0x00000000c0000000, 0x00000000c4300000, 0x00000000eab00000)
  object space 68608K, 34% used [0x00000000c0000000,0x00000000c1717ae0,0x00000000c4300000)
 Metaspace       used 28803K, capacity 30381K, committed 30640K, reserved 1077248K
  class space    used 2726K, capacity 3215K, committed 3328K, reserved 1048576K
GC Heap History (10 events):
Event: 7.212 GC heap before
{Heap before GC invocations=4 (full 1):
 PSYoungGen      total 29696K, used 25600K [0x00000000eab00000, 0x00000000ecc00000, 0x0000000100000000)
  eden space 25600K, 100% used [0x00000000eab00000,0x00000000ec400000,0x00000000ec400000)
  from space 4096K, 0% used [0x00000000ec800000,0x00000000ec800000,0x00000000ecc00000)
  to   space 4096K, 0% used [0x00000000ec400000,0x00000000ec400000,0x00000000ec800000)
 ParOldGen       total 68608K, used 14129K [0x00000000c0000000, 0x00000000c4300000, 0x00000000eab00000)
  object space 68608K, 20% used [0x00000000c0000000,0x00000000c0dcc740,0x00000000c4300000)
 Metaspace       used 27192K, capacity 28721K, committed 28848K, reserved 1075200K
  class space    used 2572K, capacity 3005K, committed 3072K, reserved 1048576K
}
Event: 7.216 GC heap after
{Heap after GC invocations=4 (full 1):
 PSYoungGen      total 29696K, used 2409K [0x00000000eab00000, 0x00000000ecc00000, 0x0000000100000000)
  eden space 25600K, 0% used [0x00000000eab00000,0x00000000eab00000,0x00000000ec400000)
  from space 4096K, 58% used [0x00000000ec400000,0x00000000ec65a620,0x00000000ec800000)
  to   space 4096K, 0% used [0x00000000ec800000,0x00000000ec800000,0x00000000ecc00000)
 ParOldGen       total 68608K, used 14145K [0x00000000c0000000, 0x00000000c4300000, 0x00000000eab00000)
  object space 68608K, 20% used [0x00000000c0000000,0x00000000c0dd0758,0x00000000c4300000)
 Metaspace       used 27192K, capacity 28721K, committed 28848K, reserved 1075200K
  class space    used 2572K, capacity 3005K, committed 3072K, reserved 1048576K
}
Event: 8.045 GC heap before
{Heap before GC invocations=5 (full 1):
 PSYoungGen      total 29696K, used 28009K [0x00000000eab00000, 0x00000000ecc00000, 0x0000000100000000)
  eden space 25600K, 100% used [0x00000000eab00000,0x00000000ec400000,0x00000000ec400000)
  from space 4096K, 58% used [0x00000000ec400000,0x00000000ec65a620,0x00000000ec800000)
  to   space 4096K, 0% used [0x00000000ec800000,0x00000000ec800000,0x00000000ecc00000)
 ParOldGen       total 68608K, used 14145K [0x00000000c0000000, 0x00000000c4300000, 0x00000000eab00000)
  object space 68608K, 20% used [0x00000000c0000000,0x00000000c0dd0758,0x00000000c4300000)
 Metaspace       used 28564K, capacity 30123K, committed 30384K, reserved 1077248K
  class space    used 2711K, capacity 3215K, committed 3328K, reserved 1048576K
}
Event: 8.056 GC heap after
{Heap after GC invocations=5 (full 1):
 PSYoungGen      total 29696K, used 4073K [0x00000000eab00000, 0x00000000ecc00000, 0x0000000100000000)
  eden space 25600K, 0% used [0x00000000eab00000,0x00000000eab00000,0x00000000ec400000)
  from space 4096K, 99% used [0x00000000ec800000,0x00000000ecbfa630,0x00000000ecc00000)
  to   space 4096K, 0% used [0x00000000ec400000,0x00000000ec400000,0x00000000ec800000)
 ParOldGen       total 68608K, used 14641K [0x00000000c0000000, 0x00000000c4300000, 0x00000000eab00000)
  object space 68608K, 21% used [0x00000000c0000000,0x00000000c0e4c758,0x00000000c4300000)
 Metaspace       used 28564K, capacity 30123K, committed 30384K, reserved 1077248K
  class space    used 2711K, capacity 3215K, committed 3328K, reserved 1048576K
}
Event: 8.354 GC heap before
{Heap before GC invocations=6 (full 1):
 PSYoungGen      total 29696K, used 29673K [0x00000000eab00000, 0x00000000ecc00000, 0x0000000100000000)
  eden space 25600K, 100% used [0x00000000eab00000,0x00000000ec400000,0x00000000ec400000)
  from space 4096K, 99% used [0x00000000ec800000,0x00000000ecbfa630,0x00000000ecc00000)
  to   space 4096K, 0% used [0x00000000ec400000,0x00000000ec400000,0x00000000ec800000)
 ParOldGen       total 68608K, used 14641K [0x00000000c0000000, 0x00000000c4300000, 0x00000000eab00000)
  object space 68608K, 21% used [0x00000000c0000000,0x00000000c0e4c758,0x00000000c4300000)
 Metaspace       used 28620K, capacity 30188K, committed 30384K, reserved 1077248K
  class space    used 2714K, capacity 3215K, committed 3328K, reserved 1048576K
}
Event: 8.365 GC heap after
{Heap after GC invocations=6 (full 1):
 PSYoungGen      total 29184K, used 4089K [0x00000000eab00000, 0x00000000ed080000, 0x0000000100000000)
  eden space 25088K, 0% used [0x00000000eab00000,0x00000000eab00000,0x00000000ec380000)
  from space 4096K, 99% used [0x00000000ec400000,0x00000000ec7fe5d0,0x00000000ec800000)
  to   space 6656K, 0% used [0x00000000eca00000,0x00000000eca00000,0x00000000ed080000)
 ParOldGen       total 68608K, used 16572K [0x00000000c0000000, 0x00000000c4300000, 0x00000000eab00000)
  object space 68608K, 24% used [0x00000000c0000000,0x00000000c102f210,0x00000000c4300000)
 Metaspace       used 28620K, capacity 30188K, committed 30384K, reserved 1077248K
  class space    used 2714K, capacity 3215K, committed 3328K, reserved 1048576K
}
Event: 8.520 GC heap before
{Heap before GC invocations=7 (full 1):
 PSYoungGen      total 29184K, used 29177K [0x00000000eab00000, 0x00000000ed080000, 0x0000000100000000)
  eden space 25088K, 100% used [0x00000000eab00000,0x00000000ec380000,0x00000000ec380000)
  from space 4096K, 99% used [0x00000000ec400000,0x00000000ec7fe5d0,0x00000000ec800000)
  to   space 6656K, 0% used [0x00000000eca00000,0x00000000eca00000,0x00000000ed080000)
 ParOldGen       total 68608K, used 16572K [0x00000000c0000000, 0x00000000c4300000, 0x00000000eab00000)
  object space 68608K, 24% used [0x00000000c0000000,0x00000000c102f210,0x00000000c4300000)
 Metaspace       used 28719K, capacity 30252K, committed 30384K, reserved 1077248K
  class space    used 2718K, capacity 3215K, committed 3328K, reserved 1048576K
}
Event: 8.530 GC heap after
{Heap after GC invocations=7 (full 1):
 PSYoungGen      total 31232K, used 6161K [0x00000000eab00000, 0x00000000ed080000, 0x0000000100000000)
  eden space 24576K, 0% used [0x00000000eab00000,0x00000000eab00000,0x00000000ec300000)
  from space 6656K, 92% used [0x00000000eca00000,0x00000000ed004600,0x00000000ed080000)
  to   space 6656K, 0% used [0x00000000ec380000,0x00000000ec380000,0x00000000eca00000)
 ParOldGen       total 68608K, used 16572K [0x00000000c0000000, 0x00000000c4300000, 0x00000000eab00000)
  object space 68608K, 24% used [0x00000000c0000000,0x00000000c102f210,0x00000000c4300000)
 Metaspace       used 28719K, capacity 30252K, committed 30384K, reserved 1077248K
  class space    used 2718K, capacity 3215K, committed 3328K, reserved 1048576K
}
Event: 8.624 GC heap before
{Heap before GC invocations=8 (full 1):
 PSYoungGen      total 31232K, used 30737K [0x00000000eab00000, 0x00000000ed080000, 0x0000000100000000)
  eden space 24576K, 100% used [0x00000000eab00000,0x00000000ec300000,0x00000000ec300000)
  from space 6656K, 92% used [0x00000000eca00000,0x00000000ed004600,0x00000000ed080000)
  to   space 6656K, 0% used [0x00000000ec380000,0x00000000ec380000,0x00000000eca00000)
 ParOldGen       total 68608K, used 16572K [0x00000000c0000000, 0x00000000c4300000, 0x00000000eab00000)
  object space 68608K, 24% used [0x00000000c0000000,0x00000000c102f210,0x00000000c4300000)
 Metaspace       used 28802K, capacity 30380K, committed 30640K, reserved 1077248K
  class space    used 2726K, capacity 3215K, committed 3328K, reserved 1048576K
}
Event: 8.633 GC heap after
{Heap after GC invocations=8 (full 1):
 PSYoungGen      total 31232K, used 6641K [0x00000000eab00000, 0x00000000ed080000, 0x0000000100000000)
  eden space 24576K, 0% used [0x00000000eab00000,0x00000000eab00000,0x00000000ec300000)
  from space 6656K, 99% used [0x00000000ec380000,0x00000000ec9fc600,0x00000000eca00000)
  to   space 6656K, 0% used [0x00000000eca00000,0x00000000eca00000,0x00000000ed080000)
 ParOldGen       total 68608K, used 18457K [0x00000000c0000000, 0x00000000c4300000, 0x00000000eab00000)
  object space 68608K, 26% used [0x00000000c0000000,0x00000000c1206578,0x00000000c4300000)
 Metaspace       used 28802K, capacity 30380K, committed 30640K, reserved 1077248K
  class space    used 2726K, capacity 3215K, committed 3328K, reserved 1048576K
}

