# JRE version: Java(TM) SE Runtime Environment (11.0.6+8) (build 11.0.6+8-LTS)
# Java VM: Java HotSpot(TM) 64-Bit Server VM (11.0.6+8-LTS, mixed mode, tiered, compressed oops, g1 gc, windows-amd64)
Heap:
 garbage-first heap   total 131072K, used 9701K [0x0000000081c00000, 0x0000000100000000)
  region size 1024K, 4 young (4096K), 4 survivors (4096K)
 Metaspace       used 23022K, capacity 23561K, committed 23728K, reserved 1079296K
  class space    used 2748K, capacity 2955K, committed 3072K, reserved 1048576K
GC Heap History (10 events):
Event: 1.297 GC heap before
{Heap before GC invocations=1 (full 0):
 garbage-first heap   total 131072K, used 14296K [0x0000000081c00000, 0x0000000100000000)
  region size 1024K, 10 young (10240K), 2 survivors (2048K)
 Metaspace       used 10139K, capacity 10250K, committed 10368K, reserved 1058816K
  class space    used 993K, capacity 1037K, committed 1152K, reserved 1048576K
}
Event: 1.300 GC heap after
{Heap after GC invocations=2 (full 0):
 garbage-first heap   total 131072K, used 6604K [0x0000000081c00000, 0x0000000100000000)
  region size 1024K, 1 young (1024K), 1 survivors (1024K)
 Metaspace       used 10139K, capacity 10250K, committed 10368K, reserved 1058816K
  class space    used 993K, capacity 1037K, committed 1152K, reserved 1048576K
}
Event: 1.311 GC heap before
{Heap before GC invocations=2 (full 0):
 garbage-first heap   total 131072K, used 34252K [0x0000000081c00000, 0x0000000100000000)
  region size 1024K, 29 young (29696K), 1 survivors (1024K)
 Metaspace       used 10139K, capacity 10250K, committed 10368K, reserved 1058816K
  class space    used 993K, capacity 1037K, committed 1152K, reserved 1048576K
}
Event: 1.312 GC heap after
{Heap after GC invocations=3 (full 0):
 garbage-first heap   total 131072K, used 6611K [0x0000000081c00000, 0x0000000100000000)
  region size 1024K, 1 young (1024K), 1 survivors (1024K)
 Metaspace       used 10139K, capacity 10250K, committed 10368K, reserved 1058816K
  class space    used 993K, capacity 1037K, committed 1152K, reserved 1048576K
}
Event: 2.329 GC heap before
{Heap before GC invocations=3 (full 0):
 garbage-first heap   total 131072K, used 54739K [0x0000000081c00000, 0x0000000100000000)
  region size 1024K, 49 young (50176K), 1 survivors (1024K)
 Metaspace       used 17265K, capacity 17633K, committed 17920K, reserved 1064960K
  class space    used 2022K, capacity 2189K, committed 2304K, reserved 1048576K
}
Event: 2.333 GC heap after
{Heap after GC invocations=4 (full 0):
 garbage-first heap   total 131072K, used 8237K [0x0000000081c00000, 0x0000000100000000)
  region size 1024K, 3 young (3072K), 3 survivors (3072K)
 Metaspace       used 17265K, capacity 17633K, committed 17920K, reserved 1064960K
  class space    used 2022K, capacity 2189K, committed 2304K, reserved 1048576K
}
Event: 2.750 GC heap before
{Heap before GC invocations=4 (full 0):
 garbage-first heap   total 131072K, used 26669K [0x0000000081c00000, 0x0000000100000000)
  region size 1024K, 22 young (22528K), 3 survivors (3072K)
 Metaspace       used 20599K, capacity 21133K, committed 21296K, reserved 1069056K
  class space    used 2425K, capacity 2633K, committed 2688K, reserved 1048576K
}
Event: 2.755 GC heap after
{Heap after GC invocations=5 (full 0):
 garbage-first heap   total 131072K, used 8995K [0x0000000081c00000, 0x0000000100000000)
  region size 1024K, 3 young (3072K), 3 survivors (3072K)
 Metaspace       used 20599K, capacity 21133K, committed 21296K, reserved 1069056K
  class space    used 2425K, capacity 2633K, committed 2688K, reserved 1048576K
}
Event: 3.623 GC heap before
{Heap before GC invocations=6 (full 0):
 garbage-first heap   total 131072K, used 61219K [0x0000000081c00000, 0x0000000100000000)
  region size 1024K, 56 young (57344K), 3 survivors (3072K)
 Metaspace       used 23022K, capacity 23561K, committed 23728K, reserved 1077248K
  class space    used 2748K, capacity 2955K, committed 3072K, reserved 1048576K
}
Event: 3.630 GC heap after
{Heap after GC invocations=7 (full 0):
 garbage-first heap   total 131072K, used 9701K [0x0000000081c00000, 0x0000000100000000)
  region size 1024K, 4 young (4096K), 4 survivors (4096K)
 Metaspace       used 23022K, capacity 23561K, committed 23728K, reserved 1077248K
  class space    used 2748K, capacity 2955K, committed 3072K, reserved 1048576K
}

