# JRE version: Java(TM) SE Runtime Environment (11.0.6+8) (build 11.0.6+8-LTS)
# Java VM: Java HotSpot(TM) 64-Bit Server VM (11.0.6+8-LTS, mixed mode, tiered, compressed oops, g1 gc, windows-amd64)
Heap:
 garbage-first heap   total 131072K, used 14319K [0x0000000081c00000, 0x0000000100000000)
  region size 1024K, 11 young (11264K), 8 survivors (8192K)
 Metaspace       used 21542K, capacity 21918K, committed 22064K, reserved 1069056K
  class space    used 2255K, capacity 2392K, committed 2432K, reserved 1048576K
GC Heap History (10 events):
Event: 2.270 GC heap before
{Heap before GC invocations=0 (full 0):
 garbage-first heap   total 131072K, used 14336K [0x0000000081c00000, 0x0000000100000000)
  region size 1024K, 14 young (14336K), 0 survivors (0K)
 Metaspace       used 11518K, capacity 11762K, committed 12032K, reserved 1060864K
  class space    used 1087K, capacity 1199K, committed 1280K, reserved 1048576K
}
Event: 2.275 GC heap after
{Heap after GC invocations=1 (full 0):
 garbage-first heap   total 131072K, used 3215K [0x0000000081c00000, 0x0000000100000000)
  region size 1024K, 2 young (2048K), 2 survivors (2048K)
 Metaspace       used 11518K, capacity 11762K, committed 12032K, reserved 1060864K
  class space    used 1087K, capacity 1199K, committed 1280K, reserved 1048576K
}
Event: 2.689 GC heap before
{Heap before GC invocations=1 (full 0):
 garbage-first heap   total 131072K, used 13455K [0x0000000081c00000, 0x0000000100000000)
  region size 1024K, 12 young (12288K), 2 survivors (2048K)
 Metaspace       used 13319K, capacity 13598K, committed 13824K, reserved 1060864K
  class space    used 1345K, capacity 1427K, committed 1536K, reserved 1048576K
}
Event: 2.693 GC heap after
{Heap after GC invocations=2 (full 0):
 garbage-first heap   total 131072K, used 3787K [0x0000000081c00000, 0x0000000100000000)
  region size 1024K, 1 young (1024K), 1 survivors (1024K)
 Metaspace       used 13319K, capacity 13598K, committed 13824K, reserved 1060864K
  class space    used 1345K, capacity 1427K, committed 1536K, reserved 1048576K
}
Event: 3.983 GC heap before
{Heap before GC invocations=2 (full 0):
 garbage-first heap   total 131072K, used 33483K [0x0000000081c00000, 0x0000000100000000)
  region size 1024K, 30 young (30720K), 1 survivors (1024K)
 Metaspace       used 17021K, capacity 17301K, committed 17408K, reserved 1064960K
  class space    used 1812K, capacity 1953K, committed 2048K, reserved 1048576K
}
Event: 3.986 GC heap after
{Heap after GC invocations=3 (full 0):
 garbage-first heap   total 131072K, used 4786K [0x0000000081c00000, 0x0000000100000000)
  region size 1024K, 2 young (2048K), 2 survivors (2048K)
 Metaspace       used 17021K, capacity 17301K, committed 17408K, reserved 1064960K
  class space    used 1812K, capacity 1953K, committed 2048K, reserved 1048576K
}
Event: 5.788 GC heap before
{Heap before GC invocations=3 (full 0):
 garbage-first heap   total 131072K, used 32434K [0x0000000081c00000, 0x0000000100000000)
  region size 1024K, 30 young (30720K), 2 survivors (2048K)
 Metaspace       used 20797K, capacity 21161K, committed 21296K, reserved 1069056K
  class space    used 2222K, capacity 2354K, committed 2432K, reserved 1048576K
}
Event: 5.801 GC heap after
{Heap after GC invocations=4 (full 0):
 garbage-first heap   total 131072K, used 7810K [0x0000000081c00000, 0x0000000100000000)
  region size 1024K, 5 young (5120K), 5 survivors (5120K)
 Metaspace       used 20797K, capacity 21161K, committed 21296K, reserved 1069056K
  class space    used 2222K, capacity 2354K, committed 2432K, reserved 1048576K
}
Event: 8.924 GC heap before
{Heap before GC invocations=5 (full 0):
 garbage-first heap   total 131072K, used 64130K [0x0000000081c00000, 0x0000000100000000)
  region size 1024K, 60 young (61440K), 5 survivors (5120K)
 Metaspace       used 21482K, capacity 21854K, committed 22064K, reserved 1069056K
  class space    used 2255K, capacity 2392K, committed 2432K, reserved 1048576K
}
Event: 8.940 GC heap after
{Heap after GC invocations=6 (full 0):
 garbage-first heap   total 131072K, used 12271K [0x0000000081c00000, 0x0000000100000000)
  region size 1024K, 8 young (8192K), 8 survivors (8192K)
 Metaspace       used 21482K, capacity 21854K, committed 22064K, reserved 1069056K
  class space    used 2255K, capacity 2392K, committed 2432K, reserved 1048576K
}

