# JRE version: Java(TM) SE Runtime Environment (11.0.6+8) (build 11.0.6+8-LTS)
# Java VM: Java HotSpot(TM) 64-Bit Server VM (11.0.6+8-LTS, mixed mode, tiered, compressed oops, g1 gc, windows-amd64)
Heap:
 garbage-first heap   total 131072K, used 31439K [0x0000000081c00000, 0x0000000100000000)
  region size 1024K, 29 young (29696K), 5 survivors (5120K)
 Metaspace       used 21059K, capacity 21418K, committed 21552K, reserved 1069056K
  class space    used 2232K, capacity 2354K, committed 2432K, reserved 1048576K
GC Heap History (8 events):
Event: 3.441 GC heap before
{Heap before GC invocations=0 (full 0):
 garbage-first heap   total 131072K, used 14336K [0x0000000081c00000, 0x0000000100000000)
  region size 1024K, 14 young (14336K), 0 survivors (0K)
 Metaspace       used 11478K, capacity 11762K, committed 12032K, reserved 1060864K
  class space    used 1084K, capacity 1199K, committed 1280K, reserved 1048576K
}
Event: 3.475 GC heap after
{Heap after GC invocations=1 (full 0):
 garbage-first heap   total 131072K, used 3123K [0x0000000081c00000, 0x0000000100000000)
  region size 1024K, 2 young (2048K), 2 survivors (2048K)
 Metaspace       used 11478K, capacity 11762K, committed 12032K, reserved 1060864K
  class space    used 1084K, capacity 1199K, committed 1280K, reserved 1048576K
}
Event: 4.186 GC heap before
{Heap before GC invocations=1 (full 0):
 garbage-first heap   total 131072K, used 13363K [0x0000000081c00000, 0x0000000100000000)
  region size 1024K, 12 young (12288K), 2 survivors (2048K)
 Metaspace       used 13314K, capacity 13534K, committed 13824K, reserved 1060864K
  class space    used 1347K, capacity 1427K, committed 1536K, reserved 1048576K
}
Event: 4.190 GC heap after
{Heap after GC invocations=2 (full 0):
 garbage-first heap   total 131072K, used 3824K [0x0000000081c00000, 0x0000000100000000)
  region size 1024K, 1 young (1024K), 1 survivors (1024K)
 Metaspace       used 13314K, capacity 13534K, committed 13824K, reserved 1060864K
  class space    used 1347K, capacity 1427K, committed 1536K, reserved 1048576K
}
Event: 5.379 GC heap before
{Heap before GC invocations=2 (full 0):
 garbage-first heap   total 131072K, used 32496K [0x0000000081c00000, 0x0000000100000000)
  region size 1024K, 29 young (29696K), 1 survivors (1024K)
 Metaspace       used 16878K, capacity 17199K, committed 17280K, reserved 1064960K
  class space    used 1793K, capacity 1920K, committed 1920K, reserved 1048576K
}
Event: 5.383 GC heap after
{Heap after GC invocations=3 (full 0):
 garbage-first heap   total 131072K, used 4741K [0x0000000081c00000, 0x0000000100000000)
  region size 1024K, 2 young (2048K), 2 survivors (2048K)
 Metaspace       used 16878K, capacity 17199K, committed 17280K, reserved 1064960K
  class space    used 1793K, capacity 1920K, committed 1920K, reserved 1048576K
}
Event: 7.690 GC heap before
{Heap before GC invocations=3 (full 0):
 garbage-first heap   total 131072K, used 33413K [0x0000000081c00000, 0x0000000100000000)
  region size 1024K, 31 young (31744K), 2 survivors (2048K)
 Metaspace       used 20792K, capacity 21161K, committed 21296K, reserved 1069056K
  class space    used 2221K, capacity 2354K, committed 2432K, reserved 1048576K
}
Event: 7.701 GC heap after
{Heap after GC invocations=4 (full 0):
 garbage-first heap   total 131072K, used 7887K [0x0000000081c00000, 0x0000000100000000)
  region size 1024K, 5 young (5120K), 5 survivors (5120K)
 Metaspace       used 20792K, capacity 21161K, committed 21296K, reserved 1069056K
  class space    used 2221K, capacity 2354K, committed 2432K, reserved 1048576K
}

