# JRE version: Java(TM) SE Runtime Environment (11.0.6+8) (build 11.0.6+8-LTS)
# Java VM: Java HotSpot(TM) 64-Bit Server VM (11.0.6+8-LTS, mixed mode, tiered, compressed oops, g1 gc, windows-amd64)
Heap:
 garbage-first heap   total 131072K, used 65536K [0x0000000081c00000, 0x0000000100000000)
  region size 1024K, 50 young (51200K), 9 survivors (9216K)
 Metaspace       used 25555K, capacity 26100K, committed 26416K, reserved 1073152K
  class space    used 2674K, capacity 2873K, committed 2944K, reserved 1048576K
GC Heap History (10 events):
Event: 6.357 GC heap before
{Heap before GC invocations=2 (full 0):
 garbage-first heap   total 131072K, used 27282K [0x0000000081c00000, 0x0000000100000000)
  region size 1024K, 24 young (24576K), 1 survivors (1024K)
 Metaspace       used 15410K, capacity 15690K, committed 15872K, reserved 1062912K
  class space    used 1584K, capacity 1695K, committed 1792K, reserved 1048576K
}
Event: 6.364 GC heap after
{Heap after GC invocations=3 (full 0):
 garbage-first heap   total 131072K, used 4547K [0x0000000081c00000, 0x0000000100000000)
  region size 1024K, 2 young (2048K), 2 survivors (2048K)
 Metaspace       used 15410K, capacity 15690K, committed 15872K, reserved 1062912K
  class space    used 1584K, capacity 1695K, committed 1792K, reserved 1048576K
}
Event: 8.978 GC heap before
{Heap before GC invocations=3 (full 0):
 garbage-first heap   total 131072K, used 43459K [0x0000000081c00000, 0x0000000100000000)
  region size 1024K, 41 young (41984K), 2 survivors (2048K)
 Metaspace       used 20880K, capacity 21179K, committed 21296K, reserved 1069056K
  class space    used 2235K, capacity 2360K, committed 2432K, reserved 1048576K
}
Event: 8.989 GC heap after
{Heap after GC invocations=4 (full 0):
 garbage-first heap   total 131072K, used 8039K [0x0000000081c00000, 0x0000000100000000)
  region size 1024K, 5 young (5120K), 5 survivors (5120K)
 Metaspace       used 20880K, capacity 21179K, committed 21296K, reserved 1069056K
  class space    used 2235K, capacity 2360K, committed 2432K, reserved 1048576K
}
Event: 13.041 GC heap before
{Heap before GC invocations=5 (full 0):
 garbage-first heap   total 131072K, used 80743K [0x0000000081c00000, 0x0000000100000000)
  region size 1024K, 76 young (77824K), 5 survivors (5120K)
 Metaspace       used 21719K, capacity 22011K, committed 22320K, reserved 1069056K
  class space    used 2279K, capacity 2400K, committed 2432K, reserved 1048576K
}
Event: 13.063 GC heap after
{Heap after GC invocations=6 (full 0):
 garbage-first heap   total 131072K, used 15264K [0x0000000081c00000, 0x0000000100000000)
  region size 1024K, 10 young (10240K), 10 survivors (10240K)
 Metaspace       used 21719K, capacity 22011K, committed 22320K, reserved 1069056K
  class space    used 2279K, capacity 2400K, committed 2432K, reserved 1048576K
}
Event: 20.258 GC heap before
{Heap before GC invocations=6 (full 0):
 garbage-first heap   total 131072K, used 82848K [0x0000000081c00000, 0x0000000100000000)
  region size 1024K, 76 young (77824K), 10 survivors (10240K)
 Metaspace       used 22271K, capacity 22664K, committed 22832K, reserved 1069056K
  class space    used 2296K, capacity 2404K, committed 2432K, reserved 1048576K
}
Event: 20.284 GC heap after
{Heap after GC invocations=7 (full 0):
 garbage-first heap   total 131072K, used 20480K [0x0000000081c00000, 0x0000000100000000)
  region size 1024K, 5 young (5120K), 5 survivors (5120K)
 Metaspace       used 22271K, capacity 22664K, committed 22832K, reserved 1069056K
  class space    used 2296K, capacity 2404K, committed 2432K, reserved 1048576K
}
Event: 23.976 GC heap before
{Heap before GC invocations=7 (full 0):
 garbage-first heap   total 131072K, used 90112K [0x0000000081c00000, 0x0000000100000000)
  region size 1024K, 73 young (74752K), 5 survivors (5120K)
 Metaspace       used 23963K, capacity 24434K, committed 24624K, reserved 1071104K
  class space    used 2436K, capacity 2614K, committed 2688K, reserved 1048576K
}
Event: 24.014 GC heap after
{Heap after GC invocations=8 (full 0):
 garbage-first heap   total 131072K, used 24576K [0x0000000081c00000, 0x0000000100000000)
  region size 1024K, 9 young (9216K), 9 survivors (9216K)
 Metaspace       used 23963K, capacity 24434K, committed 24624K, reserved 1071104K
  class space    used 2436K, capacity 2614K, committed 2688K, reserved 1048576K
}

