# JRE version: Java(TM) SE Runtime Environment (11.0.6+8) (build 11.0.6+8-LTS)
# Java VM: Java HotSpot(TM) 64-Bit Server VM (11.0.6+8-LTS, mixed mode, tiered, compressed oops, g1 gc, windows-amd64)
Heap:
 garbage-first heap   total 201728K, used 21257K [0x0000000081c00000, 0x0000000100000000)
  region size 1024K, 9 young (9216K), 9 survivors (9216K)
 Metaspace       used 49801K, capacity 50949K, committed 51120K, reserved 1093632K
  class space    used 6438K, capacity 6905K, committed 6912K, reserved 1048576K
GC Heap History (10 events):
Event: 1.242 GC heap after
{Heap after GC invocations=5 (full 0):
 garbage-first heap   total 131072K, used 8821K [0x0000000081c00000, 0x0000000100000000)
  region size 1024K, 3 young (3072K), 3 survivors (3072K)
 Metaspace       used 20690K, capacity 21145K, committed 21296K, reserved 1069056K
  class space    used 2449K, capacity 2640K, committed 2688K, reserved 1048576K
}
Event: 1.510 GC heap before
{Heap before GC invocations=6 (full 0):
 garbage-first heap   total 131072K, used 65141K [0x0000000081c00000, 0x0000000100000000)
  region size 1024K, 59 young (60416K), 3 survivors (3072K)
 Metaspace       used 23359K, capacity 23968K, committed 24240K, reserved 1071104K
  class space    used 2794K, capacity 3006K, committed 3072K, reserved 1048576K
}
Event: 1.517 GC heap after
{Heap after GC invocations=7 (full 0):
 garbage-first heap   total 157696K, used 9833K [0x0000000081c00000, 0x0000000100000000)
  region size 1024K, 4 young (4096K), 4 survivors (4096K)
 Metaspace       used 23359K, capacity 23968K, committed 24240K, reserved 1071104K
  class space    used 2794K, capacity 3006K, committed 3072K, reserved 1048576K
}
Event: 2.277 GC heap before
{Heap before GC invocations=7 (full 0):
 garbage-first heap   total 157696K, used 81513K [0x0000000081c00000, 0x0000000100000000)
  region size 1024K, 74 young (75776K), 4 survivors (4096K)
 Metaspace       used 27220K, capacity 28048K, committed 28208K, reserved 1073152K
  class space    used 3381K, capacity 3678K, committed 3712K, reserved 1048576K
}
Event: 2.284 GC heap after
{Heap after GC invocations=8 (full 0):
 garbage-first heap   total 157696K, used 12659K [0x0000000081c00000, 0x0000000100000000)
  region size 1024K, 7 young (7168K), 7 survivors (7168K)
 Metaspace       used 27220K, capacity 28048K, committed 28208K, reserved 1073152K
  class space    used 3381K, capacity 3678K, committed 3712K, reserved 1048576K
}
Event: 3.037 GC heap before
{Heap before GC invocations=8 (full 0):
 garbage-first heap   total 157696K, used 92531K [0x0000000081c00000, 0x0000000100000000)
  region size 1024K, 86 young (88064K), 7 survivors (7168K)
 Metaspace       used 32679K, capacity 33708K, committed 33840K, reserved 1079296K
  class space    used 4045K, capacity 4427K, committed 4480K, reserved 1048576K
}
Event: 3.048 GC heap after
{Heap after GC invocations=9 (full 0):
 garbage-first heap   total 157696K, used 15816K [0x0000000081c00000, 0x0000000100000000)
  region size 1024K, 8 young (8192K), 8 survivors (8192K)
 Metaspace       used 32679K, capacity 33708K, committed 33840K, reserved 1079296K
  class space    used 4045K, capacity 4427K, committed 4480K, reserved 1048576K
}
Event: 3.250 GC heap before
{Heap before GC invocations=9 (full 0):
 garbage-first heap   total 157696K, used 68040K [0x0000000081c00000, 0x0000000100000000)
  region size 1024K, 61 young (62464K), 8 survivors (8192K)
 Metaspace       used 34728K, capacity 35797K, committed 35888K, reserved 1081344K
  class space    used 4242K, capacity 4677K, committed 4736K, reserved 1048576K
}
Event: 3.264 GC heap after
{Heap after GC invocations=10 (full 0):
 garbage-first heap   total 157696K, used 17667K [0x0000000081c00000, 0x0000000100000000)
  region size 1024K, 8 young (8192K), 8 survivors (8192K)
 Metaspace       used 34728K, capacity 35797K, committed 35888K, reserved 1081344K
  class space    used 4242K, capacity 4677K, committed 4736K, reserved 1048576K
}
Event: 4.347 GC heap before
{Heap before GC invocations=11 (full 0):
 garbage-first heap   total 157696K, used 102659K [0x0000000081c00000, 0x0000000100000000)
  region size 1024K, 91 young (93184K), 8 survivors (8192K)
 Metaspace       used 49801K, capacity 50949K, committed 51120K, reserved 1093632K
  class space    used 6438K, capacity 6905K, committed 6912K, reserved 1048576K
}

