# JRE version: Java(TM) SE Runtime Environment (11.0.6+8) (build 11.0.6+8-LTS)
# Java VM: Java HotSpot(TM) 64-Bit Server VM (11.0.6+8-LTS, mixed mode, tiered, compressed oops, g1 gc, windows-amd64)
Heap:
 garbage-first heap   total 157696K, used 18152K [0x0000000081c00000, 0x0000000100000000)
  region size 1024K, 5 young (5120K), 5 survivors (5120K)
 Metaspace       used 35766K, capacity 36765K, committed 36968K, reserved 1089536K
  class space    used 4336K, capacity 4744K, committed 4864K, reserved 1048576K
GC Heap History (10 events):
Event: 3.324 GC heap before
{Heap before GC invocations=5 (full 0):
 garbage-first heap   total 131072K, used 82627K [0x0000000081c00000, 0x0000000100000000)
  region size 1024K, 76 young (77824K), 3 survivors (3072K)
 Metaspace       used 23794K, capacity 24469K, committed 24624K, reserved 1071104K
  class space    used 2858K, capacity 3082K, committed 3200K, reserved 1048576K
}
Event: 3.332 GC heap after
{Heap after GC invocations=6 (full 0):
 garbage-first heap   total 131072K, used 10357K [0x0000000081c00000, 0x0000000100000000)
  region size 1024K, 5 young (5120K), 5 survivors (5120K)
 Metaspace       used 23794K, capacity 24469K, committed 24624K, reserved 1071104K
  class space    used 2858K, capacity 3082K, committed 3200K, reserved 1048576K
}
Event: 4.376 GC heap before
{Heap before GC invocations=6 (full 0):
 garbage-first heap   total 131072K, used 83061K [0x0000000081c00000, 0x0000000100000000)
  region size 1024K, 76 young (77824K), 5 survivors (5120K)
 Metaspace       used 29436K, capacity 30280K, committed 30640K, reserved 1075200K
  class space    used 3657K, capacity 3986K, committed 4096K, reserved 1048576K
}
Event: 4.387 GC heap after
{Heap after GC invocations=7 (full 0):
 garbage-first heap   total 157696K, used 13942K [0x0000000081c00000, 0x0000000100000000)
  region size 1024K, 8 young (8192K), 8 survivors (8192K)
 Metaspace       used 29436K, capacity 30280K, committed 30640K, reserved 1075200K
  class space    used 3657K, capacity 3986K, committed 4096K, reserved 1048576K
}
Event: 4.963 GC heap before
{Heap before GC invocations=7 (full 0):
 garbage-first heap   total 157696K, used 98934K [0x0000000081c00000, 0x0000000100000000)
  region size 1024K, 92 young (94208K), 8 survivors (8192K)
 Metaspace       used 32676K, capacity 33708K, committed 33840K, reserved 1079296K
  class space    used 4045K, capacity 4427K, committed 4480K, reserved 1048576K
}
Event: 4.976 GC heap after
{Heap after GC invocations=8 (full 0):
 garbage-first heap   total 157696K, used 16419K [0x0000000081c00000, 0x0000000100000000)
  region size 1024K, 8 young (8192K), 8 survivors (8192K)
 Metaspace       used 32676K, capacity 33708K, committed 33840K, reserved 1079296K
  class space    used 4045K, capacity 4427K, committed 4480K, reserved 1048576K
}
Event: 5.228 GC heap before
{Heap before GC invocations=8 (full 0):
 garbage-first heap   total 157696K, used 45091K [0x0000000081c00000, 0x0000000100000000)
  region size 1024K, 38 young (38912K), 8 survivors (8192K)
 Metaspace       used 34728K, capacity 35797K, committed 35888K, reserved 1081344K
  class space    used 4243K, capacity 4677K, committed 4736K, reserved 1048576K
}
Event: 5.240 GC heap after
{Heap after GC invocations=9 (full 0):
 garbage-first heap   total 157696K, used 18037K [0x0000000081c00000, 0x0000000100000000)
  region size 1024K, 8 young (8192K), 8 survivors (8192K)
 Metaspace       used 34728K, capacity 35797K, committed 35888K, reserved 1081344K
  class space    used 4243K, capacity 4677K, committed 4736K, reserved 1048576K
}
Event: 5.293 GC heap before
{Heap before GC invocations=10 (full 0):
 garbage-first heap   total 157696K, used 21109K [0x0000000081c00000, 0x0000000100000000)
  region size 1024K, 12 young (12288K), 8 survivors (8192K)
 Metaspace       used 35766K, capacity 36765K, committed 36968K, reserved 1087488K
  class space    used 4336K, capacity 4744K, committed 4864K, reserved 1048576K
}
Event: 5.303 GC heap after
{Heap after GC invocations=11 (full 0):
 garbage-first heap   total 157696K, used 18152K [0x0000000081c00000, 0x0000000100000000)
  region size 1024K, 5 young (5120K), 5 survivors (5120K)
 Metaspace       used 35766K, capacity 36765K, committed 36968K, reserved 1087488K
  class space    used 4336K, capacity 4744K, committed 4864K, reserved 1048576K
}

