# JRE version: OpenJDK Runtime Environment (11.0.6+8) (build 11.0.6+8-b520.43)
# Java VM: OpenJDK 64-Bit Server VM (11.0.6+8-b520.43, mixed mode, sharing, tiered, compressed oops, g1 gc, windows-amd64)
Heap:
 garbage-first heap   total 131072K, used 51207K [0x0000000081c00000, 0x0000000100000000)
  region size 1024K, 37 young (37888K), 6 survivors (6144K)
 Metaspace       used 17784K, capacity 18375K, committed 18560K, reserved 1064960K
  class space    used 1993K, capacity 2168K, committed 2176K, reserved 1048576K
GC Heap History (12 events):
Event: 1.122 GC heap before
{Heap before GC invocations=0 (full 0):
 garbage-first heap   total 131072K, used 13312K [0x0000000081c00000, 0x0000000100000000)
  region size 1024K, 14 young (14336K), 0 survivors (0K)
 Metaspace       used 4181K, capacity 6382K, committed 6656K, reserved 1056768K
  class space    used 430K, capacity 685K, committed 768K, reserved 1048576K
}
Event: 1.127 GC heap after
{Heap after GC invocations=1 (full 0):
 garbage-first heap   total 131072K, used 3435K [0x0000000081c00000, 0x0000000100000000)
  region size 1024K, 2 young (2048K), 2 survivors (2048K)
 Metaspace       used 4181K, capacity 6382K, committed 6656K, reserved 1056768K
  class space    used 430K, capacity 685K, committed 768K, reserved 1048576K
}
Event: 1.306 GC heap before
{Heap before GC invocations=1 (full 0):
 garbage-first heap   total 131072K, used 9579K [0x0000000081c00000, 0x0000000100000000)
  region size 1024K, 8 young (8192K), 2 survivors (2048K)
 Metaspace       used 5715K, capacity 7514K, committed 7808K, reserved 1056768K
  class space    used 640K, capacity 849K, committed 896K, reserved 1048576K
}
Event: 1.310 GC heap after
{Heap after GC invocations=2 (full 0):
 garbage-first heap   total 131072K, used 4081K [0x0000000081c00000, 0x0000000100000000)
  region size 1024K, 1 young (1024K), 1 survivors (1024K)
 Metaspace       used 5715K, capacity 7514K, committed 7808K, reserved 1056768K
  class space    used 640K, capacity 849K, committed 896K, reserved 1048576K
}
Event: 1.932 GC heap before
{Heap before GC invocations=2 (full 0):
 garbage-first heap   total 131072K, used 27633K [0x0000000081c00000, 0x0000000100000000)
  region size 1024K, 24 young (24576K), 1 survivors (1024K)
 Metaspace       used 7852K, capacity 9344K, committed 9600K, reserved 1058816K
  class space    used 918K, capacity 1113K, committed 1152K, reserved 1048576K
}
Event: 1.935 GC heap after
{Heap after GC invocations=3 (full 0):
 garbage-first heap   total 131072K, used 4796K [0x0000000081c00000, 0x0000000100000000)
  region size 1024K, 1 young (1024K), 1 survivors (1024K)
 Metaspace       used 7852K, capacity 9344K, committed 9600K, reserved 1058816K
  class space    used 918K, capacity 1113K, committed 1152K, reserved 1048576K
}
Event: 3.463 GC heap before
{Heap before GC invocations=3 (full 0):
 garbage-first heap   total 131072K, used 61116K [0x0000000081c00000, 0x0000000100000000)
  region size 1024K, 56 young (57344K), 1 survivors (1024K)
 Metaspace       used 13402K, capacity 14488K, committed 14592K, reserved 1062912K
  class space    used 1562K, capacity 1747K, committed 1792K, reserved 1048576K
}
Event: 3.477 GC heap after
{Heap after GC invocations=4 (full 0):
 garbage-first heap   total 131072K, used 10085K [0x0000000081c00000, 0x0000000100000000)
  region size 1024K, 7 young (7168K), 7 survivors (7168K)
 Metaspace       used 13402K, capacity 14488K, committed 14592K, reserved 1062912K
  class space    used 1562K, capacity 1747K, committed 1792K, reserved 1048576K
}
Event: 4.605 GC heap before
{Heap before GC invocations=4 (full 0):
 garbage-first heap   total 131072K, used 73573K [0x0000000081c00000, 0x0000000100000000)
  region size 1024K, 69 young (70656K), 7 survivors (7168K)
 Metaspace       used 14024K, capacity 14935K, committed 15104K, reserved 1062912K
  class space    used 1594K, capacity 1788K, committed 1792K, reserved 1048576K
}
Event: 4.629 GC heap after
{Heap after GC invocations=5 (full 0):
 garbage-first heap   total 131072K, used 16084K [0x0000000081c00000, 0x0000000100000000)
  region size 1024K, 6 young (6144K), 6 survivors (6144K)
 Metaspace       used 14024K, capacity 14935K, committed 15104K, reserved 1062912K
  class space    used 1594K, capacity 1788K, committed 1792K, reserved 1048576K
}
Event: 6.442 GC heap before
{Heap before GC invocations=5 (full 0):
 garbage-first heap   total 131072K, used 86740K [0x0000000081c00000, 0x0000000100000000)
  region size 1024K, 75 young (76800K), 6 survivors (6144K)
 Metaspace       used 14532K, capacity 15390K, committed 15616K, reserved 1062912K
  class space    used 1609K, capacity 1790K, committed 1792K, reserved 1048576K
}
Event: 6.460 GC heap after
{Heap after GC invocations=6 (full 0):
 garbage-first heap   total 131072K, used 21511K [0x0000000081c00000, 0x0000000100000000)
  region size 1024K, 6 young (6144K), 6 survivors (6144K)
 Metaspace       used 14532K, capacity 15390K, committed 15616K, reserved 1062912K
  class space    used 1609K, capacity 1790K, committed 1792K, reserved 1048576K
}

