# JRE version: Java(TM) SE Runtime Environment (11.0.6+8) (build 11.0.6+8-LTS)
# Java VM: Java HotSpot(TM) 64-Bit Server VM (11.0.6+8-LTS, mixed mode, tiered, compressed oops, g1 gc, windows-amd64)
Heap:
 garbage-first heap   total 131072K, used 23182K [0x0000000081c00000, 0x0000000100000000)
  region size 1024K, 19 young (19456K), 8 survivors (8192K)
 Metaspace       used 21540K, capacity 21918K, committed 22064K, reserved 1069056K
  class space    used 2255K, capacity 2392K, committed 2432K, reserved 1048576K
GC Heap History (10 events):
Event: 1.804 GC heap before
{Heap before GC invocations=0 (full 0):
 garbage-first heap   total 131072K, used 14336K [0x0000000081c00000, 0x0000000100000000)
  region size 1024K, 14 young (14336K), 0 survivors (0K)
 Metaspace       used 11506K, capacity 11794K, committed 12032K, reserved 1060864K
  class space    used 1095K, capacity 1231K, committed 1280K, reserved 1048576K
}
Event: 1.815 GC heap after
{Heap after GC invocations=1 (full 0):
 garbage-first heap   total 131072K, used 3155K [0x0000000081c00000, 0x0000000100000000)
  region size 1024K, 2 young (2048K), 2 survivors (2048K)
 Metaspace       used 11506K, capacity 11794K, committed 12032K, reserved 1060864K
  class space    used 1095K, capacity 1231K, committed 1280K, reserved 1048576K
}
Event: 2.176 GC heap before
{Heap before GC invocations=1 (full 0):
 garbage-first heap   total 131072K, used 13395K [0x0000000081c00000, 0x0000000100000000)
  region size 1024K, 12 young (12288K), 2 survivors (2048K)
 Metaspace       used 13283K, capacity 13534K, committed 13824K, reserved 1060864K
  class space    used 1345K, capacity 1427K, committed 1536K, reserved 1048576K
}
Event: 2.181 GC heap after
{Heap after GC invocations=2 (full 0):
 garbage-first heap   total 131072K, used 3933K [0x0000000081c00000, 0x0000000100000000)
  region size 1024K, 1 young (1024K), 1 survivors (1024K)
 Metaspace       used 13283K, capacity 13534K, committed 13824K, reserved 1060864K
  class space    used 1345K, capacity 1427K, committed 1536K, reserved 1048576K
}
Event: 3.131 GC heap before
{Heap before GC invocations=2 (full 0):
 garbage-first heap   total 131072K, used 32605K [0x0000000081c00000, 0x0000000100000000)
  region size 1024K, 29 young (29696K), 1 survivors (1024K)
 Metaspace       used 16915K, capacity 17231K, committed 17408K, reserved 1064960K
  class space    used 1800K, capacity 1952K, committed 2048K, reserved 1048576K
}
Event: 3.135 GC heap after
{Heap after GC invocations=3 (full 0):
 garbage-first heap   total 131072K, used 4997K [0x0000000081c00000, 0x0000000100000000)
  region size 1024K, 2 young (2048K), 2 survivors (2048K)
 Metaspace       used 16915K, capacity 17231K, committed 17408K, reserved 1064960K
  class space    used 1800K, capacity 1952K, committed 2048K, reserved 1048576K
}
Event: 5.025 GC heap before
{Heap before GC invocations=3 (full 0):
 garbage-first heap   total 131072K, used 35717K [0x0000000081c00000, 0x0000000100000000)
  region size 1024K, 33 young (33792K), 2 survivors (2048K)
 Metaspace       used 20843K, capacity 21161K, committed 21296K, reserved 1069056K
  class space    used 2223K, capacity 2354K, committed 2432K, reserved 1048576K
}
Event: 5.038 GC heap after
{Heap after GC invocations=4 (full 0):
 garbage-first heap   total 131072K, used 8766K [0x0000000081c00000, 0x0000000100000000)
  region size 1024K, 6 young (6144K), 6 survivors (6144K)
 Metaspace       used 20843K, capacity 21161K, committed 21296K, reserved 1069056K
  class space    used 2223K, capacity 2354K, committed 2432K, reserved 1048576K
}
Event: 8.251 GC heap before
{Heap before GC invocations=5 (full 0):
 garbage-first heap   total 131072K, used 60990K [0x0000000081c00000, 0x0000000100000000)
  region size 1024K, 57 young (58368K), 6 survivors (6144K)
 Metaspace       used 21453K, capacity 21854K, committed 22064K, reserved 1069056K
  class space    used 2255K, capacity 2392K, committed 2432K, reserved 1048576K
}
Event: 8.267 GC heap after
{Heap after GC invocations=6 (full 0):
 garbage-first heap   total 131072K, used 12942K [0x0000000081c00000, 0x0000000100000000)
  region size 1024K, 8 young (8192K), 8 survivors (8192K)
 Metaspace       used 21453K, capacity 21854K, committed 22064K, reserved 1069056K
  class space    used 2255K, capacity 2392K, committed 2432K, reserved 1048576K
}

