# JRE version: Java(TM) SE Runtime Environment (11.0.6+8) (build 11.0.6+8-LTS)
# Java VM: Java HotSpot(TM) 64-Bit Server VM (11.0.6+8-LTS, mixed mode, tiered, compressed oops, g1 gc, windows-amd64)
Heap:
 garbage-first heap   total 157696K, used 76261K [0x0000000081c00000, 0x0000000100000000)
  region size 1024K, 62 young (63488K), 6 survivors (6144K)
 Metaspace       used 23348K, capacity 23830K, committed 24112K, reserved 1071104K
  class space    used 2400K, capacity 2582K, committed 2688K, reserved 1048576K
GC Heap History (10 events):
Event: 1.356 GC heap before
{Heap before GC invocations=2 (full 0):
 garbage-first heap   total 131072K, used 26304K [0x0000000081c00000, 0x0000000100000000)
  region size 1024K, 23 young (23552K), 1 survivors (1024K)
 Metaspace       used 14805K, capacity 15100K, committed 15232K, reserved 1062912K
  class space    used 1520K, capacity 1627K, committed 1664K, reserved 1048576K
}
Event: 1.358 GC heap after
{Heap after GC invocations=3 (full 0):
 garbage-first heap   total 131072K, used 4367K [0x0000000081c00000, 0x0000000100000000)
  region size 1024K, 2 young (2048K), 2 survivors (2048K)
 Metaspace       used 14805K, capacity 15100K, committed 15232K, reserved 1062912K
  class space    used 1520K, capacity 1627K, committed 1664K, reserved 1048576K
}
Event: 2.446 GC heap before
{Heap before GC invocations=3 (full 0):
 garbage-first heap   total 131072K, used 46351K [0x0000000081c00000, 0x0000000100000000)
  region size 1024K, 43 young (44032K), 2 survivors (2048K)
 Metaspace       used 20793K, capacity 21119K, committed 21296K, reserved 1069056K
  class space    used 2234K, capacity 2360K, committed 2432K, reserved 1048576K
}
Event: 2.454 GC heap after
{Heap after GC invocations=4 (full 0):
 garbage-first heap   total 131072K, used 7957K [0x0000000081c00000, 0x0000000100000000)
  region size 1024K, 5 young (5120K), 5 survivors (5120K)
 Metaspace       used 20793K, capacity 21119K, committed 21296K, reserved 1069056K
  class space    used 2234K, capacity 2360K, committed 2432K, reserved 1048576K
}
Event: 2.537 GC heap before
{Heap before GC invocations=4 (full 0):
 garbage-first heap   total 131072K, used 10005K [0x0000000081c00000, 0x0000000100000000)
  region size 1024K, 8 young (8192K), 5 survivors (5120K)
 Metaspace       used 20848K, capacity 21122K, committed 21296K, reserved 1069056K
  class space    used 2235K, capacity 2361K, committed 2432K, reserved 1048576K
}
Event: 2.544 GC heap after
{Heap after GC invocations=5 (full 0):
 garbage-first heap   total 131072K, used 8601K [0x0000000081c00000, 0x0000000100000000)
  region size 1024K, 6 young (6144K), 6 survivors (6144K)
 Metaspace       used 20848K, capacity 21122K, committed 21296K, reserved 1069056K
  class space    used 2235K, capacity 2361K, committed 2432K, reserved 1048576K
}
Event: 3.219 GC heap before
{Heap before GC invocations=6 (full 0):
 garbage-first heap   total 131072K, used 66969K [0x0000000081c00000, 0x0000000100000000)
  region size 1024K, 63 young (64512K), 6 survivors (6144K)
 Metaspace       used 21548K, capacity 21814K, committed 22064K, reserved 1069056K
  class space    used 2274K, capacity 2397K, committed 2432K, reserved 1048576K
}
Event: 3.236 GC heap after
{Heap after GC invocations=7 (full 0):
 garbage-first heap   total 131072K, used 14204K [0x0000000081c00000, 0x0000000100000000)
  region size 1024K, 8 young (8192K), 8 survivors (8192K)
 Metaspace       used 21548K, capacity 21814K, committed 22064K, reserved 1069056K
  class space    used 2274K, capacity 2397K, committed 2432K, reserved 1048576K
}
Event: 4.070 GC heap before
{Heap before GC invocations=7 (full 0):
 garbage-first heap   total 131072K, used 79740K [0x0000000081c00000, 0x0000000100000000)
  region size 1024K, 72 young (73728K), 8 survivors (8192K)
 Metaspace       used 22086K, capacity 22476K, committed 22576K, reserved 1069056K
  class space    used 2293K, capacity 2404K, committed 2432K, reserved 1048576K
}
Event: 4.091 GC heap after
{Heap after GC invocations=8 (full 0):
 garbage-first heap   total 157696K, used 19941K [0x0000000081c00000, 0x0000000100000000)
  region size 1024K, 6 young (6144K), 6 survivors (6144K)
 Metaspace       used 22086K, capacity 22476K, committed 22576K, reserved 1069056K
  class space    used 2293K, capacity 2404K, committed 2432K, reserved 1048576K
}

