# JRE version: Java(TM) SE Runtime Environment (11.0.6+8) (build 11.0.6+8-LTS)
# Java VM: Java HotSpot(TM) 64-Bit Server VM (11.0.6+8-LTS, mixed mode, tiered, compressed oops, g1 gc, windows-amd64)
Heap:
 garbage-first heap   total 131072K, used 39471K [0x0000000081c00000, 0x0000000100000000)
  region size 1024K, 37 young (37888K), 2 survivors (2048K)
 Metaspace       used 20792K, capacity 21161K, committed 21296K, reserved 1069056K
  class space    used 2223K, capacity 2354K, committed 2432K, reserved 1048576K
GC Heap History (6 events):
Event: 1.642 GC heap before
{Heap before GC invocations=0 (full 0):
 garbage-first heap   total 131072K, used 14336K [0x0000000081c00000, 0x0000000100000000)
  region size 1024K, 14 young (14336K), 0 survivors (0K)
 Metaspace       used 11513K, capacity 11698K, committed 12032K, reserved 1060864K
  class space    used 1090K, capacity 1199K, committed 1280K, reserved 1048576K
}
Event: 1.647 GC heap after
{Heap after GC invocations=1 (full 0):
 garbage-first heap   total 131072K, used 3144K [0x0000000081c00000, 0x0000000100000000)
  region size 1024K, 2 young (2048K), 2 survivors (2048K)
 Metaspace       used 11513K, capacity 11698K, committed 12032K, reserved 1060864K
  class space    used 1090K, capacity 1199K, committed 1280K, reserved 1048576K
}
Event: 1.867 GC heap before
{Heap before GC invocations=1 (full 0):
 garbage-first heap   total 131072K, used 10312K [0x0000000081c00000, 0x0000000100000000)
  region size 1024K, 9 young (9216K), 2 survivors (2048K)
 Metaspace       used 13190K, capacity 13406K, committed 13568K, reserved 1060864K
  class space    used 1324K, capacity 1427K, committed 1536K, reserved 1048576K
}
Event: 1.870 GC heap after
{Heap after GC invocations=2 (full 0):
 garbage-first heap   total 131072K, used 3890K [0x0000000081c00000, 0x0000000100000000)
  region size 1024K, 1 young (1024K), 1 survivors (1024K)
 Metaspace       used 13190K, capacity 13406K, committed 13568K, reserved 1060864K
  class space    used 1324K, capacity 1427K, committed 1536K, reserved 1048576K
}
Event: 2.619 GC heap before
{Heap before GC invocations=2 (full 0):
 garbage-first heap   total 131072K, used 28466K [0x0000000081c00000, 0x0000000100000000)
  region size 1024K, 26 young (26624K), 1 survivors (1024K)
 Metaspace       used 15919K, capacity 16203K, committed 16512K, reserved 1064960K
  class space    used 1677K, capacity 1824K, committed 1920K, reserved 1048576K
}
Event: 2.622 GC heap after
{Heap after GC invocations=3 (full 0):
 garbage-first heap   total 131072K, used 4655K [0x0000000081c00000, 0x0000000100000000)
  region size 1024K, 2 young (2048K), 2 survivors (2048K)
 Metaspace       used 15919K, capacity 16203K, committed 16512K, reserved 1064960K
  class space    used 1677K, capacity 1824K, committed 1920K, reserved 1048576K
}

