# JRE version: Java(TM) SE Runtime Environment (11.0.6+8) (build 11.0.6+8-LTS)
# Java VM: Java HotSpot(TM) 64-Bit Server VM (11.0.6+8-LTS, mixed mode, tiered, compressed oops, g1 gc, windows-amd64)
Heap:
 garbage-first heap   total 131072K, used 37550K [0x0000000081c00000, 0x0000000100000000)
  region size 1024K, 35 young (35840K), 5 survivors (5120K)
 Metaspace       used 21313K, capacity 21639K, committed 21808K, reserved 1071104K
  class space    used 2258K, capacity 2361K, committed 2432K, reserved 1048576K
GC Heap History (8 events):
Event: 1.300 GC heap before
{Heap before GC invocations=0 (full 0):
 garbage-first heap   total 131072K, used 13312K [0x0000000081c00000, 0x0000000100000000)
  region size 1024K, 14 young (14336K), 0 survivors (0K)
 Metaspace       used 11487K, capacity 11727K, committed 12032K, reserved 1060864K
  class space    used 1088K, capacity 1168K, committed 1280K, reserved 1048576K
}
Event: 1.313 GC heap after
{Heap after GC invocations=1 (full 0):
 garbage-first heap   total 131072K, used 3235K [0x0000000081c00000, 0x0000000100000000)
  region size 1024K, 2 young (2048K), 2 survivors (2048K)
 Metaspace       used 11487K, capacity 11727K, committed 12032K, reserved 1060864K
  class space    used 1088K, capacity 1168K, committed 1280K, reserved 1048576K
}
Event: 1.617 GC heap before
{Heap before GC invocations=1 (full 0):
 garbage-first heap   total 131072K, used 12451K [0x0000000081c00000, 0x0000000100000000)
  region size 1024K, 11 young (11264K), 2 survivors (2048K)
 Metaspace       used 13462K, capacity 13659K, committed 13824K, reserved 1060864K
  class space    used 1358K, capacity 1428K, committed 1536K, reserved 1048576K
}
Event: 1.622 GC heap after
{Heap after GC invocations=2 (full 0):
 garbage-first heap   total 131072K, used 3738K [0x0000000081c00000, 0x0000000100000000)
  region size 1024K, 1 young (1024K), 1 survivors (1024K)
 Metaspace       used 13462K, capacity 13659K, committed 13824K, reserved 1060864K
  class space    used 1358K, capacity 1428K, committed 1536K, reserved 1048576K
}
Event: 2.937 GC heap before
{Heap before GC invocations=2 (full 0):
 garbage-first heap   total 131072K, used 32410K [0x0000000081c00000, 0x0000000100000000)
  region size 1024K, 29 young (29696K), 1 survivors (1024K)
 Metaspace       used 16766K, capacity 17049K, committed 17280K, reserved 1067008K
  class space    used 1775K, capacity 1893K, committed 1920K, reserved 1048576K
}
Event: 2.942 GC heap after
{Heap after GC invocations=3 (full 0):
 garbage-first heap   total 131072K, used 4906K [0x0000000081c00000, 0x0000000100000000)
  region size 1024K, 2 young (2048K), 2 survivors (2048K)
 Metaspace       used 16766K, capacity 17049K, committed 17280K, reserved 1067008K
  class space    used 1775K, capacity 1893K, committed 1920K, reserved 1048576K
}
Event: 5.418 GC heap before
{Heap before GC invocations=3 (full 0):
 garbage-first heap   total 131072K, used 33578K [0x0000000081c00000, 0x0000000100000000)
  region size 1024K, 31 young (31744K), 2 survivors (2048K)
 Metaspace       used 20830K, capacity 21116K, committed 21296K, reserved 1069056K
  class space    used 2234K, capacity 2359K, committed 2432K, reserved 1048576K
}
Event: 5.436 GC heap after
{Heap after GC invocations=4 (full 0):
 garbage-first heap   total 131072K, used 7854K [0x0000000081c00000, 0x0000000100000000)
  region size 1024K, 5 young (5120K), 5 survivors (5120K)
 Metaspace       used 20830K, capacity 21116K, committed 21296K, reserved 1069056K
  class space    used 2234K, capacity 2359K, committed 2432K, reserved 1048576K
}

